<?xml version="1.0" encoding="UTF-8"?>
<TestRun id="bc827639-9f9d-4eed-a8b7-d97978180306" name="JClaes@JCLAES-PC 2011-10-24 07:33:17" runUser="JClaes-PC\JClaes" xmlns="http://microsoft.com/schemas/VisualStudio/TeamTest/2010">
  <TestSettings name="Local" id="ab47060e-8f44-4890-bca8-a8d97dbd8c88">
    <Description>These are default test settings for a local test run.</Description>
    <Deployment enabled="false" runDeploymentRoot="JClaes_JCLAES-PC 2011-10-24 07_33_17">
      <DeploymentItem filename="C:\Users\JClaes\Docary\Docary\Docary\bin\Docary.dll" />
      <DeploymentItem filename="C:\Users\JClaes\Docary\Docary\packages\EntityFramework.4.1.10331.0\lib\EntityFramework.dll" />
      <DeploymentItem filename="C:\Users\JClaes\Docary\Docary\Docary.Assemblers\Lib\AutoMapper.dll" />
      <DeploymentItem filename="C:\Users\JClaes\Docary\Docary\Docary.ViewModelExtractors\bin\Debug\Docary.ViewModelExtractors.dll" />
      <DeploymentItem filename="C:\Users\JClaes\Docary\Docary\Docary\Lib\WebActivator.dll" />
      <DeploymentItem filename="C:\Users\JClaes\Docary\Docary\Docary\Lib\Ninject.Web.Mvc.dll" />
      <DeploymentItem filename="C:\Users\JClaes\Docary\Docary\Docary.Services\Lib\EntityFramework.dll" />
      <DeploymentItem filename="C:\Users\JClaes\Docary\Docary\Docary.MvcExtensions\bin\Debug\Docary.MvcExtensions.dll" />
      <DeploymentItem filename="C:\Users\JClaes\Docary\Docary\Docary\Lib\Ninject.dll" />
      <DeploymentItem filename="C:\Users\JClaes\Docary\Docary\Docary.ViewModels\bin\Debug\Docary.ViewModels.dll" />
      <DeploymentItem filename="C:\Users\JClaes\Docary\Docary\Docary.Assemblers\bin\Debug\Docary.ViewModelAssemblers.dll" />
      <DeploymentItem filename="C:\Users\JClaes\Docary\Docary\Docary.Services\bin\Debug\Docary.Services.dll" />
      <DeploymentItem filename="C:\Users\JClaes\Docary\Docary\Docary.Repositories.EF\bin\Debug\Docary.Repositories.EF.dll" />
      <DeploymentItem filename="C:\Users\JClaes\Docary\Docary\Docary.Models\bin\Debug\Docary.Models.dll" />
      <DeploymentItem filename="C:\Users\JClaes\Docary\Docary\Docary.Repositories\bin\Debug\Docary.Repositories.dll" />
    </Deployment>
    <Execution>
      <TestTypeSpecific />
      <AgentRule name="Execution Agents">
      </AgentRule>
    </Execution>
  </TestSettings>
  <Times creation="2011-10-24T07:33:17.1216785+02:00" queuing="2011-10-24T07:33:17.6988795+02:00" start="2011-10-24T07:33:17.7612796+02:00" finish="2011-10-24T07:33:19.2744823+02:00" />
  <ResultSummary outcome="Error">
    <Counters total="9" executed="9" passed="2" error="1" failed="0" timeout="0" aborted="6" inconclusive="0" passedButRunAborted="0" notRunnable="0" notExecuted="0" disconnected="0" warning="0" completed="0" inProgress="6" pending="0" />
  </ResultSummary>
  <TestDefinitions>
    <UnitTest name="Test_ExtractEntry_Extracts_Tag" storage="c:\users\jclaes\docary\docary\docary.viewmodelextractors.tests\bin\debug\docary.viewmodelextractors.tests.dll" id="3dbddf46-2b59-4a21-40ca-947f358b6c90">
      <Execution id="0259efeb-3e3f-41cb-b64e-e1e4c3e01137" />
      <TestMethod codeBase="C:/Users/JClaes/Docary/Docary/Docary.ViewModelExtractors.Tests/bin/Debug/Docary.ViewModelExtractors.Tests.DLL" adapterTypeName="Microsoft.VisualStudio.TestTools.TestTypes.Unit.UnitTestAdapter, Microsoft.VisualStudio.QualityTools.Tips.UnitTest.Adapter, Version=10.0.0.0, Culture=neutral, PublicKeyToken=b03f5f7f11d50a3a" className="Docary.ViewModelExtractors.Tests.AddEntryViewModelExtractorsTest, Docary.ViewModelExtractors.Tests, Version=1.0.0.0, Culture=neutral, PublicKeyToken=null" name="Test_ExtractEntry_Extracts_Tag" />
    </UnitTest>
    <UnitTest name="Test_AddEntry_Throws_ArgumentNullException_On_Null_Entry" storage="c:\users\jclaes\docary\docary\docary.services.tests\bin\debug\docary.services.tests.dll" id="af0d5136-9541-2efb-9ac2-5bd70ce52a5a">
      <Execution id="f7d98c31-52e7-498c-8507-213dfeb3645d" />
      <TestMethod codeBase="C:/Users/JClaes/Docary/Docary/Docary.Services.Tests/bin/Debug/Docary.Services.Tests.DLL" adapterTypeName="Microsoft.VisualStudio.TestTools.TestTypes.Unit.UnitTestAdapter, Microsoft.VisualStudio.QualityTools.Tips.UnitTest.Adapter, Version=10.0.0.0, Culture=neutral, PublicKeyToken=b03f5f7f11d50a3a" className="Docary.Services.Tests.EntryServiceTest, Docary.Services.Tests, Version=1.0.0.0, Culture=neutral, PublicKeyToken=null" name="Test_AddEntry_Throws_ArgumentNullException_On_Null_Entry" />
    </UnitTest>
    <UnitTest name="Test_Add_Redirects_To_Home_Index_Route_When_Entry_SuccessFully_Added" storage="c:\users\jclaes\docary\docary\docary.tests\bin\debug\docary.tests.dll" id="b7cf4c24-88dc-6011-d759-a9e0b317469a">
      <Execution id="de0e3a34-145c-434e-8a6b-99520edf3efe" />
      <TestMethod codeBase="C:/Users/JClaes/Docary/Docary/Docary.Tests/bin/Debug/Docary.Tests.DLL" adapterTypeName="Microsoft.VisualStudio.TestTools.TestTypes.Unit.UnitTestAdapter, Microsoft.VisualStudio.QualityTools.Tips.UnitTest.Adapter, Version=10.0.0.0, Culture=neutral, PublicKeyToken=b03f5f7f11d50a3a" className="Docary.Tests.EntryControllerTest, Docary.Tests, Version=1.0.0.0, Culture=neutral, PublicKeyToken=null" name="Test_Add_Redirects_To_Home_Index_Route_When_Entry_SuccessFully_Added" />
    </UnitTest>
    <UnitTest name="Test_AssembleHomeIndexViewModel_Groups_Entries_Correctly" storage="c:\users\jclaes\docary\docary\docary.viewmodelassemblers.test\bin\debug\docary.viewmodelassemblers.test.dll" id="0f52385b-e7ce-f320-44fa-d461cb1ee385">
      <Execution id="ae372697-33d9-4fe3-85c3-b22184dfdb6a" />
      <TestMethod codeBase="C:/Users/JClaes/Docary/Docary/Docary.ViewModelAssemblers.Test/bin/Debug/Docary.ViewModelAssemblers.Test.DLL" adapterTypeName="Microsoft.VisualStudio.TestTools.TestTypes.Unit.UnitTestAdapter, Microsoft.VisualStudio.QualityTools.Tips.UnitTest.Adapter, Version=10.0.0.0, Culture=neutral, PublicKeyToken=b03f5f7f11d50a3a" className="Docary.ViewModelAssemblers.Test.HomeAssemblerTest, Docary.ViewModelAssemblers.Test, Version=1.0.0.0, Culture=neutral, PublicKeyToken=null" name="Test_AssembleHomeIndexViewModel_Groups_Entries_Correctly" />
    </UnitTest>
    <UnitTest name="Test_AssembleHomeIndexViewModel_Initializes_EntryGroups" storage="c:\users\jclaes\docary\docary\docary.viewmodelassemblers.test\bin\debug\docary.viewmodelassemblers.test.dll" id="0f37dd21-a08e-6a1c-b08e-93b764b4cd66">
      <Execution id="27afb164-8675-4d86-81b1-a926daaeee56" />
      <TestMethod codeBase="C:/Users/JClaes/Docary/Docary/Docary.ViewModelAssemblers.Test/bin/Debug/Docary.ViewModelAssemblers.Test.DLL" adapterTypeName="Microsoft.VisualStudio.TestTools.TestTypes.Unit.UnitTestAdapter, Microsoft.VisualStudio.QualityTools.Tips.UnitTest.Adapter, Version=10.0.0.0, Culture=neutral, PublicKeyToken=b03f5f7f11d50a3a" className="Docary.ViewModelAssemblers.Test.HomeAssemblerTest, Docary.ViewModelAssemblers.Test, Version=1.0.0.0, Culture=neutral, PublicKeyToken=null" name="Test_AssembleHomeIndexViewModel_Initializes_EntryGroups" />
    </UnitTest>
    <UnitTest name="Test_AddEntry_Can_Resolve_Location_By_Name" storage="c:\users\jclaes\docary\docary\docary.services.tests\bin\debug\docary.services.tests.dll" id="e22b0a39-8712-ff17-a3c6-fd8ab6a0f777">
      <Execution id="26348b99-596d-495b-b2c7-e7aa2c5567af" />
      <TestMethod codeBase="C:/Users/JClaes/Docary/Docary/Docary.Services.Tests/bin/Debug/Docary.Services.Tests.DLL" adapterTypeName="Microsoft.VisualStudio.TestTools.TestTypes.Unit.UnitTestAdapter, Microsoft.VisualStudio.QualityTools.Tips.UnitTest.Adapter, Version=10.0.0.0, Culture=neutral, PublicKeyToken=b03f5f7f11d50a3a" className="Docary.Services.Tests.EntryServiceTest, Docary.Services.Tests, Version=1.0.0.0, Culture=neutral, PublicKeyToken=null" name="Test_AddEntry_Can_Resolve_Location_By_Name" />
    </UnitTest>
    <UnitTest name="Test_ExtractEntry_Extracts_Meta" storage="c:\users\jclaes\docary\docary\docary.viewmodelextractors.tests\bin\debug\docary.viewmodelextractors.tests.dll" id="ef9f3eeb-9539-8b11-4361-9b2d1646ca12">
      <Execution id="e2d86c6b-3488-4442-a135-c5247c836297" />
      <TestMethod codeBase="C:/Users/JClaes/Docary/Docary/Docary.ViewModelExtractors.Tests/bin/Debug/Docary.ViewModelExtractors.Tests.DLL" adapterTypeName="Microsoft.VisualStudio.TestTools.TestTypes.Unit.UnitTestAdapter, Microsoft.VisualStudio.QualityTools.Tips.UnitTest.Adapter, Version=10.0.0.0, Culture=neutral, PublicKeyToken=b03f5f7f11d50a3a" className="Docary.ViewModelExtractors.Tests.AddEntryViewModelExtractorsTest, Docary.ViewModelExtractors.Tests, Version=1.0.0.0, Culture=neutral, PublicKeyToken=null" name="Test_ExtractEntry_Extracts_Meta" />
    </UnitTest>
    <UnitTest name="Test_ExtractEntry_Extracts_Location" storage="c:\users\jclaes\docary\docary\docary.viewmodelextractors.tests\bin\debug\docary.viewmodelextractors.tests.dll" id="299c8b34-16fd-2ab6-8232-65326c4dddc3">
      <Execution id="e04d616c-12c7-41b8-8f01-8289b4bb121b" />
      <TestMethod codeBase="C:/Users/JClaes/Docary/Docary/Docary.ViewModelExtractors.Tests/bin/Debug/Docary.ViewModelExtractors.Tests.DLL" adapterTypeName="Microsoft.VisualStudio.TestTools.TestTypes.Unit.UnitTestAdapter, Microsoft.VisualStudio.QualityTools.Tips.UnitTest.Adapter, Version=10.0.0.0, Culture=neutral, PublicKeyToken=b03f5f7f11d50a3a" className="Docary.ViewModelExtractors.Tests.AddEntryViewModelExtractorsTest, Docary.ViewModelExtractors.Tests, Version=1.0.0.0, Culture=neutral, PublicKeyToken=null" name="Test_ExtractEntry_Extracts_Location" />
    </UnitTest>
    <UnitTest name="Test_Add_Redirects_To_Route_When_Entry_SuccessFully_Added" storage="c:\users\jclaes\docary\docary\docary.tests\bin\debug\docary.tests.dll" id="26113fd8-6e55-8c37-2eda-28ff67657779">
      <Execution id="a19cf301-f6fd-45a0-b021-a64e5c61dd1d" />
      <TestMethod codeBase="C:/Users/JClaes/Docary/Docary/Docary.Tests/bin/Debug/Docary.Tests.DLL" adapterTypeName="Microsoft.VisualStudio.TestTools.TestTypes.Unit.UnitTestAdapter, Microsoft.VisualStudio.QualityTools.Tips.UnitTest.Adapter, Version=10.0.0.0, Culture=neutral, PublicKeyToken=b03f5f7f11d50a3a" className="Docary.Tests.EntryControllerTest, Docary.Tests, Version=1.0.0.0, Culture=neutral, PublicKeyToken=null" name="Test_Add_Redirects_To_Route_When_Entry_SuccessFully_Added" />
    </UnitTest>
  </TestDefinitions>
  <TestLists>
    <TestList name="Results Not in a List" id="8c84fa94-04c1-424b-9868-57a2d4851a1d" />
    <TestList name="All Loaded Results" id="19431567-8539-422a-85d7-44ee4e166bda" />
  </TestLists>
  <TestEntries>
    <TestEntry testId="0f37dd21-a08e-6a1c-b08e-93b764b4cd66" executionId="27afb164-8675-4d86-81b1-a926daaeee56" testListId="8c84fa94-04c1-424b-9868-57a2d4851a1d" />
    <TestEntry testId="0f52385b-e7ce-f320-44fa-d461cb1ee385" executionId="ae372697-33d9-4fe3-85c3-b22184dfdb6a" testListId="8c84fa94-04c1-424b-9868-57a2d4851a1d" />
    <TestEntry testId="26113fd8-6e55-8c37-2eda-28ff67657779" executionId="a19cf301-f6fd-45a0-b021-a64e5c61dd1d" testListId="8c84fa94-04c1-424b-9868-57a2d4851a1d" />
    <TestEntry testId="299c8b34-16fd-2ab6-8232-65326c4dddc3" executionId="e04d616c-12c7-41b8-8f01-8289b4bb121b" testListId="8c84fa94-04c1-424b-9868-57a2d4851a1d" />
    <TestEntry testId="3dbddf46-2b59-4a21-40ca-947f358b6c90" executionId="0259efeb-3e3f-41cb-b64e-e1e4c3e01137" testListId="8c84fa94-04c1-424b-9868-57a2d4851a1d" />
    <TestEntry testId="af0d5136-9541-2efb-9ac2-5bd70ce52a5a" executionId="f7d98c31-52e7-498c-8507-213dfeb3645d" testListId="8c84fa94-04c1-424b-9868-57a2d4851a1d" />
    <TestEntry testId="b7cf4c24-88dc-6011-d759-a9e0b317469a" executionId="de0e3a34-145c-434e-8a6b-99520edf3efe" testListId="8c84fa94-04c1-424b-9868-57a2d4851a1d" />
    <TestEntry testId="e22b0a39-8712-ff17-a3c6-fd8ab6a0f777" executionId="26348b99-596d-495b-b2c7-e7aa2c5567af" testListId="8c84fa94-04c1-424b-9868-57a2d4851a1d" />
    <TestEntry testId="ef9f3eeb-9539-8b11-4361-9b2d1646ca12" executionId="e2d86c6b-3488-4442-a135-c5247c836297" testListId="8c84fa94-04c1-424b-9868-57a2d4851a1d" />
  </TestEntries>
  <Results>
    <UnitTestResult executionId="27afb164-8675-4d86-81b1-a926daaeee56" testId="0f37dd21-a08e-6a1c-b08e-93b764b4cd66" testName="Test_AssembleHomeIndexViewModel_Initializes_EntryGroups" computerName="JCLAES-PC" duration="00:00:00.0497231" startTime="2011-10-24T07:33:17.7768797+02:00" endTime="2011-10-24T07:33:18.2448805+02:00" testType="13cdc9d9-ddb5-4fa4-a97d-d965ccfc6d4b" outcome="Passed" testListId="8c84fa94-04c1-424b-9868-57a2d4851a1d" relativeResultsDirectory="27afb164-8675-4d86-81b1-a926daaeee56">
    </UnitTestResult>
    <UnitTestResult executionId="ae372697-33d9-4fe3-85c3-b22184dfdb6a" testId="0f52385b-e7ce-f320-44fa-d461cb1ee385" testName="Test_AssembleHomeIndexViewModel_Groups_Entries_Correctly" computerName="JCLAES-PC" duration="00:00:00.0021755" startTime="2011-10-24T07:33:18.2448805+02:00" endTime="2011-10-24T07:33:18.2448805+02:00" testType="13cdc9d9-ddb5-4fa4-a97d-d965ccfc6d4b" outcome="Passed" testListId="8c84fa94-04c1-424b-9868-57a2d4851a1d" relativeResultsDirectory="ae372697-33d9-4fe3-85c3-b22184dfdb6a">
    </UnitTestResult>
    <UnitTestResult executionId="a19cf301-f6fd-45a0-b021-a64e5c61dd1d" testId="26113fd8-6e55-8c37-2eda-28ff67657779" testName="Test_Add_Redirects_To_Route_When_Entry_SuccessFully_Added" computerName="JCLAES-PC" duration="00:00:00.3744006" startTime="2011-10-24T07:33:18.2448805+02:00" endTime="2011-10-24T07:33:18.6192811+02:00" testType="13cdc9d9-ddb5-4fa4-a97d-d965ccfc6d4b" testListId="8c84fa94-04c1-424b-9868-57a2d4851a1d" relativeResultsDirectory="a19cf301-f6fd-45a0-b021-a64e5c61dd1d">
      <Output>
        <ErrorInfo>
          <Message>The test adapter 'UnitTestAdapter' threw an exception while running test 'Test_Add_Redirects_To_Route_When_Entry_SuccessFully_Added'. Exception has been thrown by the target of an invocation.
Attempted to read or write protected memory. This is often an indication that other memory is corrupt.</Message>
        </ErrorInfo>
      </Output>
    </UnitTestResult>
    <UnitTestResult executionId="e04d616c-12c7-41b8-8f01-8289b4bb121b" testId="299c8b34-16fd-2ab6-8232-65326c4dddc3" testName="Test_ExtractEntry_Extracts_Location" computerName="JCLAES-PC" duration="00:00:00.6084011" startTime="2011-10-24T07:33:18.6660812+02:00" endTime="2011-10-24T07:33:19.2744823+02:00" testType="13cdc9d9-ddb5-4fa4-a97d-d965ccfc6d4b" outcome="Aborted" testListId="8c84fa94-04c1-424b-9868-57a2d4851a1d" relativeResultsDirectory="e04d616c-12c7-41b8-8f01-8289b4bb121b">
    </UnitTestResult>
    <UnitTestResult executionId="0259efeb-3e3f-41cb-b64e-e1e4c3e01137" testId="3dbddf46-2b59-4a21-40ca-947f358b6c90" testName="Test_ExtractEntry_Extracts_Tag" computerName="JCLAES-PC" duration="00:00:00.4056007" startTime="2011-10-24T07:33:18.8688816+02:00" endTime="2011-10-24T07:33:19.2744823+02:00" testType="13cdc9d9-ddb5-4fa4-a97d-d965ccfc6d4b" outcome="Aborted" testListId="8c84fa94-04c1-424b-9868-57a2d4851a1d" relativeResultsDirectory="0259efeb-3e3f-41cb-b64e-e1e4c3e01137">
    </UnitTestResult>
    <UnitTestResult executionId="f7d98c31-52e7-498c-8507-213dfeb3645d" testId="af0d5136-9541-2efb-9ac2-5bd70ce52a5a" testName="Test_AddEntry_Throws_ArgumentNullException_On_Null_Entry" computerName="JCLAES-PC" duration="00:00:00.3900007" startTime="2011-10-24T07:33:18.8844816+02:00" endTime="2011-10-24T07:33:19.2744823+02:00" testType="13cdc9d9-ddb5-4fa4-a97d-d965ccfc6d4b" outcome="Aborted" testListId="8c84fa94-04c1-424b-9868-57a2d4851a1d" relativeResultsDirectory="f7d98c31-52e7-498c-8507-213dfeb3645d">
    </UnitTestResult>
    <UnitTestResult executionId="de0e3a34-145c-434e-8a6b-99520edf3efe" testId="b7cf4c24-88dc-6011-d759-a9e0b317469a" testName="Test_Add_Redirects_To_Home_Index_Route_When_Entry_SuccessFully_Added" computerName="JCLAES-PC" duration="00:00:00.1404003" startTime="2011-10-24T07:33:19.1340820+02:00" endTime="2011-10-24T07:33:19.2744823+02:00" testType="13cdc9d9-ddb5-4fa4-a97d-d965ccfc6d4b" outcome="Aborted" testListId="8c84fa94-04c1-424b-9868-57a2d4851a1d" relativeResultsDirectory="de0e3a34-145c-434e-8a6b-99520edf3efe">
    </UnitTestResult>
    <UnitTestResult executionId="26348b99-596d-495b-b2c7-e7aa2c5567af" testId="e22b0a39-8712-ff17-a3c6-fd8ab6a0f777" testName="Test_AddEntry_Can_Resolve_Location_By_Name" computerName="JCLAES-PC" duration="00:00:00.1404003" startTime="2011-10-24T07:33:19.1340820+02:00" endTime="2011-10-24T07:33:19.2744823+02:00" testType="13cdc9d9-ddb5-4fa4-a97d-d965ccfc6d4b" outcome="Aborted" testListId="8c84fa94-04c1-424b-9868-57a2d4851a1d" relativeResultsDirectory="26348b99-596d-495b-b2c7-e7aa2c5567af">
    </UnitTestResult>
    <UnitTestResult executionId="e2d86c6b-3488-4442-a135-c5247c836297" testId="ef9f3eeb-9539-8b11-4361-9b2d1646ca12" testName="Test_ExtractEntry_Extracts_Meta" computerName="JCLAES-PC" duration="00:00:00.1404003" startTime="2011-10-24T07:33:19.1340820+02:00" endTime="2011-10-24T07:33:19.2744823+02:00" testType="13cdc9d9-ddb5-4fa4-a97d-d965ccfc6d4b" outcome="Aborted" testListId="8c84fa94-04c1-424b-9868-57a2d4851a1d" relativeResultsDirectory="e2d86c6b-3488-4442-a135-c5247c836297">
    </UnitTestResult>
  </Results>
</TestRun>