<?xml version="1.0" encoding="UTF-8"?>
<TestRun id="b1ec145c-c629-4cb0-838f-817dd40bcafb" name="JClaes@JCLAES-PC 2011-12-11 20:58:25" runUser="JClaes-PC\JClaes" xmlns="http://microsoft.com/schemas/VisualStudio/TeamTest/2010">
  <TestSettings name="Local" id="ab47060e-8f44-4890-bca8-a8d97dbd8c88">
    <Description>These are default test settings for a local test run.</Description>
    <Deployment enabled="false" runDeploymentRoot="JClaes_JCLAES-PC 2011-12-11 20_58_25">
      <DeploymentItem filename="C:\Users\JClaes\Docary\Docary\Docary.Repositories.EF\bin\Debug\Docary.Repositories.EF.dll" />
      <DeploymentItem filename="C:\Users\JClaes\Docary\Docary\Docary.Assemblers\Lib\AutoMapper.dll" />
      <DeploymentItem filename="C:\Users\JClaes\Docary\Docary\Docary.Assemblers\bin\Debug\Docary.ViewModelAssemblers.dll" />
      <DeploymentItem filename="C:\Users\JClaes\Docary\Docary\Docary.Models\bin\Debug\Docary.Models.dll" />
      <DeploymentItem filename="C:\Users\JClaes\Docary\Docary\Docary.ViewModels\bin\Debug\Docary.ViewModels.dll" />
      <DeploymentItem filename="C:\Users\JClaes\Docary\Docary\Docary.Services\Lib\EntityFramework.dll" />
      <DeploymentItem filename="C:\Users\JClaes\Docary\Docary\Docary.Repositories\bin\Debug\Docary.Repositories.dll" />
      <DeploymentItem filename="C:\Users\JClaes\Docary\Docary\Docary.Services\bin\Debug\Docary.Services.dll" />
      <DeploymentItem filename="C:\Users\JClaes\Docary\Docary\packages\Moq.4.0.10827\lib\NET40\Moq.dll" />
      <DeploymentItem filename="C:\Users\JClaes\Docary\Docary\Docary.ViewModelExtractors\bin\Debug\Docary.ViewModelExtractors.dll" />
    </Deployment>
    <Execution>
      <TestTypeSpecific />
      <AgentRule name="Execution Agents">
      </AgentRule>
    </Execution>
  </TestSettings>
  <Times creation="2011-12-11T20:58:25.6130740+01:00" queuing="2011-12-11T20:58:25.7846743+01:00" start="2011-12-11T20:58:25.8002743+01:00" finish="2011-12-11T20:58:27.6254775+01:00" />
  <ResultSummary outcome="Completed">
    <Counters total="17" executed="17" passed="17" error="0" failed="0" timeout="0" aborted="0" inconclusive="0" passedButRunAborted="0" notRunnable="0" notExecuted="0" disconnected="0" warning="0" completed="0" inProgress="0" pending="0" />
  </ResultSummary>
  <TestDefinitions>
    <UnitTest name="Test_AddEntry_Throws_ArgumentNullException_On_Null_EmptyUserId" storage="c:\users\jclaes\docary\docary\docary.services.tests\bin\debug\docary.services.tests.dll" id="3b4c1e1a-1a68-d2e2-805b-95eac4c6403f">
      <Execution id="9b968cb2-5907-4b88-a146-6d72deaaa0e4" />
      <TestMethod codeBase="C:/Users/JClaes/Docary/Docary/Docary.Services.Tests/bin/Debug/Docary.Services.Tests.DLL" adapterTypeName="Microsoft.VisualStudio.TestTools.TestTypes.Unit.UnitTestAdapter, Microsoft.VisualStudio.QualityTools.Tips.UnitTest.Adapter, Version=10.0.0.0, Culture=neutral, PublicKeyToken=b03f5f7f11d50a3a" className="Docary.Services.Tests.EntryServiceTest, Docary.Services.Tests, Version=1.0.0.0, Culture=neutral, PublicKeyToken=null" name="Test_AddEntry_Throws_ArgumentNullException_On_Null_EmptyUserId" />
    </UnitTest>
    <UnitTest name="Test_AddEntry_Updates_Previous_Entry_Stopped_On_Property_To_Now" storage="c:\users\jclaes\docary\docary\docary.services.tests\bin\debug\docary.services.tests.dll" id="1fdf0826-5b2d-6979-88de-1c6187a40be0">
      <Execution id="7ede5a8d-87a4-4d56-a492-4f004e41f9dc" />
      <TestMethod codeBase="C:/Users/JClaes/Docary/Docary/Docary.Services.Tests/bin/Debug/Docary.Services.Tests.DLL" adapterTypeName="Microsoft.VisualStudio.TestTools.TestTypes.Unit.UnitTestAdapter, Microsoft.VisualStudio.QualityTools.Tips.UnitTest.Adapter, Version=10.0.0.0, Culture=neutral, PublicKeyToken=b03f5f7f11d50a3a" className="Docary.Services.Tests.EntryServiceTest, Docary.Services.Tests, Version=1.0.0.0, Culture=neutral, PublicKeyToken=null" name="Test_AddEntry_Updates_Previous_Entry_Stopped_On_Property_To_Now" />
    </UnitTest>
    <UnitTest name="Test_AssembleHomeIndexViewModel_Populates_The_Tag_Property" storage="c:\users\jclaes\docary\docary\docary.viewmodelassemblers.test\bin\debug\docary.viewmodelassemblers.test.dll" id="3659f2c5-14ac-e382-664d-a6a09cc8e7ec">
      <Execution id="77a2af0f-0bb9-48c8-b44e-b1aaa0af9751" />
      <TestMethod codeBase="C:/Users/JClaes/Docary/Docary/Docary.ViewModelAssemblers.Test/bin/Debug/Docary.ViewModelAssemblers.Test.DLL" adapterTypeName="Microsoft.VisualStudio.TestTools.TestTypes.Unit.UnitTestAdapter, Microsoft.VisualStudio.QualityTools.Tips.UnitTest.Adapter, Version=10.0.0.0, Culture=neutral, PublicKeyToken=b03f5f7f11d50a3a" className="Docary.ViewModelAssemblers.Test.Desktop.HomeAssemblerTests, Docary.ViewModelAssemblers.Test, Version=1.0.0.0, Culture=neutral, PublicKeyToken=null" name="Test_AssembleHomeIndexViewModel_Populates_The_Tag_Property" />
    </UnitTest>
    <UnitTest name="Test_AssembleHomeIndexViewModel_Defaults_Dates" storage="c:\users\jclaes\docary\docary\docary.viewmodelassemblers.test\bin\debug\docary.viewmodelassemblers.test.dll" id="06d83fc6-900c-c719-3c9d-dc2c692a6fd1">
      <Execution id="5b1c3090-548b-42c9-b453-d8909f35de67" />
      <TestMethod codeBase="C:/Users/JClaes/Docary/Docary/Docary.ViewModelAssemblers.Test/bin/Debug/Docary.ViewModelAssemblers.Test.DLL" adapterTypeName="Microsoft.VisualStudio.TestTools.TestTypes.Unit.UnitTestAdapter, Microsoft.VisualStudio.QualityTools.Tips.UnitTest.Adapter, Version=10.0.0.0, Culture=neutral, PublicKeyToken=b03f5f7f11d50a3a" className="Docary.ViewModelAssemblers.Test.Desktop.HomeAssemblerTests, Docary.ViewModelAssemblers.Test, Version=1.0.0.0, Culture=neutral, PublicKeyToken=null" name="Test_AssembleHomeIndexViewModel_Defaults_Dates" />
    </UnitTest>
    <UnitTest name="Test_AddEntry_Adds_Entry" storage="c:\users\jclaes\docary\docary\docary.services.tests\bin\debug\docary.services.tests.dll" id="773cd6e9-1ab5-b84a-f48b-c322dcf90002">
      <Execution id="d8084080-dadf-4e8c-bbe9-5c40f8208608" />
      <TestMethod codeBase="C:/Users/JClaes/Docary/Docary/Docary.Services.Tests/bin/Debug/Docary.Services.Tests.DLL" adapterTypeName="Microsoft.VisualStudio.TestTools.TestTypes.Unit.UnitTestAdapter, Microsoft.VisualStudio.QualityTools.Tips.UnitTest.Adapter, Version=10.0.0.0, Culture=neutral, PublicKeyToken=b03f5f7f11d50a3a" className="Docary.Services.Tests.EntryServiceTest, Docary.Services.Tests, Version=1.0.0.0, Culture=neutral, PublicKeyToken=null" name="Test_AddEntry_Adds_Entry" />
    </UnitTest>
    <UnitTest name="Test_AddEntry_Adds_Unresolvable_Location" storage="c:\users\jclaes\docary\docary\docary.services.tests\bin\debug\docary.services.tests.dll" id="161f4b91-fe45-47ff-abcf-55ba35a04867">
      <Execution id="0f7610af-cf7b-42b9-afcf-7d1dab26270f" />
      <TestMethod codeBase="C:/Users/JClaes/Docary/Docary/Docary.Services.Tests/bin/Debug/Docary.Services.Tests.DLL" adapterTypeName="Microsoft.VisualStudio.TestTools.TestTypes.Unit.UnitTestAdapter, Microsoft.VisualStudio.QualityTools.Tips.UnitTest.Adapter, Version=10.0.0.0, Culture=neutral, PublicKeyToken=b03f5f7f11d50a3a" className="Docary.Services.Tests.EntryServiceTest, Docary.Services.Tests, Version=1.0.0.0, Culture=neutral, PublicKeyToken=null" name="Test_AddEntry_Adds_Unresolvable_Location" />
    </UnitTest>
    <UnitTest name="Test_ExtractEntry_Extracts_Location" storage="c:\users\jclaes\docary\docary\docary.viewmodelextractors.tests\bin\debug\docary.viewmodelextractors.tests.dll" id="299c8b34-16fd-2ab6-8232-65326c4dddc3">
      <Execution id="214e7d8f-358f-4d8d-accd-1c4c10e42725" />
      <TestMethod codeBase="C:/Users/JClaes/Docary/Docary/Docary.ViewModelExtractors.Tests/bin/Debug/Docary.ViewModelExtractors.Tests.DLL" adapterTypeName="Microsoft.VisualStudio.TestTools.TestTypes.Unit.UnitTestAdapter, Microsoft.VisualStudio.QualityTools.Tips.UnitTest.Adapter, Version=10.0.0.0, Culture=neutral, PublicKeyToken=b03f5f7f11d50a3a" className="Docary.ViewModelExtractors.Tests.AddEntryViewModelExtractorsTest, Docary.ViewModelExtractors.Tests, Version=1.0.0.0, Culture=neutral, PublicKeyToken=null" name="Test_ExtractEntry_Extracts_Location" />
    </UnitTest>
    <UnitTest name="Test_ExtractEntry_Extracts_Tag" storage="c:\users\jclaes\docary\docary\docary.viewmodelextractors.tests\bin\debug\docary.viewmodelextractors.tests.dll" id="3dbddf46-2b59-4a21-40ca-947f358b6c90">
      <Execution id="79025a69-be98-4f3a-8340-fcc1952f5105" />
      <TestMethod codeBase="C:/Users/JClaes/Docary/Docary/Docary.ViewModelExtractors.Tests/bin/Debug/Docary.ViewModelExtractors.Tests.DLL" adapterTypeName="Microsoft.VisualStudio.TestTools.TestTypes.Unit.UnitTestAdapter, Microsoft.VisualStudio.QualityTools.Tips.UnitTest.Adapter, Version=10.0.0.0, Culture=neutral, PublicKeyToken=b03f5f7f11d50a3a" className="Docary.ViewModelExtractors.Tests.AddEntryViewModelExtractorsTest, Docary.ViewModelExtractors.Tests, Version=1.0.0.0, Culture=neutral, PublicKeyToken=null" name="Test_ExtractEntry_Extracts_Tag" />
    </UnitTest>
    <UnitTest name="Test_ExtractEntry_Extracts_Meta" storage="c:\users\jclaes\docary\docary\docary.viewmodelextractors.tests\bin\debug\docary.viewmodelextractors.tests.dll" id="ef9f3eeb-9539-8b11-4361-9b2d1646ca12">
      <Execution id="94cd5c35-8a77-4e78-8948-3e32a03ea409" />
      <TestMethod codeBase="C:/Users/JClaes/Docary/Docary/Docary.ViewModelExtractors.Tests/bin/Debug/Docary.ViewModelExtractors.Tests.DLL" adapterTypeName="Microsoft.VisualStudio.TestTools.TestTypes.Unit.UnitTestAdapter, Microsoft.VisualStudio.QualityTools.Tips.UnitTest.Adapter, Version=10.0.0.0, Culture=neutral, PublicKeyToken=b03f5f7f11d50a3a" className="Docary.ViewModelExtractors.Tests.AddEntryViewModelExtractorsTest, Docary.ViewModelExtractors.Tests, Version=1.0.0.0, Culture=neutral, PublicKeyToken=null" name="Test_ExtractEntry_Extracts_Meta" />
    </UnitTest>
    <UnitTest name="Test_AddEntry_Throws_ArgumentNullException_On_Null_Entry" storage="c:\users\jclaes\docary\docary\docary.services.tests\bin\debug\docary.services.tests.dll" id="af0d5136-9541-2efb-9ac2-5bd70ce52a5a">
      <Execution id="c9a2be9e-e603-4daf-9381-f42aa2179c3f" />
      <TestMethod codeBase="C:/Users/JClaes/Docary/Docary/Docary.Services.Tests/bin/Debug/Docary.Services.Tests.DLL" adapterTypeName="Microsoft.VisualStudio.TestTools.TestTypes.Unit.UnitTestAdapter, Microsoft.VisualStudio.QualityTools.Tips.UnitTest.Adapter, Version=10.0.0.0, Culture=neutral, PublicKeyToken=b03f5f7f11d50a3a" className="Docary.Services.Tests.EntryServiceTest, Docary.Services.Tests, Version=1.0.0.0, Culture=neutral, PublicKeyToken=null" name="Test_AddEntry_Throws_ArgumentNullException_On_Null_Entry" />
    </UnitTest>
    <UnitTest name="Test_AddEntry_Adds_Unresolvable_EntryTag" storage="c:\users\jclaes\docary\docary\docary.services.tests\bin\debug\docary.services.tests.dll" id="eaef3a85-26fa-4f22-a071-c94e9181466c">
      <Execution id="8395d205-e0d4-44d4-9d75-b95b84608b9b" />
      <TestMethod codeBase="C:/Users/JClaes/Docary/Docary/Docary.Services.Tests/bin/Debug/Docary.Services.Tests.DLL" adapterTypeName="Microsoft.VisualStudio.TestTools.TestTypes.Unit.UnitTestAdapter, Microsoft.VisualStudio.QualityTools.Tips.UnitTest.Adapter, Version=10.0.0.0, Culture=neutral, PublicKeyToken=b03f5f7f11d50a3a" className="Docary.Services.Tests.EntryServiceTest, Docary.Services.Tests, Version=1.0.0.0, Culture=neutral, PublicKeyToken=null" name="Test_AddEntry_Adds_Unresolvable_EntryTag" />
    </UnitTest>
    <UnitTest name="Test_AssembleHomeIndexViewModel_Initializes_EntryGroups" storage="c:\users\jclaes\docary\docary\docary.viewmodelassemblers.test\bin\debug\docary.viewmodelassemblers.test.dll" id="4f459dc5-dc2d-adf5-9e88-d379aa608955">
      <Execution id="6d251115-802a-43b4-a33b-98d49f9da46b" />
      <TestMethod codeBase="C:/Users/JClaes/Docary/Docary/Docary.ViewModelAssemblers.Test/bin/Debug/Docary.ViewModelAssemblers.Test.DLL" adapterTypeName="Microsoft.VisualStudio.TestTools.TestTypes.Unit.UnitTestAdapter, Microsoft.VisualStudio.QualityTools.Tips.UnitTest.Adapter, Version=10.0.0.0, Culture=neutral, PublicKeyToken=b03f5f7f11d50a3a" className="Docary.ViewModelAssemblers.Test.Mobile.HomeAssemblerTest, Docary.ViewModelAssemblers.Test, Version=1.0.0.0, Culture=neutral, PublicKeyToken=null" name="Test_AssembleHomeIndexViewModel_Initializes_EntryGroups" />
    </UnitTest>
    <UnitTest name="Test_AddEntry_Does_Not_Add_Existing_Tag" storage="c:\users\jclaes\docary\docary\docary.services.tests\bin\debug\docary.services.tests.dll" id="ba5630ea-9a35-7dab-e12d-63ab2321ee3f">
      <Execution id="5db9cafc-feec-43a6-b05b-b8439bcbb95d" />
      <TestMethod codeBase="C:/Users/JClaes/Docary/Docary/Docary.Services.Tests/bin/Debug/Docary.Services.Tests.DLL" adapterTypeName="Microsoft.VisualStudio.TestTools.TestTypes.Unit.UnitTestAdapter, Microsoft.VisualStudio.QualityTools.Tips.UnitTest.Adapter, Version=10.0.0.0, Culture=neutral, PublicKeyToken=b03f5f7f11d50a3a" className="Docary.Services.Tests.EntryServiceTest, Docary.Services.Tests, Version=1.0.0.0, Culture=neutral, PublicKeyToken=null" name="Test_AddEntry_Does_Not_Add_Existing_Tag" />
    </UnitTest>
    <UnitTest name="Test_AssembleHomeIndexViewModel_Groups_Entries_Correctly" storage="c:\users\jclaes\docary\docary\docary.viewmodelassemblers.test\bin\debug\docary.viewmodelassemblers.test.dll" id="306aed28-4e38-1a76-0e0a-1acc97c1d39b">
      <Execution id="dd99c6d3-3bb0-4c7e-beac-fc05d6f391a3" />
      <TestMethod codeBase="C:/Users/JClaes/Docary/Docary/Docary.ViewModelAssemblers.Test/bin/Debug/Docary.ViewModelAssemblers.Test.DLL" adapterTypeName="Microsoft.VisualStudio.TestTools.TestTypes.Unit.UnitTestAdapter, Microsoft.VisualStudio.QualityTools.Tips.UnitTest.Adapter, Version=10.0.0.0, Culture=neutral, PublicKeyToken=b03f5f7f11d50a3a" className="Docary.ViewModelAssemblers.Test.Mobile.HomeAssemblerTest, Docary.ViewModelAssemblers.Test, Version=1.0.0.0, Culture=neutral, PublicKeyToken=null" name="Test_AssembleHomeIndexViewModel_Groups_Entries_Correctly" />
    </UnitTest>
    <UnitTest name="Test_AssembleHomeIndexViewModel_Calculates_EntryPercentages_Correctly" storage="c:\users\jclaes\docary\docary\docary.viewmodelassemblers.test\bin\debug\docary.viewmodelassemblers.test.dll" id="abcf5d5d-8404-5642-cf7e-9de58e6a1ade">
      <Execution id="5e865277-e0fb-4812-94be-3b2072d8afe2" />
      <TestMethod codeBase="C:/Users/JClaes/Docary/Docary/Docary.ViewModelAssemblers.Test/bin/Debug/Docary.ViewModelAssemblers.Test.DLL" adapterTypeName="Microsoft.VisualStudio.TestTools.TestTypes.Unit.UnitTestAdapter, Microsoft.VisualStudio.QualityTools.Tips.UnitTest.Adapter, Version=10.0.0.0, Culture=neutral, PublicKeyToken=b03f5f7f11d50a3a" className="Docary.ViewModelAssemblers.Test.Desktop.HomeAssemblerTests, Docary.ViewModelAssemblers.Test, Version=1.0.0.0, Culture=neutral, PublicKeyToken=null" name="Test_AssembleHomeIndexViewModel_Calculates_EntryPercentages_Correctly" />
    </UnitTest>
    <UnitTest name="Test_AssembleHomeIndexViewModel_Groups_Entries_Correctly" storage="c:\users\jclaes\docary\docary\docary.viewmodelassemblers.test\bin\debug\docary.viewmodelassemblers.test.dll" id="7387cbec-a8bc-acd9-73f3-936c635cd6d9">
      <Execution id="a2f6748b-8733-45d0-bcdc-f77e33faa3d3" />
      <TestMethod codeBase="C:/Users/JClaes/Docary/Docary/Docary.ViewModelAssemblers.Test/bin/Debug/Docary.ViewModelAssemblers.Test.DLL" adapterTypeName="Microsoft.VisualStudio.TestTools.TestTypes.Unit.UnitTestAdapter, Microsoft.VisualStudio.QualityTools.Tips.UnitTest.Adapter, Version=10.0.0.0, Culture=neutral, PublicKeyToken=b03f5f7f11d50a3a" className="Docary.ViewModelAssemblers.Test.Desktop.HomeAssemblerTests, Docary.ViewModelAssemblers.Test, Version=1.0.0.0, Culture=neutral, PublicKeyToken=null" name="Test_AssembleHomeIndexViewModel_Groups_Entries_Correctly" />
    </UnitTest>
    <UnitTest name="Test_AddEntry_Does_Not_Add_Existing_Location" storage="c:\users\jclaes\docary\docary\docary.services.tests\bin\debug\docary.services.tests.dll" id="4f86ace9-41ca-9ca2-027b-120fede948da">
      <Execution id="ee637da2-fee1-4fb6-8355-dc2aef15d199" />
      <TestMethod codeBase="C:/Users/JClaes/Docary/Docary/Docary.Services.Tests/bin/Debug/Docary.Services.Tests.DLL" adapterTypeName="Microsoft.VisualStudio.TestTools.TestTypes.Unit.UnitTestAdapter, Microsoft.VisualStudio.QualityTools.Tips.UnitTest.Adapter, Version=10.0.0.0, Culture=neutral, PublicKeyToken=b03f5f7f11d50a3a" className="Docary.Services.Tests.EntryServiceTest, Docary.Services.Tests, Version=1.0.0.0, Culture=neutral, PublicKeyToken=null" name="Test_AddEntry_Does_Not_Add_Existing_Location" />
    </UnitTest>
  </TestDefinitions>
  <TestLists>
    <TestList name="Results Not in a List" id="8c84fa94-04c1-424b-9868-57a2d4851a1d" />
    <TestList name="All Loaded Results" id="19431567-8539-422a-85d7-44ee4e166bda" />
  </TestLists>
  <TestEntries>
    <TestEntry testId="06d83fc6-900c-c719-3c9d-dc2c692a6fd1" executionId="5b1c3090-548b-42c9-b453-d8909f35de67" testListId="8c84fa94-04c1-424b-9868-57a2d4851a1d" />
    <TestEntry testId="161f4b91-fe45-47ff-abcf-55ba35a04867" executionId="0f7610af-cf7b-42b9-afcf-7d1dab26270f" testListId="8c84fa94-04c1-424b-9868-57a2d4851a1d" />
    <TestEntry testId="1fdf0826-5b2d-6979-88de-1c6187a40be0" executionId="7ede5a8d-87a4-4d56-a492-4f004e41f9dc" testListId="8c84fa94-04c1-424b-9868-57a2d4851a1d" />
    <TestEntry testId="299c8b34-16fd-2ab6-8232-65326c4dddc3" executionId="214e7d8f-358f-4d8d-accd-1c4c10e42725" testListId="8c84fa94-04c1-424b-9868-57a2d4851a1d" />
    <TestEntry testId="306aed28-4e38-1a76-0e0a-1acc97c1d39b" executionId="dd99c6d3-3bb0-4c7e-beac-fc05d6f391a3" testListId="8c84fa94-04c1-424b-9868-57a2d4851a1d" />
    <TestEntry testId="3659f2c5-14ac-e382-664d-a6a09cc8e7ec" executionId="77a2af0f-0bb9-48c8-b44e-b1aaa0af9751" testListId="8c84fa94-04c1-424b-9868-57a2d4851a1d" />
    <TestEntry testId="3b4c1e1a-1a68-d2e2-805b-95eac4c6403f" executionId="9b968cb2-5907-4b88-a146-6d72deaaa0e4" testListId="8c84fa94-04c1-424b-9868-57a2d4851a1d" />
    <TestEntry testId="3dbddf46-2b59-4a21-40ca-947f358b6c90" executionId="79025a69-be98-4f3a-8340-fcc1952f5105" testListId="8c84fa94-04c1-424b-9868-57a2d4851a1d" />
    <TestEntry testId="4f459dc5-dc2d-adf5-9e88-d379aa608955" executionId="6d251115-802a-43b4-a33b-98d49f9da46b" testListId="8c84fa94-04c1-424b-9868-57a2d4851a1d" />
    <TestEntry testId="4f86ace9-41ca-9ca2-027b-120fede948da" executionId="ee637da2-fee1-4fb6-8355-dc2aef15d199" testListId="8c84fa94-04c1-424b-9868-57a2d4851a1d" />
    <TestEntry testId="7387cbec-a8bc-acd9-73f3-936c635cd6d9" executionId="a2f6748b-8733-45d0-bcdc-f77e33faa3d3" testListId="8c84fa94-04c1-424b-9868-57a2d4851a1d" />
    <TestEntry testId="773cd6e9-1ab5-b84a-f48b-c322dcf90002" executionId="d8084080-dadf-4e8c-bbe9-5c40f8208608" testListId="8c84fa94-04c1-424b-9868-57a2d4851a1d" />
    <TestEntry testId="abcf5d5d-8404-5642-cf7e-9de58e6a1ade" executionId="5e865277-e0fb-4812-94be-3b2072d8afe2" testListId="8c84fa94-04c1-424b-9868-57a2d4851a1d" />
    <TestEntry testId="af0d5136-9541-2efb-9ac2-5bd70ce52a5a" executionId="c9a2be9e-e603-4daf-9381-f42aa2179c3f" testListId="8c84fa94-04c1-424b-9868-57a2d4851a1d" />
    <TestEntry testId="ba5630ea-9a35-7dab-e12d-63ab2321ee3f" executionId="5db9cafc-feec-43a6-b05b-b8439bcbb95d" testListId="8c84fa94-04c1-424b-9868-57a2d4851a1d" />
    <TestEntry testId="eaef3a85-26fa-4f22-a071-c94e9181466c" executionId="8395d205-e0d4-44d4-9d75-b95b84608b9b" testListId="8c84fa94-04c1-424b-9868-57a2d4851a1d" />
    <TestEntry testId="ef9f3eeb-9539-8b11-4361-9b2d1646ca12" executionId="94cd5c35-8a77-4e78-8948-3e32a03ea409" testListId="8c84fa94-04c1-424b-9868-57a2d4851a1d" />
  </TestEntries>
  <Results>
    <UnitTestResult executionId="5b1c3090-548b-42c9-b453-d8909f35de67" testId="06d83fc6-900c-c719-3c9d-dc2c692a6fd1" testName="Test_AssembleHomeIndexViewModel_Defaults_Dates" computerName="JCLAES-PC" duration="00:00:00.3665898" startTime="2011-12-11T20:58:25.8002743+01:00" endTime="2011-12-11T20:58:26.5178756+01:00" testType="13cdc9d9-ddb5-4fa4-a97d-d965ccfc6d4b" outcome="Passed" testListId="8c84fa94-04c1-424b-9868-57a2d4851a1d" relativeResultsDirectory="5b1c3090-548b-42c9-b453-d8909f35de67">
    </UnitTestResult>
    <UnitTestResult executionId="0f7610af-cf7b-42b9-afcf-7d1dab26270f" testId="161f4b91-fe45-47ff-abcf-55ba35a04867" testName="Test_AddEntry_Adds_Unresolvable_Location" computerName="JCLAES-PC" duration="00:00:00.0649188" startTime="2011-12-11T20:58:26.5178756+01:00" endTime="2011-12-11T20:58:26.9234763+01:00" testType="13cdc9d9-ddb5-4fa4-a97d-d965ccfc6d4b" outcome="Passed" testListId="8c84fa94-04c1-424b-9868-57a2d4851a1d" relativeResultsDirectory="0f7610af-cf7b-42b9-afcf-7d1dab26270f">
    </UnitTestResult>
    <UnitTestResult executionId="7ede5a8d-87a4-4d56-a492-4f004e41f9dc" testId="1fdf0826-5b2d-6979-88de-1c6187a40be0" testName="Test_AddEntry_Updates_Previous_Entry_Stopped_On_Property_To_Now" computerName="JCLAES-PC" duration="00:00:00.0080765" startTime="2011-12-11T20:58:26.9234763+01:00" endTime="2011-12-11T20:58:26.9390763+01:00" testType="13cdc9d9-ddb5-4fa4-a97d-d965ccfc6d4b" outcome="Passed" testListId="8c84fa94-04c1-424b-9868-57a2d4851a1d" relativeResultsDirectory="7ede5a8d-87a4-4d56-a492-4f004e41f9dc">
    </UnitTestResult>
    <UnitTestResult executionId="214e7d8f-358f-4d8d-accd-1c4c10e42725" testId="299c8b34-16fd-2ab6-8232-65326c4dddc3" testName="Test_ExtractEntry_Extracts_Location" computerName="JCLAES-PC" duration="00:00:00.0423461" startTime="2011-12-11T20:58:26.9390763+01:00" endTime="2011-12-11T20:58:27.3914771+01:00" testType="13cdc9d9-ddb5-4fa4-a97d-d965ccfc6d4b" outcome="Passed" testListId="8c84fa94-04c1-424b-9868-57a2d4851a1d" relativeResultsDirectory="214e7d8f-358f-4d8d-accd-1c4c10e42725">
    </UnitTestResult>
    <UnitTestResult executionId="dd99c6d3-3bb0-4c7e-beac-fc05d6f391a3" testId="306aed28-4e38-1a76-0e0a-1acc97c1d39b" testName="Test_AssembleHomeIndexViewModel_Groups_Entries_Correctly" computerName="JCLAES-PC" duration="00:00:00.0099069" startTime="2011-12-11T20:58:27.4070772+01:00" endTime="2011-12-11T20:58:27.4226772+01:00" testType="13cdc9d9-ddb5-4fa4-a97d-d965ccfc6d4b" outcome="Passed" testListId="8c84fa94-04c1-424b-9868-57a2d4851a1d" relativeResultsDirectory="dd99c6d3-3bb0-4c7e-beac-fc05d6f391a3">
    </UnitTestResult>
    <UnitTestResult executionId="77a2af0f-0bb9-48c8-b44e-b1aaa0af9751" testId="3659f2c5-14ac-e382-664d-a6a09cc8e7ec" testName="Test_AssembleHomeIndexViewModel_Populates_The_Tag_Property" computerName="JCLAES-PC" duration="00:00:00.0055571" startTime="2011-12-11T20:58:27.4226772+01:00" endTime="2011-12-11T20:58:27.4226772+01:00" testType="13cdc9d9-ddb5-4fa4-a97d-d965ccfc6d4b" outcome="Passed" testListId="8c84fa94-04c1-424b-9868-57a2d4851a1d" relativeResultsDirectory="77a2af0f-0bb9-48c8-b44e-b1aaa0af9751">
    </UnitTestResult>
    <UnitTestResult executionId="9b968cb2-5907-4b88-a146-6d72deaaa0e4" testId="3b4c1e1a-1a68-d2e2-805b-95eac4c6403f" testName="Test_AddEntry_Throws_ArgumentNullException_On_Null_EmptyUserId" computerName="JCLAES-PC" duration="00:00:00.0078328" startTime="2011-12-11T20:58:27.4226772+01:00" endTime="2011-12-11T20:58:27.4382772+01:00" testType="13cdc9d9-ddb5-4fa4-a97d-d965ccfc6d4b" outcome="Passed" testListId="8c84fa94-04c1-424b-9868-57a2d4851a1d" relativeResultsDirectory="9b968cb2-5907-4b88-a146-6d72deaaa0e4">
    </UnitTestResult>
    <UnitTestResult executionId="79025a69-be98-4f3a-8340-fcc1952f5105" testId="3dbddf46-2b59-4a21-40ca-947f358b6c90" testName="Test_ExtractEntry_Extracts_Tag" computerName="JCLAES-PC" duration="00:00:00.0005132" startTime="2011-12-11T20:58:27.4382772+01:00" endTime="2011-12-11T20:58:27.4538772+01:00" testType="13cdc9d9-ddb5-4fa4-a97d-d965ccfc6d4b" outcome="Passed" testListId="8c84fa94-04c1-424b-9868-57a2d4851a1d" relativeResultsDirectory="79025a69-be98-4f3a-8340-fcc1952f5105">
    </UnitTestResult>
    <UnitTestResult executionId="6d251115-802a-43b4-a33b-98d49f9da46b" testId="4f459dc5-dc2d-adf5-9e88-d379aa608955" testName="Test_AssembleHomeIndexViewModel_Initializes_EntryGroups" computerName="JCLAES-PC" duration="00:00:00.0028799" startTime="2011-12-11T20:58:27.4538772+01:00" endTime="2011-12-11T20:58:27.4538772+01:00" testType="13cdc9d9-ddb5-4fa4-a97d-d965ccfc6d4b" outcome="Passed" testListId="8c84fa94-04c1-424b-9868-57a2d4851a1d" relativeResultsDirectory="6d251115-802a-43b4-a33b-98d49f9da46b">
    </UnitTestResult>
    <UnitTestResult executionId="ee637da2-fee1-4fb6-8355-dc2aef15d199" testId="4f86ace9-41ca-9ca2-027b-120fede948da" testName="Test_AddEntry_Does_Not_Add_Existing_Location" computerName="JCLAES-PC" duration="00:00:00.0059748" startTime="2011-12-11T20:58:27.4538772+01:00" endTime="2011-12-11T20:58:27.4694773+01:00" testType="13cdc9d9-ddb5-4fa4-a97d-d965ccfc6d4b" outcome="Passed" testListId="8c84fa94-04c1-424b-9868-57a2d4851a1d" relativeResultsDirectory="ee637da2-fee1-4fb6-8355-dc2aef15d199">
    </UnitTestResult>
    <UnitTestResult executionId="a2f6748b-8733-45d0-bcdc-f77e33faa3d3" testId="7387cbec-a8bc-acd9-73f3-936c635cd6d9" testName="Test_AssembleHomeIndexViewModel_Groups_Entries_Correctly" computerName="JCLAES-PC" duration="00:00:00.0048880" startTime="2011-12-11T20:58:27.4694773+01:00" endTime="2011-12-11T20:58:27.4694773+01:00" testType="13cdc9d9-ddb5-4fa4-a97d-d965ccfc6d4b" outcome="Passed" testListId="8c84fa94-04c1-424b-9868-57a2d4851a1d" relativeResultsDirectory="a2f6748b-8733-45d0-bcdc-f77e33faa3d3">
    </UnitTestResult>
    <UnitTestResult executionId="d8084080-dadf-4e8c-bbe9-5c40f8208608" testId="773cd6e9-1ab5-b84a-f48b-c322dcf90002" testName="Test_AddEntry_Adds_Entry" computerName="JCLAES-PC" duration="00:00:00.0067742" startTime="2011-12-11T20:58:27.4850773+01:00" endTime="2011-12-11T20:58:27.4850773+01:00" testType="13cdc9d9-ddb5-4fa4-a97d-d965ccfc6d4b" outcome="Passed" testListId="8c84fa94-04c1-424b-9868-57a2d4851a1d" relativeResultsDirectory="d8084080-dadf-4e8c-bbe9-5c40f8208608">
    </UnitTestResult>
    <UnitTestResult executionId="5e865277-e0fb-4812-94be-3b2072d8afe2" testId="abcf5d5d-8404-5642-cf7e-9de58e6a1ade" testName="Test_AssembleHomeIndexViewModel_Calculates_EntryPercentages_Correctly" computerName="JCLAES-PC" duration="00:00:00.0048270" startTime="2011-12-11T20:58:27.4850773+01:00" endTime="2011-12-11T20:58:27.5006773+01:00" testType="13cdc9d9-ddb5-4fa4-a97d-d965ccfc6d4b" outcome="Passed" testListId="8c84fa94-04c1-424b-9868-57a2d4851a1d" relativeResultsDirectory="5e865277-e0fb-4812-94be-3b2072d8afe2">
    </UnitTestResult>
    <UnitTestResult executionId="c9a2be9e-e603-4daf-9381-f42aa2179c3f" testId="af0d5136-9541-2efb-9ac2-5bd70ce52a5a" testName="Test_AddEntry_Throws_ArgumentNullException_On_Null_Entry" computerName="JCLAES-PC" duration="00:00:00.0033861" startTime="2011-12-11T20:58:27.5006773+01:00" endTime="2011-12-11T20:58:27.5162774+01:00" testType="13cdc9d9-ddb5-4fa4-a97d-d965ccfc6d4b" outcome="Passed" testListId="8c84fa94-04c1-424b-9868-57a2d4851a1d" relativeResultsDirectory="c9a2be9e-e603-4daf-9381-f42aa2179c3f">
    </UnitTestResult>
    <UnitTestResult executionId="5db9cafc-feec-43a6-b05b-b8439bcbb95d" testId="ba5630ea-9a35-7dab-e12d-63ab2321ee3f" testName="Test_AddEntry_Does_Not_Add_Existing_Tag" computerName="JCLAES-PC" duration="00:00:00.0063777" startTime="2011-12-11T20:58:27.5162774+01:00" endTime="2011-12-11T20:58:27.5318774+01:00" testType="13cdc9d9-ddb5-4fa4-a97d-d965ccfc6d4b" outcome="Passed" testListId="8c84fa94-04c1-424b-9868-57a2d4851a1d" relativeResultsDirectory="5db9cafc-feec-43a6-b05b-b8439bcbb95d">
    </UnitTestResult>
    <UnitTestResult executionId="8395d205-e0d4-44d4-9d75-b95b84608b9b" testId="eaef3a85-26fa-4f22-a071-c94e9181466c" testName="Test_AddEntry_Adds_Unresolvable_EntryTag" computerName="JCLAES-PC" duration="00:00:00.0063880" startTime="2011-12-11T20:58:27.5318774+01:00" endTime="2011-12-11T20:58:27.5474774+01:00" testType="13cdc9d9-ddb5-4fa4-a97d-d965ccfc6d4b" outcome="Passed" testListId="8c84fa94-04c1-424b-9868-57a2d4851a1d" relativeResultsDirectory="8395d205-e0d4-44d4-9d75-b95b84608b9b">
    </UnitTestResult>
    <UnitTestResult executionId="94cd5c35-8a77-4e78-8948-3e32a03ea409" testId="ef9f3eeb-9539-8b11-4361-9b2d1646ca12" testName="Test_ExtractEntry_Extracts_Meta" computerName="JCLAES-PC" duration="00:00:00.0004664" startTime="2011-12-11T20:58:27.5474774+01:00" endTime="2011-12-11T20:58:27.5630774+01:00" testType="13cdc9d9-ddb5-4fa4-a97d-d965ccfc6d4b" outcome="Passed" testListId="8c84fa94-04c1-424b-9868-57a2d4851a1d" relativeResultsDirectory="94cd5c35-8a77-4e78-8948-3e32a03ea409">
    </UnitTestResult>
  </Results>
</TestRun>