<?xml version="1.0" encoding="UTF-8"?>
<TestRun id="9ff6efa1-d37c-4f31-9325-494a810d6c85" name="JClaes@JCLAES-PC 2011-11-13 18:06:18" runUser="JClaes-PC\JClaes" xmlns="http://microsoft.com/schemas/VisualStudio/TeamTest/2010">
  <TestSettings name="Local" id="ab47060e-8f44-4890-bca8-a8d97dbd8c88">
    <Description>These are default test settings for a local test run.</Description>
    <Deployment enabled="false" runDeploymentRoot="JClaes_JCLAES-PC 2011-11-13 18_06_18">
      <DeploymentItem filename="C:\Users\JClaes\Docary\Docary\Docary.Repositories\bin\Debug\Docary.Repositories.dll" />
      <DeploymentItem filename="C:\Users\JClaes\Docary\Docary\Docary.Services\bin\Debug\Docary.Services.dll" />
      <DeploymentItem filename="C:\Users\JClaes\Docary\Docary\Docary.Assemblers\Lib\AutoMapper.dll" />
      <DeploymentItem filename="C:\Users\JClaes\Docary\Docary\packages\Moq.4.0.10827\lib\NET40\Moq.dll" />
      <DeploymentItem filename="C:\Users\JClaes\Docary\Docary\Docary.Assemblers\bin\Debug\Docary.ViewModelAssemblers.dll" />
      <DeploymentItem filename="C:\Users\JClaes\Docary\Docary\Docary.Models\bin\Debug\Docary.Models.dll" />
      <DeploymentItem filename="C:\Users\JClaes\Docary\Docary\Docary.ViewModels\bin\Debug\Docary.ViewModels.dll" />
    </Deployment>
    <Execution>
      <TestTypeSpecific />
      <AgentRule name="Execution Agents">
      </AgentRule>
    </Execution>
  </TestSettings>
  <Times creation="2011-11-13T18:06:18.0183589+01:00" queuing="2011-11-13T18:06:18.5331598+01:00" start="2011-11-13T18:06:18.6111599+01:00" finish="2011-11-13T18:06:19.5315615+01:00" />
  <ResultSummary outcome="Completed">
    <Counters total="1" executed="1" passed="1" error="0" failed="0" timeout="0" aborted="0" inconclusive="0" passedButRunAborted="0" notRunnable="0" notExecuted="0" disconnected="0" warning="0" completed="0" inProgress="0" pending="0" />
  </ResultSummary>
  <TestDefinitions>
    <UnitTest name="Test_AssembleHomeIndexViewModel_Calculates_EntryPercentages_Correctly" storage="c:\users\jclaes\docary\docary\docary.viewmodelassemblers.test\bin\debug\docary.viewmodelassemblers.test.dll" id="abcf5d5d-8404-5642-cf7e-9de58e6a1ade">
      <Execution id="f4ed01ab-129d-451e-a891-bd42978079e3" />
      <TestMethod codeBase="C:/Users/JClaes/Docary/Docary/Docary.ViewModelAssemblers.Test/bin/Debug/Docary.ViewModelAssemblers.Test.DLL" adapterTypeName="Microsoft.VisualStudio.TestTools.TestTypes.Unit.UnitTestAdapter, Microsoft.VisualStudio.QualityTools.Tips.UnitTest.Adapter, Version=10.0.0.0, Culture=neutral, PublicKeyToken=b03f5f7f11d50a3a" className="Docary.ViewModelAssemblers.Test.Desktop.HomeAssemblerTests, Docary.ViewModelAssemblers.Test, Version=1.0.0.0, Culture=neutral, PublicKeyToken=null" name="Test_AssembleHomeIndexViewModel_Calculates_EntryPercentages_Correctly" />
    </UnitTest>
  </TestDefinitions>
  <TestLists>
    <TestList name="Results Not in a List" id="8c84fa94-04c1-424b-9868-57a2d4851a1d" />
    <TestList name="All Loaded Results" id="19431567-8539-422a-85d7-44ee4e166bda" />
  </TestLists>
  <TestEntries>
    <TestEntry testId="abcf5d5d-8404-5642-cf7e-9de58e6a1ade" executionId="f4ed01ab-129d-451e-a891-bd42978079e3" testListId="8c84fa94-04c1-424b-9868-57a2d4851a1d" />
  </TestEntries>
  <Results>
    <UnitTestResult executionId="f4ed01ab-129d-451e-a891-bd42978079e3" testId="abcf5d5d-8404-5642-cf7e-9de58e6a1ade" testName="Test_AssembleHomeIndexViewModel_Calculates_EntryPercentages_Correctly" computerName="JCLAES-PC" duration="00:00:00.4263828" startTime="2011-11-13T18:06:18.6111599+01:00" endTime="2011-11-13T18:06:19.5003615+01:00" testType="13cdc9d9-ddb5-4fa4-a97d-d965ccfc6d4b" outcome="Passed" testListId="8c84fa94-04c1-424b-9868-57a2d4851a1d" relativeResultsDirectory="f4ed01ab-129d-451e-a891-bd42978079e3">
    </UnitTestResult>
  </Results>
</TestRun>