<?xml version="1.0" encoding="UTF-8"?>
<TestRun id="161bf5d3-d6b1-4a84-9854-1882feb2b5a0" name="JClaes@JCLAES-PC 2011-12-12 15:51:05" runUser="JClaes-PC\JClaes" xmlns="http://microsoft.com/schemas/VisualStudio/TeamTest/2010">
  <TestSettings name="Local" id="ab47060e-8f44-4890-bca8-a8d97dbd8c88">
    <Description>These are default test settings for a local test run.</Description>
    <Deployment enabled="false" runDeploymentRoot="JClaes_JCLAES-PC 2011-12-12 15_51_05">
      <DeploymentItem filename="C:\Users\JClaes\Docary\Docary\Docary.Repositories.EF\bin\Debug\Docary.Repositories.EF.dll" />
      <DeploymentItem filename="C:\Users\JClaes\Docary\Docary\Docary.Assemblers\Lib\AutoMapper.dll" />
      <DeploymentItem filename="C:\Users\JClaes\Docary\Docary\Docary.Assemblers\bin\Debug\Docary.ViewModelAssemblers.dll" />
      <DeploymentItem filename="C:\Users\JClaes\Docary\Docary\Docary.Models\bin\Debug\Docary.Models.dll" />
      <DeploymentItem filename="C:\Users\JClaes\Docary\Docary\Docary.ViewModels\bin\Debug\Docary.ViewModels.dll" />
      <DeploymentItem filename="C:\Users\JClaes\Docary\Docary\Docary.Services\Lib\EntityFramework.dll" />
      <DeploymentItem filename="C:\Users\JClaes\Docary\Docary\Docary.Repositories\bin\Debug\Docary.Repositories.dll" />
      <DeploymentItem filename="C:\Users\JClaes\Docary\Docary\Docary.Services\bin\Debug\Docary.Services.dll" />
      <DeploymentItem filename="C:\Users\JClaes\Docary\Docary\packages\Moq.4.0.10827\lib\NET40\Moq.dll" />
      <DeploymentItem filename="C:\Users\JClaes\Docary\Docary\Docary.ViewModelExtractors\bin\Debug\Docary.ViewModelExtractors.dll" />
    </Deployment>
    <Execution>
      <TestTypeSpecific />
      <AgentRule name="Execution Agents">
      </AgentRule>
    </Execution>
  </TestSettings>
  <Times creation="2011-12-12T15:51:05.8733228+01:00" queuing="2011-12-12T15:51:06.0761231+01:00" start="2011-12-12T15:51:06.0917232+01:00" finish="2011-12-12T15:51:09.6173294+01:00" />
  <ResultSummary outcome="Completed">
    <Counters total="19" executed="19" passed="19" error="0" failed="0" timeout="0" aborted="0" inconclusive="0" passedButRunAborted="0" notRunnable="0" notExecuted="0" disconnected="0" warning="0" completed="0" inProgress="0" pending="0" />
  </ResultSummary>
  <TestDefinitions>
    <UnitTest name="Test_AddEntry_Throws_ArgumentNullException_On_Null_EmptyUserId" storage="c:\users\jclaes\docary\docary\docary.services.tests\bin\debug\docary.services.tests.dll" id="3b4c1e1a-1a68-d2e2-805b-95eac4c6403f">
      <Execution id="9157ee4f-9980-4b04-a9e7-29eb1eacf13e" />
      <TestMethod codeBase="C:/Users/JClaes/Docary/Docary/Docary.Services.Tests/bin/Debug/Docary.Services.Tests.DLL" adapterTypeName="Microsoft.VisualStudio.TestTools.TestTypes.Unit.UnitTestAdapter, Microsoft.VisualStudio.QualityTools.Tips.UnitTest.Adapter, Version=10.0.0.0, Culture=neutral, PublicKeyToken=b03f5f7f11d50a3a" className="Docary.Services.Tests.EntryServiceTest, Docary.Services.Tests, Version=1.0.0.0, Culture=neutral, PublicKeyToken=null" name="Test_AddEntry_Throws_ArgumentNullException_On_Null_EmptyUserId" />
    </UnitTest>
    <UnitTest name="Test_AddEntry_Updates_Previous_Entry_Stopped_On_Property_To_Now" storage="c:\users\jclaes\docary\docary\docary.services.tests\bin\debug\docary.services.tests.dll" id="1fdf0826-5b2d-6979-88de-1c6187a40be0">
      <Execution id="7a36e0a6-8064-4c5e-9461-2c6fc391047c" />
      <TestMethod codeBase="C:/Users/JClaes/Docary/Docary/Docary.Services.Tests/bin/Debug/Docary.Services.Tests.DLL" adapterTypeName="Microsoft.VisualStudio.TestTools.TestTypes.Unit.UnitTestAdapter, Microsoft.VisualStudio.QualityTools.Tips.UnitTest.Adapter, Version=10.0.0.0, Culture=neutral, PublicKeyToken=b03f5f7f11d50a3a" className="Docary.Services.Tests.EntryServiceTest, Docary.Services.Tests, Version=1.0.0.0, Culture=neutral, PublicKeyToken=null" name="Test_AddEntry_Updates_Previous_Entry_Stopped_On_Property_To_Now" />
    </UnitTest>
    <UnitTest name="Test_AssembleHomeIndexViewModel_Populates_The_Tag_Property" storage="c:\users\jclaes\docary\docary\docary.viewmodelassemblers.test\bin\debug\docary.viewmodelassemblers.test.dll" id="3659f2c5-14ac-e382-664d-a6a09cc8e7ec">
      <Execution id="02875dff-1583-4891-a108-f077fdd951b3" />
      <TestMethod codeBase="C:/Users/JClaes/Docary/Docary/Docary.ViewModelAssemblers.Test/bin/Debug/Docary.ViewModelAssemblers.Test.DLL" adapterTypeName="Microsoft.VisualStudio.TestTools.TestTypes.Unit.UnitTestAdapter, Microsoft.VisualStudio.QualityTools.Tips.UnitTest.Adapter, Version=10.0.0.0, Culture=neutral, PublicKeyToken=b03f5f7f11d50a3a" className="Docary.ViewModelAssemblers.Test.Desktop.HomeAssemblerTests, Docary.ViewModelAssemblers.Test, Version=1.0.0.0, Culture=neutral, PublicKeyToken=null" name="Test_AssembleHomeIndexViewModel_Populates_The_Tag_Property" />
    </UnitTest>
    <UnitTest name="Test_AddEntry_Adds_Random_Color_To_Unresolvable_EntryTag" storage="c:\users\jclaes\docary\docary\docary.services.tests\bin\debug\docary.services.tests.dll" id="c43bf297-8726-5ada-d88f-e68af50ce651">
      <Execution id="6561e499-7338-453b-8505-67579dc76aa7" />
      <TestMethod codeBase="C:/Users/JClaes/Docary/Docary/Docary.Services.Tests/bin/Debug/Docary.Services.Tests.DLL" adapterTypeName="Microsoft.VisualStudio.TestTools.TestTypes.Unit.UnitTestAdapter, Microsoft.VisualStudio.QualityTools.Tips.UnitTest.Adapter, Version=10.0.0.0, Culture=neutral, PublicKeyToken=b03f5f7f11d50a3a" className="Docary.Services.Tests.EntryServiceTest, Docary.Services.Tests, Version=1.0.0.0, Culture=neutral, PublicKeyToken=null" name="Test_AddEntry_Adds_Random_Color_To_Unresolvable_EntryTag" />
    </UnitTest>
    <UnitTest name="Test_AssembleHomeIndexViewModel_Defaults_Dates" storage="c:\users\jclaes\docary\docary\docary.viewmodelassemblers.test\bin\debug\docary.viewmodelassemblers.test.dll" id="06d83fc6-900c-c719-3c9d-dc2c692a6fd1">
      <Execution id="823d2bf1-8d0e-48a9-9055-a4f5c9061408" />
      <TestMethod codeBase="C:/Users/JClaes/Docary/Docary/Docary.ViewModelAssemblers.Test/bin/Debug/Docary.ViewModelAssemblers.Test.DLL" adapterTypeName="Microsoft.VisualStudio.TestTools.TestTypes.Unit.UnitTestAdapter, Microsoft.VisualStudio.QualityTools.Tips.UnitTest.Adapter, Version=10.0.0.0, Culture=neutral, PublicKeyToken=b03f5f7f11d50a3a" className="Docary.ViewModelAssemblers.Test.Desktop.HomeAssemblerTests, Docary.ViewModelAssemblers.Test, Version=1.0.0.0, Culture=neutral, PublicKeyToken=null" name="Test_AssembleHomeIndexViewModel_Defaults_Dates" />
    </UnitTest>
    <UnitTest name="Test_AddEntry_Adds_Entry" storage="c:\users\jclaes\docary\docary\docary.services.tests\bin\debug\docary.services.tests.dll" id="773cd6e9-1ab5-b84a-f48b-c322dcf90002">
      <Execution id="09f5a082-f1cf-4ff6-8120-877e163fea4f" />
      <TestMethod codeBase="C:/Users/JClaes/Docary/Docary/Docary.Services.Tests/bin/Debug/Docary.Services.Tests.DLL" adapterTypeName="Microsoft.VisualStudio.TestTools.TestTypes.Unit.UnitTestAdapter, Microsoft.VisualStudio.QualityTools.Tips.UnitTest.Adapter, Version=10.0.0.0, Culture=neutral, PublicKeyToken=b03f5f7f11d50a3a" className="Docary.Services.Tests.EntryServiceTest, Docary.Services.Tests, Version=1.0.0.0, Culture=neutral, PublicKeyToken=null" name="Test_AddEntry_Adds_Entry" />
    </UnitTest>
    <UnitTest name="Test_AddEntry_Adds_Unresolvable_Location" storage="c:\users\jclaes\docary\docary\docary.services.tests\bin\debug\docary.services.tests.dll" id="161f4b91-fe45-47ff-abcf-55ba35a04867">
      <Execution id="94135ca3-842f-4bb0-91e7-d44d5c4406e2" />
      <TestMethod codeBase="C:/Users/JClaes/Docary/Docary/Docary.Services.Tests/bin/Debug/Docary.Services.Tests.DLL" adapterTypeName="Microsoft.VisualStudio.TestTools.TestTypes.Unit.UnitTestAdapter, Microsoft.VisualStudio.QualityTools.Tips.UnitTest.Adapter, Version=10.0.0.0, Culture=neutral, PublicKeyToken=b03f5f7f11d50a3a" className="Docary.Services.Tests.EntryServiceTest, Docary.Services.Tests, Version=1.0.0.0, Culture=neutral, PublicKeyToken=null" name="Test_AddEntry_Adds_Unresolvable_Location" />
    </UnitTest>
    <UnitTest name="Test_ExtractEntry_Extracts_Location" storage="c:\users\jclaes\docary\docary\docary.viewmodelextractors.tests\bin\debug\docary.viewmodelextractors.tests.dll" id="299c8b34-16fd-2ab6-8232-65326c4dddc3">
      <Execution id="997335cc-f7e8-40a4-ac18-94088cfac7f5" />
      <TestMethod codeBase="C:/Users/JClaes/Docary/Docary/Docary.ViewModelExtractors.Tests/bin/Debug/Docary.ViewModelExtractors.Tests.DLL" adapterTypeName="Microsoft.VisualStudio.TestTools.TestTypes.Unit.UnitTestAdapter, Microsoft.VisualStudio.QualityTools.Tips.UnitTest.Adapter, Version=10.0.0.0, Culture=neutral, PublicKeyToken=b03f5f7f11d50a3a" className="Docary.ViewModelExtractors.Tests.AddEntryViewModelExtractorsTest, Docary.ViewModelExtractors.Tests, Version=1.0.0.0, Culture=neutral, PublicKeyToken=null" name="Test_ExtractEntry_Extracts_Location" />
    </UnitTest>
    <UnitTest name="Test_ExtractEntry_Extracts_Tag" storage="c:\users\jclaes\docary\docary\docary.viewmodelextractors.tests\bin\debug\docary.viewmodelextractors.tests.dll" id="3dbddf46-2b59-4a21-40ca-947f358b6c90">
      <Execution id="45923492-0f5a-4762-ac3b-5cb7c7fa870a" />
      <TestMethod codeBase="C:/Users/JClaes/Docary/Docary/Docary.ViewModelExtractors.Tests/bin/Debug/Docary.ViewModelExtractors.Tests.DLL" adapterTypeName="Microsoft.VisualStudio.TestTools.TestTypes.Unit.UnitTestAdapter, Microsoft.VisualStudio.QualityTools.Tips.UnitTest.Adapter, Version=10.0.0.0, Culture=neutral, PublicKeyToken=b03f5f7f11d50a3a" className="Docary.ViewModelExtractors.Tests.AddEntryViewModelExtractorsTest, Docary.ViewModelExtractors.Tests, Version=1.0.0.0, Culture=neutral, PublicKeyToken=null" name="Test_ExtractEntry_Extracts_Tag" />
    </UnitTest>
    <UnitTest name="Test_ExtractEntry_Extracts_Meta" storage="c:\users\jclaes\docary\docary\docary.viewmodelextractors.tests\bin\debug\docary.viewmodelextractors.tests.dll" id="ef9f3eeb-9539-8b11-4361-9b2d1646ca12">
      <Execution id="ddde4bae-e0fa-47a4-9ac4-8cfac8e6c2c0" />
      <TestMethod codeBase="C:/Users/JClaes/Docary/Docary/Docary.ViewModelExtractors.Tests/bin/Debug/Docary.ViewModelExtractors.Tests.DLL" adapterTypeName="Microsoft.VisualStudio.TestTools.TestTypes.Unit.UnitTestAdapter, Microsoft.VisualStudio.QualityTools.Tips.UnitTest.Adapter, Version=10.0.0.0, Culture=neutral, PublicKeyToken=b03f5f7f11d50a3a" className="Docary.ViewModelExtractors.Tests.AddEntryViewModelExtractorsTest, Docary.ViewModelExtractors.Tests, Version=1.0.0.0, Culture=neutral, PublicKeyToken=null" name="Test_ExtractEntry_Extracts_Meta" />
    </UnitTest>
    <UnitTest name="Test_AddEntry_Throws_ArgumentNullException_On_Null_Entry" storage="c:\users\jclaes\docary\docary\docary.services.tests\bin\debug\docary.services.tests.dll" id="af0d5136-9541-2efb-9ac2-5bd70ce52a5a">
      <Execution id="65b28359-b844-495c-9fec-18495fd7787e" />
      <TestMethod codeBase="C:/Users/JClaes/Docary/Docary/Docary.Services.Tests/bin/Debug/Docary.Services.Tests.DLL" adapterTypeName="Microsoft.VisualStudio.TestTools.TestTypes.Unit.UnitTestAdapter, Microsoft.VisualStudio.QualityTools.Tips.UnitTest.Adapter, Version=10.0.0.0, Culture=neutral, PublicKeyToken=b03f5f7f11d50a3a" className="Docary.Services.Tests.EntryServiceTest, Docary.Services.Tests, Version=1.0.0.0, Culture=neutral, PublicKeyToken=null" name="Test_AddEntry_Throws_ArgumentNullException_On_Null_Entry" />
    </UnitTest>
    <UnitTest name="Test_AddEntry_Adds_Unresolvable_EntryTag" storage="c:\users\jclaes\docary\docary\docary.services.tests\bin\debug\docary.services.tests.dll" id="eaef3a85-26fa-4f22-a071-c94e9181466c">
      <Execution id="795be126-0ee4-407f-84b6-ce8e17f6ec6b" />
      <TestMethod codeBase="C:/Users/JClaes/Docary/Docary/Docary.Services.Tests/bin/Debug/Docary.Services.Tests.DLL" adapterTypeName="Microsoft.VisualStudio.TestTools.TestTypes.Unit.UnitTestAdapter, Microsoft.VisualStudio.QualityTools.Tips.UnitTest.Adapter, Version=10.0.0.0, Culture=neutral, PublicKeyToken=b03f5f7f11d50a3a" className="Docary.Services.Tests.EntryServiceTest, Docary.Services.Tests, Version=1.0.0.0, Culture=neutral, PublicKeyToken=null" name="Test_AddEntry_Adds_Unresolvable_EntryTag" />
    </UnitTest>
    <UnitTest name="Test_AssembleHomeIndexViewModel_Initializes_EntryGroups" storage="c:\users\jclaes\docary\docary\docary.viewmodelassemblers.test\bin\debug\docary.viewmodelassemblers.test.dll" id="4f459dc5-dc2d-adf5-9e88-d379aa608955">
      <Execution id="0f181fdf-a33f-4383-ade1-182aee59619c" />
      <TestMethod codeBase="C:/Users/JClaes/Docary/Docary/Docary.ViewModelAssemblers.Test/bin/Debug/Docary.ViewModelAssemblers.Test.DLL" adapterTypeName="Microsoft.VisualStudio.TestTools.TestTypes.Unit.UnitTestAdapter, Microsoft.VisualStudio.QualityTools.Tips.UnitTest.Adapter, Version=10.0.0.0, Culture=neutral, PublicKeyToken=b03f5f7f11d50a3a" className="Docary.ViewModelAssemblers.Test.Mobile.HomeAssemblerTest, Docary.ViewModelAssemblers.Test, Version=1.0.0.0, Culture=neutral, PublicKeyToken=null" name="Test_AssembleHomeIndexViewModel_Initializes_EntryGroups" />
    </UnitTest>
    <UnitTest name="Test_AddEntry_Does_Not_Add_Existing_Tag" storage="c:\users\jclaes\docary\docary\docary.services.tests\bin\debug\docary.services.tests.dll" id="ba5630ea-9a35-7dab-e12d-63ab2321ee3f">
      <Execution id="3c2c3ff0-d7d4-4eb5-8f2f-7d02fe0fd4af" />
      <TestMethod codeBase="C:/Users/JClaes/Docary/Docary/Docary.Services.Tests/bin/Debug/Docary.Services.Tests.DLL" adapterTypeName="Microsoft.VisualStudio.TestTools.TestTypes.Unit.UnitTestAdapter, Microsoft.VisualStudio.QualityTools.Tips.UnitTest.Adapter, Version=10.0.0.0, Culture=neutral, PublicKeyToken=b03f5f7f11d50a3a" className="Docary.Services.Tests.EntryServiceTest, Docary.Services.Tests, Version=1.0.0.0, Culture=neutral, PublicKeyToken=null" name="Test_AddEntry_Does_Not_Add_Existing_Tag" />
    </UnitTest>
    <UnitTest name="Test_AssembleHomeIndexViewModel_Groups_Entries_Correctly" storage="c:\users\jclaes\docary\docary\docary.viewmodelassemblers.test\bin\debug\docary.viewmodelassemblers.test.dll" id="306aed28-4e38-1a76-0e0a-1acc97c1d39b">
      <Execution id="6a959a1f-427f-45cc-a0fe-0e1e9a2b78df" />
      <TestMethod codeBase="C:/Users/JClaes/Docary/Docary/Docary.ViewModelAssemblers.Test/bin/Debug/Docary.ViewModelAssemblers.Test.DLL" adapterTypeName="Microsoft.VisualStudio.TestTools.TestTypes.Unit.UnitTestAdapter, Microsoft.VisualStudio.QualityTools.Tips.UnitTest.Adapter, Version=10.0.0.0, Culture=neutral, PublicKeyToken=b03f5f7f11d50a3a" className="Docary.ViewModelAssemblers.Test.Mobile.HomeAssemblerTest, Docary.ViewModelAssemblers.Test, Version=1.0.0.0, Culture=neutral, PublicKeyToken=null" name="Test_AssembleHomeIndexViewModel_Groups_Entries_Correctly" />
    </UnitTest>
    <UnitTest name="Test_AssembleHomeIndexViewModel_Calculates_EntryPercentages_Correctly" storage="c:\users\jclaes\docary\docary\docary.viewmodelassemblers.test\bin\debug\docary.viewmodelassemblers.test.dll" id="abcf5d5d-8404-5642-cf7e-9de58e6a1ade">
      <Execution id="2ead6489-08d4-4a32-9aea-d7012ff71d72" />
      <TestMethod codeBase="C:/Users/JClaes/Docary/Docary/Docary.ViewModelAssemblers.Test/bin/Debug/Docary.ViewModelAssemblers.Test.DLL" adapterTypeName="Microsoft.VisualStudio.TestTools.TestTypes.Unit.UnitTestAdapter, Microsoft.VisualStudio.QualityTools.Tips.UnitTest.Adapter, Version=10.0.0.0, Culture=neutral, PublicKeyToken=b03f5f7f11d50a3a" className="Docary.ViewModelAssemblers.Test.Desktop.HomeAssemblerTests, Docary.ViewModelAssemblers.Test, Version=1.0.0.0, Culture=neutral, PublicKeyToken=null" name="Test_AssembleHomeIndexViewModel_Calculates_EntryPercentages_Correctly" />
    </UnitTest>
    <UnitTest name="Test_AssembleHomeIndexViewModel_Groups_Entries_Correctly" storage="c:\users\jclaes\docary\docary\docary.viewmodelassemblers.test\bin\debug\docary.viewmodelassemblers.test.dll" id="7387cbec-a8bc-acd9-73f3-936c635cd6d9">
      <Execution id="8de475f8-e0d7-4f66-abbc-86af0a064521" />
      <TestMethod codeBase="C:/Users/JClaes/Docary/Docary/Docary.ViewModelAssemblers.Test/bin/Debug/Docary.ViewModelAssemblers.Test.DLL" adapterTypeName="Microsoft.VisualStudio.TestTools.TestTypes.Unit.UnitTestAdapter, Microsoft.VisualStudio.QualityTools.Tips.UnitTest.Adapter, Version=10.0.0.0, Culture=neutral, PublicKeyToken=b03f5f7f11d50a3a" className="Docary.ViewModelAssemblers.Test.Desktop.HomeAssemblerTests, Docary.ViewModelAssemblers.Test, Version=1.0.0.0, Culture=neutral, PublicKeyToken=null" name="Test_AssembleHomeIndexViewModel_Groups_Entries_Correctly" />
    </UnitTest>
    <UnitTest name="Test_AddEntry_Does_Not_Add_Existing_Location" storage="c:\users\jclaes\docary\docary\docary.services.tests\bin\debug\docary.services.tests.dll" id="4f86ace9-41ca-9ca2-027b-120fede948da">
      <Execution id="190342d4-e9c8-40eb-99cc-268858c66772" />
      <TestMethod codeBase="C:/Users/JClaes/Docary/Docary/Docary.Services.Tests/bin/Debug/Docary.Services.Tests.DLL" adapterTypeName="Microsoft.VisualStudio.TestTools.TestTypes.Unit.UnitTestAdapter, Microsoft.VisualStudio.QualityTools.Tips.UnitTest.Adapter, Version=10.0.0.0, Culture=neutral, PublicKeyToken=b03f5f7f11d50a3a" className="Docary.Services.Tests.EntryServiceTest, Docary.Services.Tests, Version=1.0.0.0, Culture=neutral, PublicKeyToken=null" name="Test_AddEntry_Does_Not_Add_Existing_Location" />
    </UnitTest>
    <UnitTest name="Test_GetRandom_Returns_Random_Colors" storage="c:\users\jclaes\docary\docary\docary.services.tests\bin\debug\docary.services.tests.dll" id="323e53b8-d46c-a34c-30e3-4c0b1895bf11">
      <Execution id="61de02b2-ecf2-4eb2-a035-11b86e010393" />
      <TestMethod codeBase="C:/Users/JClaes/Docary/Docary/Docary.Services.Tests/bin/Debug/Docary.Services.Tests.DLL" adapterTypeName="Microsoft.VisualStudio.TestTools.TestTypes.Unit.UnitTestAdapter, Microsoft.VisualStudio.QualityTools.Tips.UnitTest.Adapter, Version=10.0.0.0, Culture=neutral, PublicKeyToken=b03f5f7f11d50a3a" className="Docary.Services.Tests.TimelineColorServiceTest, Docary.Services.Tests, Version=1.0.0.0, Culture=neutral, PublicKeyToken=null" name="Test_GetRandom_Returns_Random_Colors" />
    </UnitTest>
  </TestDefinitions>
  <TestLists>
    <TestList name="Results Not in a List" id="8c84fa94-04c1-424b-9868-57a2d4851a1d" />
    <TestList name="All Loaded Results" id="19431567-8539-422a-85d7-44ee4e166bda" />
  </TestLists>
  <TestEntries>
    <TestEntry testId="06d83fc6-900c-c719-3c9d-dc2c692a6fd1" executionId="823d2bf1-8d0e-48a9-9055-a4f5c9061408" testListId="8c84fa94-04c1-424b-9868-57a2d4851a1d" />
    <TestEntry testId="161f4b91-fe45-47ff-abcf-55ba35a04867" executionId="94135ca3-842f-4bb0-91e7-d44d5c4406e2" testListId="8c84fa94-04c1-424b-9868-57a2d4851a1d" />
    <TestEntry testId="1fdf0826-5b2d-6979-88de-1c6187a40be0" executionId="7a36e0a6-8064-4c5e-9461-2c6fc391047c" testListId="8c84fa94-04c1-424b-9868-57a2d4851a1d" />
    <TestEntry testId="299c8b34-16fd-2ab6-8232-65326c4dddc3" executionId="997335cc-f7e8-40a4-ac18-94088cfac7f5" testListId="8c84fa94-04c1-424b-9868-57a2d4851a1d" />
    <TestEntry testId="306aed28-4e38-1a76-0e0a-1acc97c1d39b" executionId="6a959a1f-427f-45cc-a0fe-0e1e9a2b78df" testListId="8c84fa94-04c1-424b-9868-57a2d4851a1d" />
    <TestEntry testId="323e53b8-d46c-a34c-30e3-4c0b1895bf11" executionId="61de02b2-ecf2-4eb2-a035-11b86e010393" testListId="8c84fa94-04c1-424b-9868-57a2d4851a1d" />
    <TestEntry testId="3659f2c5-14ac-e382-664d-a6a09cc8e7ec" executionId="02875dff-1583-4891-a108-f077fdd951b3" testListId="8c84fa94-04c1-424b-9868-57a2d4851a1d" />
    <TestEntry testId="3b4c1e1a-1a68-d2e2-805b-95eac4c6403f" executionId="9157ee4f-9980-4b04-a9e7-29eb1eacf13e" testListId="8c84fa94-04c1-424b-9868-57a2d4851a1d" />
    <TestEntry testId="3dbddf46-2b59-4a21-40ca-947f358b6c90" executionId="45923492-0f5a-4762-ac3b-5cb7c7fa870a" testListId="8c84fa94-04c1-424b-9868-57a2d4851a1d" />
    <TestEntry testId="4f459dc5-dc2d-adf5-9e88-d379aa608955" executionId="0f181fdf-a33f-4383-ade1-182aee59619c" testListId="8c84fa94-04c1-424b-9868-57a2d4851a1d" />
    <TestEntry testId="4f86ace9-41ca-9ca2-027b-120fede948da" executionId="190342d4-e9c8-40eb-99cc-268858c66772" testListId="8c84fa94-04c1-424b-9868-57a2d4851a1d" />
    <TestEntry testId="7387cbec-a8bc-acd9-73f3-936c635cd6d9" executionId="8de475f8-e0d7-4f66-abbc-86af0a064521" testListId="8c84fa94-04c1-424b-9868-57a2d4851a1d" />
    <TestEntry testId="773cd6e9-1ab5-b84a-f48b-c322dcf90002" executionId="09f5a082-f1cf-4ff6-8120-877e163fea4f" testListId="8c84fa94-04c1-424b-9868-57a2d4851a1d" />
    <TestEntry testId="abcf5d5d-8404-5642-cf7e-9de58e6a1ade" executionId="2ead6489-08d4-4a32-9aea-d7012ff71d72" testListId="8c84fa94-04c1-424b-9868-57a2d4851a1d" />
    <TestEntry testId="af0d5136-9541-2efb-9ac2-5bd70ce52a5a" executionId="65b28359-b844-495c-9fec-18495fd7787e" testListId="8c84fa94-04c1-424b-9868-57a2d4851a1d" />
    <TestEntry testId="ba5630ea-9a35-7dab-e12d-63ab2321ee3f" executionId="3c2c3ff0-d7d4-4eb5-8f2f-7d02fe0fd4af" testListId="8c84fa94-04c1-424b-9868-57a2d4851a1d" />
    <TestEntry testId="c43bf297-8726-5ada-d88f-e68af50ce651" executionId="6561e499-7338-453b-8505-67579dc76aa7" testListId="8c84fa94-04c1-424b-9868-57a2d4851a1d" />
    <TestEntry testId="eaef3a85-26fa-4f22-a071-c94e9181466c" executionId="795be126-0ee4-407f-84b6-ce8e17f6ec6b" testListId="8c84fa94-04c1-424b-9868-57a2d4851a1d" />
    <TestEntry testId="ef9f3eeb-9539-8b11-4361-9b2d1646ca12" executionId="ddde4bae-e0fa-47a4-9ac4-8cfac8e6c2c0" testListId="8c84fa94-04c1-424b-9868-57a2d4851a1d" />
  </TestEntries>
  <Results>
    <UnitTestResult executionId="823d2bf1-8d0e-48a9-9055-a4f5c9061408" testId="06d83fc6-900c-c719-3c9d-dc2c692a6fd1" testName="Test_AssembleHomeIndexViewModel_Defaults_Dates" computerName="JCLAES-PC" duration="00:00:00.4038657" startTime="2011-12-12T15:51:06.0917232+01:00" endTime="2011-12-12T15:51:06.9029246+01:00" testType="13cdc9d9-ddb5-4fa4-a97d-d965ccfc6d4b" outcome="Passed" testListId="8c84fa94-04c1-424b-9868-57a2d4851a1d" relativeResultsDirectory="823d2bf1-8d0e-48a9-9055-a4f5c9061408">
    </UnitTestResult>
    <UnitTestResult executionId="94135ca3-842f-4bb0-91e7-d44d5c4406e2" testId="161f4b91-fe45-47ff-abcf-55ba35a04867" testName="Test_AddEntry_Adds_Unresolvable_Location" computerName="JCLAES-PC" duration="00:00:00.3365565" startTime="2011-12-12T15:51:06.9029246+01:00" endTime="2011-12-12T15:51:07.6049258+01:00" testType="13cdc9d9-ddb5-4fa4-a97d-d965ccfc6d4b" outcome="Passed" testListId="8c84fa94-04c1-424b-9868-57a2d4851a1d" relativeResultsDirectory="94135ca3-842f-4bb0-91e7-d44d5c4406e2">
    </UnitTestResult>
    <UnitTestResult executionId="7a36e0a6-8064-4c5e-9461-2c6fc391047c" testId="1fdf0826-5b2d-6979-88de-1c6187a40be0" testName="Test_AddEntry_Updates_Previous_Entry_Stopped_On_Property_To_Now" computerName="JCLAES-PC" duration="00:00:00.0067126" startTime="2011-12-12T15:51:07.6049258+01:00" endTime="2011-12-12T15:51:07.6049258+01:00" testType="13cdc9d9-ddb5-4fa4-a97d-d965ccfc6d4b" outcome="Passed" testListId="8c84fa94-04c1-424b-9868-57a2d4851a1d" relativeResultsDirectory="7a36e0a6-8064-4c5e-9461-2c6fc391047c">
    </UnitTestResult>
    <UnitTestResult executionId="997335cc-f7e8-40a4-ac18-94088cfac7f5" testId="299c8b34-16fd-2ab6-8232-65326c4dddc3" testName="Test_ExtractEntry_Extracts_Location" computerName="JCLAES-PC" duration="00:00:00.0297638" startTime="2011-12-12T15:51:07.6049258+01:00" endTime="2011-12-12T15:51:07.9325264+01:00" testType="13cdc9d9-ddb5-4fa4-a97d-d965ccfc6d4b" outcome="Passed" testListId="8c84fa94-04c1-424b-9868-57a2d4851a1d" relativeResultsDirectory="997335cc-f7e8-40a4-ac18-94088cfac7f5">
    </UnitTestResult>
    <UnitTestResult executionId="6a959a1f-427f-45cc-a0fe-0e1e9a2b78df" testId="306aed28-4e38-1a76-0e0a-1acc97c1d39b" testName="Test_AssembleHomeIndexViewModel_Groups_Entries_Correctly" computerName="JCLAES-PC" duration="00:00:00.0079964" startTime="2011-12-12T15:51:07.9325264+01:00" endTime="2011-12-12T15:51:07.9481264+01:00" testType="13cdc9d9-ddb5-4fa4-a97d-d965ccfc6d4b" outcome="Passed" testListId="8c84fa94-04c1-424b-9868-57a2d4851a1d" relativeResultsDirectory="6a959a1f-427f-45cc-a0fe-0e1e9a2b78df">
    </UnitTestResult>
    <UnitTestResult executionId="61de02b2-ecf2-4eb2-a035-11b86e010393" testId="323e53b8-d46c-a34c-30e3-4c0b1895bf11" testName="Test_GetRandom_Returns_Random_Colors" computerName="JCLAES-PC" duration="00:00:01.4765185" startTime="2011-12-12T15:51:07.9481264+01:00" endTime="2011-12-12T15:51:09.4301290+01:00" testType="13cdc9d9-ddb5-4fa4-a97d-d965ccfc6d4b" outcome="Passed" testListId="8c84fa94-04c1-424b-9868-57a2d4851a1d" relativeResultsDirectory="61de02b2-ecf2-4eb2-a035-11b86e010393">
    </UnitTestResult>
    <UnitTestResult executionId="02875dff-1583-4891-a108-f077fdd951b3" testId="3659f2c5-14ac-e382-664d-a6a09cc8e7ec" testName="Test_AssembleHomeIndexViewModel_Populates_The_Tag_Property" computerName="JCLAES-PC" duration="00:00:00.0036241" startTime="2011-12-12T15:51:09.4301290+01:00" endTime="2011-12-12T15:51:09.4457291+01:00" testType="13cdc9d9-ddb5-4fa4-a97d-d965ccfc6d4b" outcome="Passed" testListId="8c84fa94-04c1-424b-9868-57a2d4851a1d" relativeResultsDirectory="02875dff-1583-4891-a108-f077fdd951b3">
    </UnitTestResult>
    <UnitTestResult executionId="9157ee4f-9980-4b04-a9e7-29eb1eacf13e" testId="3b4c1e1a-1a68-d2e2-805b-95eac4c6403f" testName="Test_AddEntry_Throws_ArgumentNullException_On_Null_EmptyUserId" computerName="JCLAES-PC" duration="00:00:00.0063963" startTime="2011-12-12T15:51:09.4457291+01:00" endTime="2011-12-12T15:51:09.4457291+01:00" testType="13cdc9d9-ddb5-4fa4-a97d-d965ccfc6d4b" outcome="Passed" testListId="8c84fa94-04c1-424b-9868-57a2d4851a1d" relativeResultsDirectory="9157ee4f-9980-4b04-a9e7-29eb1eacf13e">
    </UnitTestResult>
    <UnitTestResult executionId="45923492-0f5a-4762-ac3b-5cb7c7fa870a" testId="3dbddf46-2b59-4a21-40ca-947f358b6c90" testName="Test_ExtractEntry_Extracts_Tag" computerName="JCLAES-PC" duration="00:00:00.0003522" startTime="2011-12-12T15:51:09.4457291+01:00" endTime="2011-12-12T15:51:09.4613291+01:00" testType="13cdc9d9-ddb5-4fa4-a97d-d965ccfc6d4b" outcome="Passed" testListId="8c84fa94-04c1-424b-9868-57a2d4851a1d" relativeResultsDirectory="45923492-0f5a-4762-ac3b-5cb7c7fa870a">
    </UnitTestResult>
    <UnitTestResult executionId="0f181fdf-a33f-4383-ade1-182aee59619c" testId="4f459dc5-dc2d-adf5-9e88-d379aa608955" testName="Test_AssembleHomeIndexViewModel_Initializes_EntryGroups" computerName="JCLAES-PC" duration="00:00:00.0019612" startTime="2011-12-12T15:51:09.4613291+01:00" endTime="2011-12-12T15:51:09.4613291+01:00" testType="13cdc9d9-ddb5-4fa4-a97d-d965ccfc6d4b" outcome="Passed" testListId="8c84fa94-04c1-424b-9868-57a2d4851a1d" relativeResultsDirectory="0f181fdf-a33f-4383-ade1-182aee59619c">
    </UnitTestResult>
    <UnitTestResult executionId="190342d4-e9c8-40eb-99cc-268858c66772" testId="4f86ace9-41ca-9ca2-027b-120fede948da" testName="Test_AddEntry_Does_Not_Add_Existing_Location" computerName="JCLAES-PC" duration="00:00:00.0051106" startTime="2011-12-12T15:51:09.4613291+01:00" endTime="2011-12-12T15:51:09.4769291+01:00" testType="13cdc9d9-ddb5-4fa4-a97d-d965ccfc6d4b" outcome="Passed" testListId="8c84fa94-04c1-424b-9868-57a2d4851a1d" relativeResultsDirectory="190342d4-e9c8-40eb-99cc-268858c66772">
    </UnitTestResult>
    <UnitTestResult executionId="8de475f8-e0d7-4f66-abbc-86af0a064521" testId="7387cbec-a8bc-acd9-73f3-936c635cd6d9" testName="Test_AssembleHomeIndexViewModel_Groups_Entries_Correctly" computerName="JCLAES-PC" duration="00:00:00.0033624" startTime="2011-12-12T15:51:09.4769291+01:00" endTime="2011-12-12T15:51:09.4769291+01:00" testType="13cdc9d9-ddb5-4fa4-a97d-d965ccfc6d4b" outcome="Passed" testListId="8c84fa94-04c1-424b-9868-57a2d4851a1d" relativeResultsDirectory="8de475f8-e0d7-4f66-abbc-86af0a064521">
    </UnitTestResult>
    <UnitTestResult executionId="09f5a082-f1cf-4ff6-8120-877e163fea4f" testId="773cd6e9-1ab5-b84a-f48b-c322dcf90002" testName="Test_AddEntry_Adds_Entry" computerName="JCLAES-PC" duration="00:00:00.0049156" startTime="2011-12-12T15:51:09.4769291+01:00" endTime="2011-12-12T15:51:09.4925291+01:00" testType="13cdc9d9-ddb5-4fa4-a97d-d965ccfc6d4b" outcome="Passed" testListId="8c84fa94-04c1-424b-9868-57a2d4851a1d" relativeResultsDirectory="09f5a082-f1cf-4ff6-8120-877e163fea4f">
    </UnitTestResult>
    <UnitTestResult executionId="2ead6489-08d4-4a32-9aea-d7012ff71d72" testId="abcf5d5d-8404-5642-cf7e-9de58e6a1ade" testName="Test_AssembleHomeIndexViewModel_Calculates_EntryPercentages_Correctly" computerName="JCLAES-PC" duration="00:00:00.0032334" startTime="2011-12-12T15:51:09.4925291+01:00" endTime="2011-12-12T15:51:09.4925291+01:00" testType="13cdc9d9-ddb5-4fa4-a97d-d965ccfc6d4b" outcome="Passed" testListId="8c84fa94-04c1-424b-9868-57a2d4851a1d" relativeResultsDirectory="2ead6489-08d4-4a32-9aea-d7012ff71d72">
    </UnitTestResult>
    <UnitTestResult executionId="65b28359-b844-495c-9fec-18495fd7787e" testId="af0d5136-9541-2efb-9ac2-5bd70ce52a5a" testName="Test_AddEntry_Throws_ArgumentNullException_On_Null_Entry" computerName="JCLAES-PC" duration="00:00:00.0032648" startTime="2011-12-12T15:51:09.4925291+01:00" endTime="2011-12-12T15:51:09.5081292+01:00" testType="13cdc9d9-ddb5-4fa4-a97d-d965ccfc6d4b" outcome="Passed" testListId="8c84fa94-04c1-424b-9868-57a2d4851a1d" relativeResultsDirectory="65b28359-b844-495c-9fec-18495fd7787e">
    </UnitTestResult>
    <UnitTestResult executionId="3c2c3ff0-d7d4-4eb5-8f2f-7d02fe0fd4af" testId="ba5630ea-9a35-7dab-e12d-63ab2321ee3f" testName="Test_AddEntry_Does_Not_Add_Existing_Tag" computerName="JCLAES-PC" duration="00:00:00.0047321" startTime="2011-12-12T15:51:09.5081292+01:00" endTime="2011-12-12T15:51:09.5081292+01:00" testType="13cdc9d9-ddb5-4fa4-a97d-d965ccfc6d4b" outcome="Passed" testListId="8c84fa94-04c1-424b-9868-57a2d4851a1d" relativeResultsDirectory="3c2c3ff0-d7d4-4eb5-8f2f-7d02fe0fd4af">
    </UnitTestResult>
    <UnitTestResult executionId="6561e499-7338-453b-8505-67579dc76aa7" testId="c43bf297-8726-5ada-d88f-e68af50ce651" testName="Test_AddEntry_Adds_Random_Color_To_Unresolvable_EntryTag" computerName="JCLAES-PC" duration="00:00:00.0048758" startTime="2011-12-12T15:51:09.5081292+01:00" endTime="2011-12-12T15:51:09.5237292+01:00" testType="13cdc9d9-ddb5-4fa4-a97d-d965ccfc6d4b" outcome="Passed" testListId="8c84fa94-04c1-424b-9868-57a2d4851a1d" relativeResultsDirectory="6561e499-7338-453b-8505-67579dc76aa7">
    </UnitTestResult>
    <UnitTestResult executionId="795be126-0ee4-407f-84b6-ce8e17f6ec6b" testId="eaef3a85-26fa-4f22-a071-c94e9181466c" testName="Test_AddEntry_Adds_Unresolvable_EntryTag" computerName="JCLAES-PC" duration="00:00:00.0046821" startTime="2011-12-12T15:51:09.5237292+01:00" endTime="2011-12-12T15:51:09.5237292+01:00" testType="13cdc9d9-ddb5-4fa4-a97d-d965ccfc6d4b" outcome="Passed" testListId="8c84fa94-04c1-424b-9868-57a2d4851a1d" relativeResultsDirectory="795be126-0ee4-407f-84b6-ce8e17f6ec6b">
    </UnitTestResult>
    <UnitTestResult executionId="ddde4bae-e0fa-47a4-9ac4-8cfac8e6c2c0" testId="ef9f3eeb-9539-8b11-4361-9b2d1646ca12" testName="Test_ExtractEntry_Extracts_Meta" computerName="JCLAES-PC" duration="00:00:00.0003111" startTime="2011-12-12T15:51:09.5237292+01:00" endTime="2011-12-12T15:51:09.5393292+01:00" testType="13cdc9d9-ddb5-4fa4-a97d-d965ccfc6d4b" outcome="Passed" testListId="8c84fa94-04c1-424b-9868-57a2d4851a1d" relativeResultsDirectory="ddde4bae-e0fa-47a4-9ac4-8cfac8e6c2c0">
    </UnitTestResult>
  </Results>
</TestRun>