<?xml version="1.0" encoding="UTF-8"?>
<TestRun id="9b0d3923-9b52-45b2-a29d-4ce525f7c4f6" name="JClaes@JCLAES-PC 2011-10-18 18:09:46" runUser="JClaes-PC\JClaes" xmlns="http://microsoft.com/schemas/VisualStudio/TeamTest/2010">
  <TestSettings name="Local" id="ab47060e-8f44-4890-bca8-a8d97dbd8c88">
    <Description>These are default test settings for a local test run.</Description>
    <Deployment enabled="false" runDeploymentRoot="JClaes_JCLAES-PC 2011-10-18 18_09_46">
      <DeploymentItem filename="C:\Users\JClaes\Docary\Docary\Docary\bin\Docary.dll" />
      <DeploymentItem filename="C:\Users\JClaes\Docary\Docary\Docary.Repositories.EF.Tests\Lib\EntityFramework.dll" />
      <DeploymentItem filename="C:\Users\JClaes\Docary\Docary\packages\EntityFramework.4.1.10331.0\lib\EntityFramework.dll" />
      <DeploymentItem filename="C:\Users\JClaes\Docary\Docary\Docary.ViewModelExtractors\bin\Debug\Docary.ViewModelExtractors.dll" />
      <DeploymentItem filename="C:\Users\JClaes\Docary\Docary\Docary\Lib\WebActivator.dll" />
      <DeploymentItem filename="C:\Users\JClaes\Docary\Docary\Docary\Lib\Ninject.Web.Mvc.dll" />
      <DeploymentItem filename="C:\Users\JClaes\Docary\Docary\Docary.Services\Lib\EntityFramework.dll" />
      <DeploymentItem filename="C:\Users\JClaes\Docary\Docary\Docary.MvcExtensions\bin\Debug\Docary.MvcExtensions.dll" />
      <DeploymentItem filename="C:\Users\JClaes\Docary\Docary\Docary\Lib\Ninject.dll" />
      <DeploymentItem filename="C:\Users\JClaes\Docary\Docary\Docary.ViewModels\bin\Debug\Docary.ViewModels.dll" />
      <DeploymentItem filename="C:\Users\JClaes\Docary\Docary\Docary.Assemblers\bin\Debug\Docary.ViewModelAssemblers.dll" />
      <DeploymentItem filename="C:\Users\JClaes\Docary\Docary\Docary.Services\bin\Debug\Docary.Services.dll" />
      <DeploymentItem filename="C:\Users\JClaes\Docary\Docary\Docary.Assemblers\Lib\AutoMapper.dll" />
      <DeploymentItem filename="C:\Users\JClaes\Docary\Docary\Docary.Repositories.EF\bin\Debug\Docary.Repositories.EF.dll" />
      <DeploymentItem filename="C:\Users\JClaes\Docary\Docary\Docary.Models\bin\Debug\Docary.Models.dll" />
      <DeploymentItem filename="C:\Users\JClaes\Docary\Docary\Docary.Repositories\bin\Debug\Docary.Repositories.dll" />
    </Deployment>
    <Execution>
      <TestTypeSpecific />
      <AgentRule name="Execution Agents">
      </AgentRule>
    </Execution>
  </TestSettings>
  <Times creation="2011-10-18T18:09:46.8423954+02:00" queuing="2011-10-18T18:09:52.5832055+02:00" start="2011-10-18T18:09:52.6612056+02:00" finish="2011-10-18T18:09:54.6424091+02:00" />
  <ResultSummary outcome="Error">
    <Counters total="11" executed="11" passed="2" error="1" failed="0" timeout="0" aborted="8" inconclusive="0" passedButRunAborted="0" notRunnable="0" notExecuted="0" disconnected="0" warning="0" completed="0" inProgress="8" pending="0" />
  </ResultSummary>
  <TestDefinitions>
    <UnitTest name="Test_ExtractEntry_Extracts_Meta" storage="c:\users\jclaes\docary\docary\docary.viewmodelextractors.tests\bin\debug\docary.viewmodelextractors.tests.dll" id="ef9f3eeb-9539-8b11-4361-9b2d1646ca12">
      <Execution id="c25f56f3-fbc3-49de-88c4-64258cd850a8" />
      <TestMethod codeBase="C:/Users/JClaes/Docary/Docary/Docary.ViewModelExtractors.Tests/bin/Debug/Docary.ViewModelExtractors.Tests.DLL" adapterTypeName="Microsoft.VisualStudio.TestTools.TestTypes.Unit.UnitTestAdapter, Microsoft.VisualStudio.QualityTools.Tips.UnitTest.Adapter, Version=10.0.0.0, Culture=neutral, PublicKeyToken=b03f5f7f11d50a3a" className="Docary.ViewModelExtractors.Tests.AddEntryViewModelExtractorsTest, Docary.ViewModelExtractors.Tests, Version=1.0.0.0, Culture=neutral, PublicKeyToken=null" name="Test_ExtractEntry_Extracts_Meta" />
    </UnitTest>
    <UnitTest name="Test_AddEntry_Throws_ArgumentNullException_On_Null_Entry" storage="c:\users\jclaes\docary\docary\docary.services.tests\bin\debug\docary.services.tests.dll" id="af0d5136-9541-2efb-9ac2-5bd70ce52a5a">
      <Execution id="35b395c8-ff26-465b-bda3-1b44f880396a" />
      <TestMethod codeBase="C:/Users/JClaes/Docary/Docary/Docary.Services.Tests/bin/Debug/Docary.Services.Tests.DLL" adapterTypeName="Microsoft.VisualStudio.TestTools.TestTypes.Unit.UnitTestAdapter, Microsoft.VisualStudio.QualityTools.Tips.UnitTest.Adapter, Version=10.0.0.0, Culture=neutral, PublicKeyToken=b03f5f7f11d50a3a" className="Docary.Services.Tests.EntryServiceTest, Docary.Services.Tests, Version=1.0.0.0, Culture=neutral, PublicKeyToken=null" name="Test_AddEntry_Throws_ArgumentNullException_On_Null_Entry" />
    </UnitTest>
    <UnitTest name="Test_Add_Redirects_To_Home_Index_Route_When_Entry_SuccessFully_Added" storage="c:\users\jclaes\docary\docary\docary.tests\bin\debug\docary.tests.dll" id="b7cf4c24-88dc-6011-d759-a9e0b317469a">
      <Execution id="78dad74e-04f8-464b-8c96-373c6beb8737" />
      <TestMethod codeBase="C:/Users/JClaes/Docary/Docary/Docary.Tests/bin/Debug/Docary.Tests.DLL" adapterTypeName="Microsoft.VisualStudio.TestTools.TestTypes.Unit.UnitTestAdapter, Microsoft.VisualStudio.QualityTools.Tips.UnitTest.Adapter, Version=10.0.0.0, Culture=neutral, PublicKeyToken=b03f5f7f11d50a3a" className="Docary.Tests.EntryControllerTest, Docary.Tests, Version=1.0.0.0, Culture=neutral, PublicKeyToken=null" name="Test_Add_Redirects_To_Home_Index_Route_When_Entry_SuccessFully_Added" />
    </UnitTest>
    <UnitTest name="Test_GetEntries_Returns_More_Than_Zero_Results" storage="c:\users\jclaes\docary\docary\docary.repositories.ef.tests\bin\debug\docary.repositories.ef.tests.dll" id="4e8368e2-4d8a-9ca9-7729-ab600cf8ec26">
      <Execution id="5bf0445f-33af-4304-a2bf-8b7a53d7ecee" />
      <TestMethod codeBase="C:/Users/JClaes/Docary/Docary/Docary.Repositories.EF.Tests/bin/Debug/Docary.Repositories.EF.Tests.DLL" adapterTypeName="Microsoft.VisualStudio.TestTools.TestTypes.Unit.UnitTestAdapter, Microsoft.VisualStudio.QualityTools.Tips.UnitTest.Adapter, Version=10.0.0.0, Culture=neutral, PublicKeyToken=b03f5f7f11d50a3a" className="Docary.Repositories.EntryRepositoryTest, Docary.Repositories.EF.Tests, Version=1.0.0.0, Culture=neutral, PublicKeyToken=null" name="Test_GetEntries_Returns_More_Than_Zero_Results" />
    </UnitTest>
    <UnitTest name="Test_AssembleHomeIndexViewModel_Groups_Entries_Correctly" storage="c:\users\jclaes\docary\docary\docary.viewmodelassemblers.test\bin\debug\docary.viewmodelassemblers.test.dll" id="0f52385b-e7ce-f320-44fa-d461cb1ee385">
      <Execution id="b5361aa5-ea7f-400a-8e4d-424412b4294e" />
      <TestMethod codeBase="C:/Users/JClaes/Docary/Docary/Docary.ViewModelAssemblers.Test/bin/Debug/Docary.ViewModelAssemblers.Test.DLL" adapterTypeName="Microsoft.VisualStudio.TestTools.TestTypes.Unit.UnitTestAdapter, Microsoft.VisualStudio.QualityTools.Tips.UnitTest.Adapter, Version=10.0.0.0, Culture=neutral, PublicKeyToken=b03f5f7f11d50a3a" className="Docary.ViewModelAssemblers.Test.HomeAssemblerTest, Docary.ViewModelAssemblers.Test, Version=1.0.0.0, Culture=neutral, PublicKeyToken=null" name="Test_AssembleHomeIndexViewModel_Groups_Entries_Correctly" />
    </UnitTest>
    <UnitTest name="Test_AssembleHomeIndexViewModel_Initializes_EntryGroups" storage="c:\users\jclaes\docary\docary\docary.viewmodelassemblers.test\bin\debug\docary.viewmodelassemblers.test.dll" id="0f37dd21-a08e-6a1c-b08e-93b764b4cd66">
      <Execution id="64580719-c320-4f2e-a149-21a3e8eaba19" />
      <TestMethod codeBase="C:/Users/JClaes/Docary/Docary/Docary.ViewModelAssemblers.Test/bin/Debug/Docary.ViewModelAssemblers.Test.DLL" adapterTypeName="Microsoft.VisualStudio.TestTools.TestTypes.Unit.UnitTestAdapter, Microsoft.VisualStudio.QualityTools.Tips.UnitTest.Adapter, Version=10.0.0.0, Culture=neutral, PublicKeyToken=b03f5f7f11d50a3a" className="Docary.ViewModelAssemblers.Test.HomeAssemblerTest, Docary.ViewModelAssemblers.Test, Version=1.0.0.0, Culture=neutral, PublicKeyToken=null" name="Test_AssembleHomeIndexViewModel_Initializes_EntryGroups" />
    </UnitTest>
    <UnitTest name="Test_Add_Does_Not_Redirect_To_Route_When_ModelState_Invalid" storage="c:\users\jclaes\docary\docary\docary.tests\bin\debug\docary.tests.dll" id="e48ccffb-68f6-97e2-87e3-f5b62fa709c4">
      <Execution id="011ec0a1-67fc-4c7f-aef4-bab31ba95ce4" />
      <TestMethod codeBase="C:/Users/JClaes/Docary/Docary/Docary.Tests/bin/Debug/Docary.Tests.DLL" adapterTypeName="Microsoft.VisualStudio.TestTools.TestTypes.Unit.UnitTestAdapter, Microsoft.VisualStudio.QualityTools.Tips.UnitTest.Adapter, Version=10.0.0.0, Culture=neutral, PublicKeyToken=b03f5f7f11d50a3a" className="Docary.Tests.EntryControllerTest, Docary.Tests, Version=1.0.0.0, Culture=neutral, PublicKeyToken=null" name="Test_Add_Does_Not_Redirect_To_Route_When_ModelState_Invalid" />
    </UnitTest>
    <UnitTest name="Test_AddEntry_Can_Resolve_Location_By_Name" storage="c:\users\jclaes\docary\docary\docary.services.tests\bin\debug\docary.services.tests.dll" id="e22b0a39-8712-ff17-a3c6-fd8ab6a0f777">
      <Execution id="4bb21ee1-28a5-4c4f-a73c-bd95d479f973" />
      <TestMethod codeBase="C:/Users/JClaes/Docary/Docary/Docary.Services.Tests/bin/Debug/Docary.Services.Tests.DLL" adapterTypeName="Microsoft.VisualStudio.TestTools.TestTypes.Unit.UnitTestAdapter, Microsoft.VisualStudio.QualityTools.Tips.UnitTest.Adapter, Version=10.0.0.0, Culture=neutral, PublicKeyToken=b03f5f7f11d50a3a" className="Docary.Services.Tests.EntryServiceTest, Docary.Services.Tests, Version=1.0.0.0, Culture=neutral, PublicKeyToken=null" name="Test_AddEntry_Can_Resolve_Location_By_Name" />
    </UnitTest>
    <UnitTest name="Test_ExtractEntry_Extracts_Location" storage="c:\users\jclaes\docary\docary\docary.viewmodelextractors.tests\bin\debug\docary.viewmodelextractors.tests.dll" id="299c8b34-16fd-2ab6-8232-65326c4dddc3">
      <Execution id="e2bd7a57-2ea7-4cd0-908d-94216b993847" />
      <TestMethod codeBase="C:/Users/JClaes/Docary/Docary/Docary.ViewModelExtractors.Tests/bin/Debug/Docary.ViewModelExtractors.Tests.DLL" adapterTypeName="Microsoft.VisualStudio.TestTools.TestTypes.Unit.UnitTestAdapter, Microsoft.VisualStudio.QualityTools.Tips.UnitTest.Adapter, Version=10.0.0.0, Culture=neutral, PublicKeyToken=b03f5f7f11d50a3a" className="Docary.ViewModelExtractors.Tests.AddEntryViewModelExtractorsTest, Docary.ViewModelExtractors.Tests, Version=1.0.0.0, Culture=neutral, PublicKeyToken=null" name="Test_ExtractEntry_Extracts_Location" />
    </UnitTest>
    <UnitTest name="Test_ExtractEntry_Extracts_Activity" storage="c:\users\jclaes\docary\docary\docary.viewmodelextractors.tests\bin\debug\docary.viewmodelextractors.tests.dll" id="ee6fb9b2-873d-aced-ffc4-2927de3c84c2">
      <Execution id="186040ca-7b8f-43fc-9a2a-1d6eb0360dda" />
      <TestMethod codeBase="C:/Users/JClaes/Docary/Docary/Docary.ViewModelExtractors.Tests/bin/Debug/Docary.ViewModelExtractors.Tests.DLL" adapterTypeName="Microsoft.VisualStudio.TestTools.TestTypes.Unit.UnitTestAdapter, Microsoft.VisualStudio.QualityTools.Tips.UnitTest.Adapter, Version=10.0.0.0, Culture=neutral, PublicKeyToken=b03f5f7f11d50a3a" className="Docary.ViewModelExtractors.Tests.AddEntryViewModelExtractorsTest, Docary.ViewModelExtractors.Tests, Version=1.0.0.0, Culture=neutral, PublicKeyToken=null" name="Test_ExtractEntry_Extracts_Activity" />
    </UnitTest>
    <UnitTest name="Test_Add_Redirects_To_Route_When_Entry_SuccessFully_Added" storage="c:\users\jclaes\docary\docary\docary.tests\bin\debug\docary.tests.dll" id="26113fd8-6e55-8c37-2eda-28ff67657779">
      <Execution id="835b593f-2a5e-4cf7-a4c5-13e1020f534d" />
      <TestMethod codeBase="C:/Users/JClaes/Docary/Docary/Docary.Tests/bin/Debug/Docary.Tests.DLL" adapterTypeName="Microsoft.VisualStudio.TestTools.TestTypes.Unit.UnitTestAdapter, Microsoft.VisualStudio.QualityTools.Tips.UnitTest.Adapter, Version=10.0.0.0, Culture=neutral, PublicKeyToken=b03f5f7f11d50a3a" className="Docary.Tests.EntryControllerTest, Docary.Tests, Version=1.0.0.0, Culture=neutral, PublicKeyToken=null" name="Test_Add_Redirects_To_Route_When_Entry_SuccessFully_Added" />
    </UnitTest>
  </TestDefinitions>
  <TestLists>
    <TestList name="Results Not in a List" id="8c84fa94-04c1-424b-9868-57a2d4851a1d" />
    <TestList name="All Loaded Results" id="19431567-8539-422a-85d7-44ee4e166bda" />
  </TestLists>
  <TestEntries>
    <TestEntry testId="0f37dd21-a08e-6a1c-b08e-93b764b4cd66" executionId="64580719-c320-4f2e-a149-21a3e8eaba19" testListId="8c84fa94-04c1-424b-9868-57a2d4851a1d" />
    <TestEntry testId="0f52385b-e7ce-f320-44fa-d461cb1ee385" executionId="b5361aa5-ea7f-400a-8e4d-424412b4294e" testListId="8c84fa94-04c1-424b-9868-57a2d4851a1d" />
    <TestEntry testId="26113fd8-6e55-8c37-2eda-28ff67657779" executionId="835b593f-2a5e-4cf7-a4c5-13e1020f534d" testListId="8c84fa94-04c1-424b-9868-57a2d4851a1d" />
    <TestEntry testId="299c8b34-16fd-2ab6-8232-65326c4dddc3" executionId="e2bd7a57-2ea7-4cd0-908d-94216b993847" testListId="8c84fa94-04c1-424b-9868-57a2d4851a1d" />
    <TestEntry testId="4e8368e2-4d8a-9ca9-7729-ab600cf8ec26" executionId="5bf0445f-33af-4304-a2bf-8b7a53d7ecee" testListId="8c84fa94-04c1-424b-9868-57a2d4851a1d" />
    <TestEntry testId="af0d5136-9541-2efb-9ac2-5bd70ce52a5a" executionId="35b395c8-ff26-465b-bda3-1b44f880396a" testListId="8c84fa94-04c1-424b-9868-57a2d4851a1d" />
    <TestEntry testId="b7cf4c24-88dc-6011-d759-a9e0b317469a" executionId="78dad74e-04f8-464b-8c96-373c6beb8737" testListId="8c84fa94-04c1-424b-9868-57a2d4851a1d" />
    <TestEntry testId="e22b0a39-8712-ff17-a3c6-fd8ab6a0f777" executionId="4bb21ee1-28a5-4c4f-a73c-bd95d479f973" testListId="8c84fa94-04c1-424b-9868-57a2d4851a1d" />
    <TestEntry testId="e48ccffb-68f6-97e2-87e3-f5b62fa709c4" executionId="011ec0a1-67fc-4c7f-aef4-bab31ba95ce4" testListId="8c84fa94-04c1-424b-9868-57a2d4851a1d" />
    <TestEntry testId="ee6fb9b2-873d-aced-ffc4-2927de3c84c2" executionId="186040ca-7b8f-43fc-9a2a-1d6eb0360dda" testListId="8c84fa94-04c1-424b-9868-57a2d4851a1d" />
    <TestEntry testId="ef9f3eeb-9539-8b11-4361-9b2d1646ca12" executionId="c25f56f3-fbc3-49de-88c4-64258cd850a8" testListId="8c84fa94-04c1-424b-9868-57a2d4851a1d" />
  </TestEntries>
  <Results>
    <UnitTestResult executionId="64580719-c320-4f2e-a149-21a3e8eaba19" testId="0f37dd21-a08e-6a1c-b08e-93b764b4cd66" testName="Test_AssembleHomeIndexViewModel_Initializes_EntryGroups" computerName="JCLAES-PC" duration="00:00:00.0586578" startTime="2011-10-18T18:09:52.6768056+02:00" endTime="2011-10-18T18:09:53.2384066+02:00" testType="13cdc9d9-ddb5-4fa4-a97d-d965ccfc6d4b" outcome="Passed" testListId="8c84fa94-04c1-424b-9868-57a2d4851a1d" relativeResultsDirectory="64580719-c320-4f2e-a149-21a3e8eaba19">
    </UnitTestResult>
    <UnitTestResult executionId="b5361aa5-ea7f-400a-8e4d-424412b4294e" testId="0f52385b-e7ce-f320-44fa-d461cb1ee385" testName="Test_AssembleHomeIndexViewModel_Groups_Entries_Correctly" computerName="JCLAES-PC" duration="00:00:00.0024058" startTime="2011-10-18T18:09:53.2384066+02:00" endTime="2011-10-18T18:09:53.2540067+02:00" testType="13cdc9d9-ddb5-4fa4-a97d-d965ccfc6d4b" outcome="Passed" testListId="8c84fa94-04c1-424b-9868-57a2d4851a1d" relativeResultsDirectory="b5361aa5-ea7f-400a-8e4d-424412b4294e">
    </UnitTestResult>
    <UnitTestResult executionId="835b593f-2a5e-4cf7-a4c5-13e1020f534d" testId="26113fd8-6e55-8c37-2eda-28ff67657779" testName="Test_Add_Redirects_To_Route_When_Entry_SuccessFully_Added" computerName="JCLAES-PC" duration="00:00:00.4368007" startTime="2011-10-18T18:09:53.2540067+02:00" endTime="2011-10-18T18:09:53.6908074+02:00" testType="13cdc9d9-ddb5-4fa4-a97d-d965ccfc6d4b" testListId="8c84fa94-04c1-424b-9868-57a2d4851a1d" relativeResultsDirectory="835b593f-2a5e-4cf7-a4c5-13e1020f534d">
      <Output>
        <ErrorInfo>
          <Message>The test adapter 'UnitTestAdapter' threw an exception while running test 'Test_Add_Redirects_To_Route_When_Entry_SuccessFully_Added'. Exception has been thrown by the target of an invocation.
Attempted to read or write protected memory. This is often an indication that other memory is corrupt.</Message>
        </ErrorInfo>
      </Output>
    </UnitTestResult>
    <UnitTestResult executionId="e2bd7a57-2ea7-4cd0-908d-94216b993847" testId="299c8b34-16fd-2ab6-8232-65326c4dddc3" testName="Test_ExtractEntry_Extracts_Location" computerName="JCLAES-PC" duration="00:00:00.9048016" startTime="2011-10-18T18:09:53.7376075+02:00" endTime="2011-10-18T18:09:54.6424091+02:00" testType="13cdc9d9-ddb5-4fa4-a97d-d965ccfc6d4b" outcome="Aborted" testListId="8c84fa94-04c1-424b-9868-57a2d4851a1d" relativeResultsDirectory="e2bd7a57-2ea7-4cd0-908d-94216b993847">
    </UnitTestResult>
    <UnitTestResult executionId="5bf0445f-33af-4304-a2bf-8b7a53d7ecee" testId="4e8368e2-4d8a-9ca9-7729-ab600cf8ec26" testName="Test_GetEntries_Returns_More_Than_Zero_Results" computerName="JCLAES-PC" duration="00:00:00.6552011" startTime="2011-10-18T18:09:53.9872080+02:00" endTime="2011-10-18T18:09:54.6424091+02:00" testType="13cdc9d9-ddb5-4fa4-a97d-d965ccfc6d4b" outcome="Aborted" testListId="8c84fa94-04c1-424b-9868-57a2d4851a1d" relativeResultsDirectory="5bf0445f-33af-4304-a2bf-8b7a53d7ecee">
    </UnitTestResult>
    <UnitTestResult executionId="35b395c8-ff26-465b-bda3-1b44f880396a" testId="af0d5136-9541-2efb-9ac2-5bd70ce52a5a" testName="Test_AddEntry_Throws_ArgumentNullException_On_Null_Entry" computerName="JCLAES-PC" duration="00:00:00.4056007" startTime="2011-10-18T18:09:54.2368084+02:00" endTime="2011-10-18T18:09:54.6424091+02:00" testType="13cdc9d9-ddb5-4fa4-a97d-d965ccfc6d4b" outcome="Aborted" testListId="8c84fa94-04c1-424b-9868-57a2d4851a1d" relativeResultsDirectory="35b395c8-ff26-465b-bda3-1b44f880396a">
    </UnitTestResult>
    <UnitTestResult executionId="78dad74e-04f8-464b-8c96-373c6beb8737" testId="b7cf4c24-88dc-6011-d759-a9e0b317469a" testName="Test_Add_Redirects_To_Home_Index_Route_When_Entry_SuccessFully_Added" computerName="JCLAES-PC" duration="00:00:00.1560003" startTime="2011-10-18T18:09:54.4864088+02:00" endTime="2011-10-18T18:09:54.6424091+02:00" testType="13cdc9d9-ddb5-4fa4-a97d-d965ccfc6d4b" outcome="Aborted" testListId="8c84fa94-04c1-424b-9868-57a2d4851a1d" relativeResultsDirectory="78dad74e-04f8-464b-8c96-373c6beb8737">
    </UnitTestResult>
    <UnitTestResult executionId="4bb21ee1-28a5-4c4f-a73c-bd95d479f973" testId="e22b0a39-8712-ff17-a3c6-fd8ab6a0f777" testName="Test_AddEntry_Can_Resolve_Location_By_Name" computerName="JCLAES-PC" duration="00:00:00.1560003" startTime="2011-10-18T18:09:54.4864088+02:00" endTime="2011-10-18T18:09:54.6424091+02:00" testType="13cdc9d9-ddb5-4fa4-a97d-d965ccfc6d4b" outcome="Aborted" testListId="8c84fa94-04c1-424b-9868-57a2d4851a1d" relativeResultsDirectory="4bb21ee1-28a5-4c4f-a73c-bd95d479f973">
    </UnitTestResult>
    <UnitTestResult executionId="011ec0a1-67fc-4c7f-aef4-bab31ba95ce4" testId="e48ccffb-68f6-97e2-87e3-f5b62fa709c4" testName="Test_Add_Does_Not_Redirect_To_Route_When_ModelState_Invalid" computerName="JCLAES-PC" duration="00:00:00.1560003" startTime="2011-10-18T18:09:54.4864088+02:00" endTime="2011-10-18T18:09:54.6424091+02:00" testType="13cdc9d9-ddb5-4fa4-a97d-d965ccfc6d4b" outcome="Aborted" testListId="8c84fa94-04c1-424b-9868-57a2d4851a1d" relativeResultsDirectory="011ec0a1-67fc-4c7f-aef4-bab31ba95ce4">
    </UnitTestResult>
    <UnitTestResult executionId="186040ca-7b8f-43fc-9a2a-1d6eb0360dda" testId="ee6fb9b2-873d-aced-ffc4-2927de3c84c2" testName="Test_ExtractEntry_Extracts_Activity" computerName="JCLAES-PC" duration="00:00:00.1560003" startTime="2011-10-18T18:09:54.4864088+02:00" endTime="2011-10-18T18:09:54.6424091+02:00" testType="13cdc9d9-ddb5-4fa4-a97d-d965ccfc6d4b" outcome="Aborted" testListId="8c84fa94-04c1-424b-9868-57a2d4851a1d" relativeResultsDirectory="186040ca-7b8f-43fc-9a2a-1d6eb0360dda">
    </UnitTestResult>
    <UnitTestResult executionId="c25f56f3-fbc3-49de-88c4-64258cd850a8" testId="ef9f3eeb-9539-8b11-4361-9b2d1646ca12" testName="Test_ExtractEntry_Extracts_Meta" computerName="JCLAES-PC" duration="00:00:00.1560003" startTime="2011-10-18T18:09:54.4864088+02:00" endTime="2011-10-18T18:09:54.6424091+02:00" testType="13cdc9d9-ddb5-4fa4-a97d-d965ccfc6d4b" outcome="Aborted" testListId="8c84fa94-04c1-424b-9868-57a2d4851a1d" relativeResultsDirectory="c25f56f3-fbc3-49de-88c4-64258cd850a8">
    </UnitTestResult>
  </Results>
</TestRun>