<?xml version="1.0" encoding="UTF-8"?>
<TestRun id="452dfa45-e8f6-4992-96b8-a0359e9509f5" name="JClaes@JCLAES-PC 2011-10-11 18:21:52" runUser="JClaes-PC\JClaes" xmlns="http://microsoft.com/schemas/VisualStudio/TeamTest/2010">
  <TestSettings name="Local" id="ab47060e-8f44-4890-bca8-a8d97dbd8c88">
    <Description>These are default test settings for a local test run.</Description>
    <Deployment enabled="false" runDeploymentRoot="JClaes_JCLAES-PC 2011-10-11 18_21_52">
      <DeploymentItem filename="C:\Users\JClaes\Docary\Docary\Docary.Repositories.EF\bin\Debug\Docary.Repositories.EF.dll" />
      <DeploymentItem filename="C:\Users\JClaes\Docary\Docary\Docary\Lib\Ninject.Web.Mvc.dll" />
      <DeploymentItem filename="C:\Users\JClaes\Docary\Docary\Docary.Models\bin\Debug\Docary.Models.dll" />
      <DeploymentItem filename="C:\Users\JClaes\Docary\Docary\Docary.ViewModels\bin\Debug\Docary.ViewModels.dll" />
      <DeploymentItem filename="C:\Users\JClaes\Docary\Docary\Docary.Repositories.EF.Tests\Lib\EntityFramework.dll" />
      <DeploymentItem filename="C:\Users\JClaes\Docary\Docary\Docary\Lib\Ninject.dll" />
      <DeploymentItem filename="C:\Users\JClaes\Docary\Docary\Docary.Repositories\bin\Debug\Docary.Repositories.dll" />
      <DeploymentItem filename="C:\Users\JClaes\Docary\Docary\Docary\Lib\WebActivator.dll" />
      <DeploymentItem filename="C:\Users\JClaes\Docary\Docary\Docary.Services\Lib\EntityFramework.dll" />
      <DeploymentItem filename="C:\Users\JClaes\Docary\Docary\Docary.Services\bin\Debug\Docary.Services.dll" />
      <DeploymentItem filename="C:\Users\JClaes\Docary\Docary\packages\EntityFramework.4.1.10331.0\lib\EntityFramework.dll" />
      <DeploymentItem filename="C:\Users\JClaes\Docary\Docary\Docary\bin\Docary.dll" />
    </Deployment>
    <Execution>
      <TestTypeSpecific />
      <AgentRule name="Execution Agents">
      </AgentRule>
    </Execution>
  </TestSettings>
  <Times creation="2011-10-11T18:21:52.3102049+02:00" queuing="2011-10-11T18:21:52.8562058+02:00" start="2011-10-11T18:21:52.9186059+02:00" finish="2011-10-11T18:21:54.2134082+02:00" />
  <ResultSummary outcome="Completed">
    <Counters total="5" executed="5" passed="5" error="0" failed="0" timeout="0" aborted="0" inconclusive="0" passedButRunAborted="0" notRunnable="0" notExecuted="0" disconnected="0" warning="0" completed="0" inProgress="0" pending="0" />
  </ResultSummary>
  <TestDefinitions>
    <UnitTest name="Test_Add_Redirects_To_Route_When_Entry_SuccessFully_Added" storage="c:\users\jclaes\docary\docary\docary.tests\bin\debug\docary.tests.dll" id="26113fd8-6e55-8c37-2eda-28ff67657779">
      <Execution id="3f22118b-0404-4aa8-be53-4792ac06715f" />
      <TestMethod codeBase="C:/Users/JClaes/Docary/Docary/Docary.Tests/bin/Debug/Docary.Tests.DLL" adapterTypeName="Microsoft.VisualStudio.TestTools.TestTypes.Unit.UnitTestAdapter, Microsoft.VisualStudio.QualityTools.Tips.UnitTest.Adapter, Version=10.0.0.0, Culture=neutral, PublicKeyToken=b03f5f7f11d50a3a" className="Docary.Tests.EntryControllerTest, Docary.Tests, Version=1.0.0.0, Culture=neutral, PublicKeyToken=null" name="Test_Add_Redirects_To_Route_When_Entry_SuccessFully_Added" />
    </UnitTest>
    <UnitTest name="Test_AddEntry_Throws_ArgumentNullException_On_Null_Entry" storage="c:\users\jclaes\docary\docary\docary.services.tests\bin\debug\docary.services.tests.dll" id="af0d5136-9541-2efb-9ac2-5bd70ce52a5a">
      <Execution id="b4267068-8ff2-45c9-999a-d32767f7bf35" />
      <TestMethod codeBase="C:/Users/JClaes/Docary/Docary/Docary.Services.Tests/bin/Debug/Docary.Services.Tests.DLL" adapterTypeName="Microsoft.VisualStudio.TestTools.TestTypes.Unit.UnitTestAdapter, Microsoft.VisualStudio.QualityTools.Tips.UnitTest.Adapter, Version=10.0.0.0, Culture=neutral, PublicKeyToken=b03f5f7f11d50a3a" className="Docary.Services.Tests.EntryServiceTest, Docary.Services.Tests, Version=1.0.0.0, Culture=neutral, PublicKeyToken=null" name="Test_AddEntry_Throws_ArgumentNullException_On_Null_Entry" />
    </UnitTest>
    <UnitTest name="Test_Add_Redirects_To_Home_Index_Route_When_Entry_SuccessFully_Added" storage="c:\users\jclaes\docary\docary\docary.tests\bin\debug\docary.tests.dll" id="b7cf4c24-88dc-6011-d759-a9e0b317469a">
      <Execution id="2f166f35-0938-4f85-9f56-b3799b7fd2f3" />
      <TestMethod codeBase="C:/Users/JClaes/Docary/Docary/Docary.Tests/bin/Debug/Docary.Tests.DLL" adapterTypeName="Microsoft.VisualStudio.TestTools.TestTypes.Unit.UnitTestAdapter, Microsoft.VisualStudio.QualityTools.Tips.UnitTest.Adapter, Version=10.0.0.0, Culture=neutral, PublicKeyToken=b03f5f7f11d50a3a" className="Docary.Tests.EntryControllerTest, Docary.Tests, Version=1.0.0.0, Culture=neutral, PublicKeyToken=null" name="Test_Add_Redirects_To_Home_Index_Route_When_Entry_SuccessFully_Added" />
    </UnitTest>
    <UnitTest name="Test_GetEntries_Returns_More_Than_Zero_Results" storage="c:\users\jclaes\docary\docary\docary.repositories.ef.tests\bin\debug\docary.repositories.ef.tests.dll" id="4e8368e2-4d8a-9ca9-7729-ab600cf8ec26">
      <Execution id="6f24be8a-74a1-43f6-be7b-67a7f60c4696" />
      <TestMethod codeBase="C:/Users/JClaes/Docary/Docary/Docary.Repositories.EF.Tests/bin/Debug/Docary.Repositories.EF.Tests.DLL" adapterTypeName="Microsoft.VisualStudio.TestTools.TestTypes.Unit.UnitTestAdapter, Microsoft.VisualStudio.QualityTools.Tips.UnitTest.Adapter, Version=10.0.0.0, Culture=neutral, PublicKeyToken=b03f5f7f11d50a3a" className="Docary.Repositories.EntryRepositoryTest, Docary.Repositories.EF.Tests, Version=1.0.0.0, Culture=neutral, PublicKeyToken=null" name="Test_GetEntries_Returns_More_Than_Zero_Results" />
    </UnitTest>
    <UnitTest name="Test_Add_Does_Not_Redirect_To_Route_When_ModelState_Invalid" storage="c:\users\jclaes\docary\docary\docary.tests\bin\debug\docary.tests.dll" id="e48ccffb-68f6-97e2-87e3-f5b62fa709c4">
      <Execution id="ca15d847-7ede-4806-943b-6756e31753ad" />
      <TestMethod codeBase="C:/Users/JClaes/Docary/Docary/Docary.Tests/bin/Debug/Docary.Tests.DLL" adapterTypeName="Microsoft.VisualStudio.TestTools.TestTypes.Unit.UnitTestAdapter, Microsoft.VisualStudio.QualityTools.Tips.UnitTest.Adapter, Version=10.0.0.0, Culture=neutral, PublicKeyToken=b03f5f7f11d50a3a" className="Docary.Tests.EntryControllerTest, Docary.Tests, Version=1.0.0.0, Culture=neutral, PublicKeyToken=null" name="Test_Add_Does_Not_Redirect_To_Route_When_ModelState_Invalid" />
    </UnitTest>
  </TestDefinitions>
  <TestLists>
    <TestList name="Results Not in a List" id="8c84fa94-04c1-424b-9868-57a2d4851a1d" />
    <TestList name="All Loaded Results" id="19431567-8539-422a-85d7-44ee4e166bda" />
  </TestLists>
  <TestEntries>
    <TestEntry testId="26113fd8-6e55-8c37-2eda-28ff67657779" executionId="3f22118b-0404-4aa8-be53-4792ac06715f" testListId="8c84fa94-04c1-424b-9868-57a2d4851a1d" />
    <TestEntry testId="4e8368e2-4d8a-9ca9-7729-ab600cf8ec26" executionId="6f24be8a-74a1-43f6-be7b-67a7f60c4696" testListId="8c84fa94-04c1-424b-9868-57a2d4851a1d" />
    <TestEntry testId="af0d5136-9541-2efb-9ac2-5bd70ce52a5a" executionId="b4267068-8ff2-45c9-999a-d32767f7bf35" testListId="8c84fa94-04c1-424b-9868-57a2d4851a1d" />
    <TestEntry testId="b7cf4c24-88dc-6011-d759-a9e0b317469a" executionId="2f166f35-0938-4f85-9f56-b3799b7fd2f3" testListId="8c84fa94-04c1-424b-9868-57a2d4851a1d" />
    <TestEntry testId="e48ccffb-68f6-97e2-87e3-f5b62fa709c4" executionId="ca15d847-7ede-4806-943b-6756e31753ad" testListId="8c84fa94-04c1-424b-9868-57a2d4851a1d" />
  </TestEntries>
  <Results>
    <UnitTestResult executionId="3f22118b-0404-4aa8-be53-4792ac06715f" testId="26113fd8-6e55-8c37-2eda-28ff67657779" testName="Test_Add_Redirects_To_Route_When_Entry_SuccessFully_Added" computerName="JCLAES-PC" duration="00:00:00.0485343" startTime="2011-10-11T18:21:52.9342060+02:00" endTime="2011-10-11T18:21:53.4022068+02:00" testType="13cdc9d9-ddb5-4fa4-a97d-d965ccfc6d4b" outcome="Passed" testListId="8c84fa94-04c1-424b-9868-57a2d4851a1d" relativeResultsDirectory="3f22118b-0404-4aa8-be53-4792ac06715f">
    </UnitTestResult>
    <UnitTestResult executionId="6f24be8a-74a1-43f6-be7b-67a7f60c4696" testId="4e8368e2-4d8a-9ca9-7729-ab600cf8ec26" testName="Test_GetEntries_Returns_More_Than_Zero_Results" computerName="JCLAES-PC" duration="00:00:00.0348341" startTime="2011-10-11T18:21:53.4022068+02:00" endTime="2011-10-11T18:21:53.7766074+02:00" testType="13cdc9d9-ddb5-4fa4-a97d-d965ccfc6d4b" outcome="Passed" testListId="8c84fa94-04c1-424b-9868-57a2d4851a1d" relativeResultsDirectory="6f24be8a-74a1-43f6-be7b-67a7f60c4696">
    </UnitTestResult>
    <UnitTestResult executionId="b4267068-8ff2-45c9-999a-d32767f7bf35" testId="af0d5136-9541-2efb-9ac2-5bd70ce52a5a" testName="Test_AddEntry_Throws_ArgumentNullException_On_Null_Entry" computerName="JCLAES-PC" duration="00:00:00.0392466" startTime="2011-10-11T18:21:53.7766074+02:00" endTime="2011-10-11T18:21:54.1354081+02:00" testType="13cdc9d9-ddb5-4fa4-a97d-d965ccfc6d4b" outcome="Passed" testListId="8c84fa94-04c1-424b-9868-57a2d4851a1d" relativeResultsDirectory="b4267068-8ff2-45c9-999a-d32767f7bf35">
    </UnitTestResult>
    <UnitTestResult executionId="2f166f35-0938-4f85-9f56-b3799b7fd2f3" testId="b7cf4c24-88dc-6011-d759-a9e0b317469a" testName="Test_Add_Redirects_To_Home_Index_Route_When_Entry_SuccessFully_Added" computerName="JCLAES-PC" duration="00:00:00.0005433" startTime="2011-10-11T18:21:54.1354081+02:00" endTime="2011-10-11T18:21:54.1510081+02:00" testType="13cdc9d9-ddb5-4fa4-a97d-d965ccfc6d4b" outcome="Passed" testListId="8c84fa94-04c1-424b-9868-57a2d4851a1d" relativeResultsDirectory="2f166f35-0938-4f85-9f56-b3799b7fd2f3">
    </UnitTestResult>
    <UnitTestResult executionId="ca15d847-7ede-4806-943b-6756e31753ad" testId="e48ccffb-68f6-97e2-87e3-f5b62fa709c4" testName="Test_Add_Does_Not_Redirect_To_Route_When_ModelState_Invalid" computerName="JCLAES-PC" duration="00:00:00.0007762" startTime="2011-10-11T18:21:54.1510081+02:00" endTime="2011-10-11T18:21:54.1510081+02:00" testType="13cdc9d9-ddb5-4fa4-a97d-d965ccfc6d4b" outcome="Passed" testListId="8c84fa94-04c1-424b-9868-57a2d4851a1d" relativeResultsDirectory="ca15d847-7ede-4806-943b-6756e31753ad">
    </UnitTestResult>
  </Results>
</TestRun>