<?xml version="1.0" encoding="UTF-8"?>
<TestRun id="c0417c0d-2d22-47fe-bebb-519d0a8d6417" name="JClaes@JCLAES-PC 2011-11-13 18:05:41" runUser="JClaes-PC\JClaes" xmlns="http://microsoft.com/schemas/VisualStudio/TeamTest/2010">
  <TestSettings name="Local" id="ab47060e-8f44-4890-bca8-a8d97dbd8c88">
    <Description>These are default test settings for a local test run.</Description>
    <Deployment enabled="false" runDeploymentRoot="JClaes_JCLAES-PC 2011-11-13 18_05_41">
      <DeploymentItem filename="C:\Users\JClaes\Docary\Docary\Docary.Assemblers\Lib\AutoMapper.dll" />
      <DeploymentItem filename="C:\Users\JClaes\Docary\Docary\Docary.Assemblers\bin\Debug\Docary.ViewModelAssemblers.dll" />
      <DeploymentItem filename="C:\Users\JClaes\Docary\Docary\packages\Moq.4.0.10827\lib\NET40\Moq.dll" />
      <DeploymentItem filename="C:\Users\JClaes\Docary\Docary\Docary.ViewModels\bin\Debug\Docary.ViewModels.dll" />
      <DeploymentItem filename="C:\Users\JClaes\Docary\Docary\Docary.Services\Lib\EntityFramework.dll" />
      <DeploymentItem filename="C:\Users\JClaes\Docary\Docary\Docary.Models\bin\Debug\Docary.Models.dll" />
      <DeploymentItem filename="C:\Users\JClaes\Docary\Docary\Docary.Services\bin\Debug\Docary.Services.dll" />
      <DeploymentItem filename="C:\Users\JClaes\Docary\Docary\Docary.Repositories.EF\bin\Debug\Docary.Repositories.EF.dll" />
      <DeploymentItem filename="C:\Users\JClaes\Docary\Docary\Docary.Repositories\bin\Debug\Docary.Repositories.dll" />
      <DeploymentItem filename="C:\Users\JClaes\Docary\Docary\Docary.ViewModelExtractors\bin\Debug\Docary.ViewModelExtractors.dll" />
    </Deployment>
    <Execution>
      <TestTypeSpecific />
      <AgentRule name="Execution Agents">
      </AgentRule>
    </Execution>
  </TestSettings>
  <Times creation="2011-11-13T18:05:41.5518355+01:00" queuing="2011-11-13T18:05:43.5642390+01:00" start="2011-11-13T18:05:43.7514394+01:00" finish="2011-11-13T18:06:04.9206765+01:00" />
  <ResultSummary outcome="Error">
    <Counters total="15" executed="5" passed="4" error="0" failed="0" timeout="0" aborted="1" inconclusive="0" passedButRunAborted="0" notRunnable="0" notExecuted="10" disconnected="0" warning="0" completed="0" inProgress="0" pending="0" />
    <RunInfos>
      <RunInfo computerName="JCLAES-PC" outcome="Error" timestamp="2011-11-13T18:06:04.9206765+01:00">
        <Text>Test host process exited unexpectedly.</Text>
      </RunInfo>
    </RunInfos>
  </ResultSummary>
  <TestDefinitions>
    <UnitTest name="Test_AddEntry_Throws_ArgumentNullException_On_Null_EmptyUserId" storage="c:\users\jclaes\docary\docary\docary.services.tests\bin\debug\docary.services.tests.dll" id="3b4c1e1a-1a68-d2e2-805b-95eac4c6403f">
      <Execution id="55068268-3270-4826-a778-c4975a344899" />
      <TestMethod codeBase="C:/Users/JClaes/Docary/Docary/Docary.Services.Tests/bin/Debug/Docary.Services.Tests.DLL" adapterTypeName="Microsoft.VisualStudio.TestTools.TestTypes.Unit.UnitTestAdapter, Microsoft.VisualStudio.QualityTools.Tips.UnitTest.Adapter, Version=10.0.0.0, Culture=neutral, PublicKeyToken=b03f5f7f11d50a3a" className="Docary.Services.Tests.EntryServiceTest, Docary.Services.Tests, Version=1.0.0.0, Culture=neutral, PublicKeyToken=null" name="Test_AddEntry_Throws_ArgumentNullException_On_Null_EmptyUserId" />
    </UnitTest>
    <UnitTest name="Test_AddEntry_Updates_Previous_Entry_Stopped_On_Property_To_Now" storage="c:\users\jclaes\docary\docary\docary.services.tests\bin\debug\docary.services.tests.dll" id="1fdf0826-5b2d-6979-88de-1c6187a40be0">
      <Execution id="179f5368-6d9d-4ddd-8433-80ff08b642f8" />
      <TestMethod codeBase="C:/Users/JClaes/Docary/Docary/Docary.Services.Tests/bin/Debug/Docary.Services.Tests.DLL" adapterTypeName="Microsoft.VisualStudio.TestTools.TestTypes.Unit.UnitTestAdapter, Microsoft.VisualStudio.QualityTools.Tips.UnitTest.Adapter, Version=10.0.0.0, Culture=neutral, PublicKeyToken=b03f5f7f11d50a3a" className="Docary.Services.Tests.EntryServiceTest, Docary.Services.Tests, Version=1.0.0.0, Culture=neutral, PublicKeyToken=null" name="Test_AddEntry_Updates_Previous_Entry_Stopped_On_Property_To_Now" />
    </UnitTest>
    <UnitTest name="Test_AssembleHomeIndexViewModel_Groups_Entries_Correctly" storage="c:\users\jclaes\docary\docary\docary.viewmodelassemblers.test\bin\debug\docary.viewmodelassemblers.test.dll" id="7387cbec-a8bc-acd9-73f3-936c635cd6d9">
      <Execution id="d7105592-1438-427e-aee7-2818eb513fac" />
      <TestMethod codeBase="C:/Users/JClaes/Docary/Docary/Docary.ViewModelAssemblers.Test/bin/Debug/Docary.ViewModelAssemblers.Test.DLL" adapterTypeName="Microsoft.VisualStudio.TestTools.TestTypes.Unit.UnitTestAdapter, Microsoft.VisualStudio.QualityTools.Tips.UnitTest.Adapter, Version=10.0.0.0, Culture=neutral, PublicKeyToken=b03f5f7f11d50a3a" className="Docary.ViewModelAssemblers.Test.Desktop.HomeAssemblerTests, Docary.ViewModelAssemblers.Test, Version=1.0.0.0, Culture=neutral, PublicKeyToken=null" name="Test_AssembleHomeIndexViewModel_Groups_Entries_Correctly" />
    </UnitTest>
    <UnitTest name="Test_AddEntry_Adds_Unresolvable_Location" storage="c:\users\jclaes\docary\docary\docary.services.tests\bin\debug\docary.services.tests.dll" id="161f4b91-fe45-47ff-abcf-55ba35a04867">
      <Execution id="aad966c1-6aed-46bd-8374-ae81b7affbe3" />
      <TestMethod codeBase="C:/Users/JClaes/Docary/Docary/Docary.Services.Tests/bin/Debug/Docary.Services.Tests.DLL" adapterTypeName="Microsoft.VisualStudio.TestTools.TestTypes.Unit.UnitTestAdapter, Microsoft.VisualStudio.QualityTools.Tips.UnitTest.Adapter, Version=10.0.0.0, Culture=neutral, PublicKeyToken=b03f5f7f11d50a3a" className="Docary.Services.Tests.EntryServiceTest, Docary.Services.Tests, Version=1.0.0.0, Culture=neutral, PublicKeyToken=null" name="Test_AddEntry_Adds_Unresolvable_Location" />
    </UnitTest>
    <UnitTest name="Test_ExtractEntry_Extracts_Location" storage="c:\users\jclaes\docary\docary\docary.viewmodelextractors.tests\bin\debug\docary.viewmodelextractors.tests.dll" id="299c8b34-16fd-2ab6-8232-65326c4dddc3">
      <Execution id="9a8cac42-a13a-4fd3-b2ee-7a76767e6588" />
      <TestMethod codeBase="C:/Users/JClaes/Docary/Docary/Docary.ViewModelExtractors.Tests/bin/Debug/Docary.ViewModelExtractors.Tests.DLL" adapterTypeName="Microsoft.VisualStudio.TestTools.TestTypes.Unit.UnitTestAdapter, Microsoft.VisualStudio.QualityTools.Tips.UnitTest.Adapter, Version=10.0.0.0, Culture=neutral, PublicKeyToken=b03f5f7f11d50a3a" className="Docary.ViewModelExtractors.Tests.AddEntryViewModelExtractorsTest, Docary.ViewModelExtractors.Tests, Version=1.0.0.0, Culture=neutral, PublicKeyToken=null" name="Test_ExtractEntry_Extracts_Location" />
    </UnitTest>
    <UnitTest name="Test_ExtractEntry_Extracts_Tag" storage="c:\users\jclaes\docary\docary\docary.viewmodelextractors.tests\bin\debug\docary.viewmodelextractors.tests.dll" id="3dbddf46-2b59-4a21-40ca-947f358b6c90">
      <Execution id="cecd25d5-2e34-4a3d-83d5-950aaa68c320" />
      <TestMethod codeBase="C:/Users/JClaes/Docary/Docary/Docary.ViewModelExtractors.Tests/bin/Debug/Docary.ViewModelExtractors.Tests.DLL" adapterTypeName="Microsoft.VisualStudio.TestTools.TestTypes.Unit.UnitTestAdapter, Microsoft.VisualStudio.QualityTools.Tips.UnitTest.Adapter, Version=10.0.0.0, Culture=neutral, PublicKeyToken=b03f5f7f11d50a3a" className="Docary.ViewModelExtractors.Tests.AddEntryViewModelExtractorsTest, Docary.ViewModelExtractors.Tests, Version=1.0.0.0, Culture=neutral, PublicKeyToken=null" name="Test_ExtractEntry_Extracts_Tag" />
    </UnitTest>
    <UnitTest name="Test_ExtractEntry_Extracts_Meta" storage="c:\users\jclaes\docary\docary\docary.viewmodelextractors.tests\bin\debug\docary.viewmodelextractors.tests.dll" id="ef9f3eeb-9539-8b11-4361-9b2d1646ca12">
      <Execution id="52b3d9c2-5b3e-48ea-b069-b7ab3b5a999c" />
      <TestMethod codeBase="C:/Users/JClaes/Docary/Docary/Docary.ViewModelExtractors.Tests/bin/Debug/Docary.ViewModelExtractors.Tests.DLL" adapterTypeName="Microsoft.VisualStudio.TestTools.TestTypes.Unit.UnitTestAdapter, Microsoft.VisualStudio.QualityTools.Tips.UnitTest.Adapter, Version=10.0.0.0, Culture=neutral, PublicKeyToken=b03f5f7f11d50a3a" className="Docary.ViewModelExtractors.Tests.AddEntryViewModelExtractorsTest, Docary.ViewModelExtractors.Tests, Version=1.0.0.0, Culture=neutral, PublicKeyToken=null" name="Test_ExtractEntry_Extracts_Meta" />
    </UnitTest>
    <UnitTest name="Test_AddEntry_Throws_ArgumentNullException_On_Null_Entry" storage="c:\users\jclaes\docary\docary\docary.services.tests\bin\debug\docary.services.tests.dll" id="af0d5136-9541-2efb-9ac2-5bd70ce52a5a">
      <Execution id="19e58e0f-a24e-4d97-b8a4-dbd73028c147" />
      <TestMethod codeBase="C:/Users/JClaes/Docary/Docary/Docary.Services.Tests/bin/Debug/Docary.Services.Tests.DLL" adapterTypeName="Microsoft.VisualStudio.TestTools.TestTypes.Unit.UnitTestAdapter, Microsoft.VisualStudio.QualityTools.Tips.UnitTest.Adapter, Version=10.0.0.0, Culture=neutral, PublicKeyToken=b03f5f7f11d50a3a" className="Docary.Services.Tests.EntryServiceTest, Docary.Services.Tests, Version=1.0.0.0, Culture=neutral, PublicKeyToken=null" name="Test_AddEntry_Throws_ArgumentNullException_On_Null_Entry" />
    </UnitTest>
    <UnitTest name="Test_AddEntry_Adds_Unresolvable_EntryTag" storage="c:\users\jclaes\docary\docary\docary.services.tests\bin\debug\docary.services.tests.dll" id="eaef3a85-26fa-4f22-a071-c94e9181466c">
      <Execution id="ed38b1af-0d20-46c9-b6bd-7faefc07267e" />
      <TestMethod codeBase="C:/Users/JClaes/Docary/Docary/Docary.Services.Tests/bin/Debug/Docary.Services.Tests.DLL" adapterTypeName="Microsoft.VisualStudio.TestTools.TestTypes.Unit.UnitTestAdapter, Microsoft.VisualStudio.QualityTools.Tips.UnitTest.Adapter, Version=10.0.0.0, Culture=neutral, PublicKeyToken=b03f5f7f11d50a3a" className="Docary.Services.Tests.EntryServiceTest, Docary.Services.Tests, Version=1.0.0.0, Culture=neutral, PublicKeyToken=null" name="Test_AddEntry_Adds_Unresolvable_EntryTag" />
    </UnitTest>
    <UnitTest name="Test_AssembleHomeIndexViewModel_Initializes_EntryGroups" storage="c:\users\jclaes\docary\docary\docary.viewmodelassemblers.test\bin\debug\docary.viewmodelassemblers.test.dll" id="4f459dc5-dc2d-adf5-9e88-d379aa608955">
      <Execution id="78b9cf69-2435-43c7-a53a-7874d3ab957f" />
      <TestMethod codeBase="C:/Users/JClaes/Docary/Docary/Docary.ViewModelAssemblers.Test/bin/Debug/Docary.ViewModelAssemblers.Test.DLL" adapterTypeName="Microsoft.VisualStudio.TestTools.TestTypes.Unit.UnitTestAdapter, Microsoft.VisualStudio.QualityTools.Tips.UnitTest.Adapter, Version=10.0.0.0, Culture=neutral, PublicKeyToken=b03f5f7f11d50a3a" className="Docary.ViewModelAssemblers.Test.Mobile.HomeAssemblerTest, Docary.ViewModelAssemblers.Test, Version=1.0.0.0, Culture=neutral, PublicKeyToken=null" name="Test_AssembleHomeIndexViewModel_Initializes_EntryGroups" />
    </UnitTest>
    <UnitTest name="Test_AddEntry_Does_Not_Add_Existing_Tag" storage="c:\users\jclaes\docary\docary\docary.services.tests\bin\debug\docary.services.tests.dll" id="ba5630ea-9a35-7dab-e12d-63ab2321ee3f">
      <Execution id="5d49b474-fa2f-494d-9b6a-80ccc54842cb" />
      <TestMethod codeBase="C:/Users/JClaes/Docary/Docary/Docary.Services.Tests/bin/Debug/Docary.Services.Tests.DLL" adapterTypeName="Microsoft.VisualStudio.TestTools.TestTypes.Unit.UnitTestAdapter, Microsoft.VisualStudio.QualityTools.Tips.UnitTest.Adapter, Version=10.0.0.0, Culture=neutral, PublicKeyToken=b03f5f7f11d50a3a" className="Docary.Services.Tests.EntryServiceTest, Docary.Services.Tests, Version=1.0.0.0, Culture=neutral, PublicKeyToken=null" name="Test_AddEntry_Does_Not_Add_Existing_Tag" />
    </UnitTest>
    <UnitTest name="Test_AssembleHomeIndexViewModel_Groups_Entries_Correctly" storage="c:\users\jclaes\docary\docary\docary.viewmodelassemblers.test\bin\debug\docary.viewmodelassemblers.test.dll" id="306aed28-4e38-1a76-0e0a-1acc97c1d39b">
      <Execution id="440de20f-eecb-4dd1-a8a6-58c1698f9918" />
      <TestMethod codeBase="C:/Users/JClaes/Docary/Docary/Docary.ViewModelAssemblers.Test/bin/Debug/Docary.ViewModelAssemblers.Test.DLL" adapterTypeName="Microsoft.VisualStudio.TestTools.TestTypes.Unit.UnitTestAdapter, Microsoft.VisualStudio.QualityTools.Tips.UnitTest.Adapter, Version=10.0.0.0, Culture=neutral, PublicKeyToken=b03f5f7f11d50a3a" className="Docary.ViewModelAssemblers.Test.Mobile.HomeAssemblerTest, Docary.ViewModelAssemblers.Test, Version=1.0.0.0, Culture=neutral, PublicKeyToken=null" name="Test_AssembleHomeIndexViewModel_Groups_Entries_Correctly" />
    </UnitTest>
    <UnitTest name="Test_AssembleHomeIndexViewModel_Calculates_EntryPercentages_Correctly" storage="c:\users\jclaes\docary\docary\docary.viewmodelassemblers.test\bin\debug\docary.viewmodelassemblers.test.dll" id="abcf5d5d-8404-5642-cf7e-9de58e6a1ade">
      <Execution id="274b3f58-c474-4bfd-ad2e-0eb8762024a7" />
      <TestMethod codeBase="C:/Users/JClaes/Docary/Docary/Docary.ViewModelAssemblers.Test/bin/Debug/Docary.ViewModelAssemblers.Test.DLL" adapterTypeName="Microsoft.VisualStudio.TestTools.TestTypes.Unit.UnitTestAdapter, Microsoft.VisualStudio.QualityTools.Tips.UnitTest.Adapter, Version=10.0.0.0, Culture=neutral, PublicKeyToken=b03f5f7f11d50a3a" className="Docary.ViewModelAssemblers.Test.Desktop.HomeAssemblerTests, Docary.ViewModelAssemblers.Test, Version=1.0.0.0, Culture=neutral, PublicKeyToken=null" name="Test_AssembleHomeIndexViewModel_Calculates_EntryPercentages_Correctly" />
    </UnitTest>
    <UnitTest name="Test_AddEntry_Adds_Entry" storage="c:\users\jclaes\docary\docary\docary.services.tests\bin\debug\docary.services.tests.dll" id="773cd6e9-1ab5-b84a-f48b-c322dcf90002">
      <Execution id="a6d8ef99-baa7-4d80-bf78-1e146a198ed5" />
      <TestMethod codeBase="C:/Users/JClaes/Docary/Docary/Docary.Services.Tests/bin/Debug/Docary.Services.Tests.DLL" adapterTypeName="Microsoft.VisualStudio.TestTools.TestTypes.Unit.UnitTestAdapter, Microsoft.VisualStudio.QualityTools.Tips.UnitTest.Adapter, Version=10.0.0.0, Culture=neutral, PublicKeyToken=b03f5f7f11d50a3a" className="Docary.Services.Tests.EntryServiceTest, Docary.Services.Tests, Version=1.0.0.0, Culture=neutral, PublicKeyToken=null" name="Test_AddEntry_Adds_Entry" />
    </UnitTest>
    <UnitTest name="Test_AddEntry_Does_Not_Add_Existing_Location" storage="c:\users\jclaes\docary\docary\docary.services.tests\bin\debug\docary.services.tests.dll" id="4f86ace9-41ca-9ca2-027b-120fede948da">
      <Execution id="d0d97760-3243-4bc5-91c6-ea1d1d86830f" />
      <TestMethod codeBase="C:/Users/JClaes/Docary/Docary/Docary.Services.Tests/bin/Debug/Docary.Services.Tests.DLL" adapterTypeName="Microsoft.VisualStudio.TestTools.TestTypes.Unit.UnitTestAdapter, Microsoft.VisualStudio.QualityTools.Tips.UnitTest.Adapter, Version=10.0.0.0, Culture=neutral, PublicKeyToken=b03f5f7f11d50a3a" className="Docary.Services.Tests.EntryServiceTest, Docary.Services.Tests, Version=1.0.0.0, Culture=neutral, PublicKeyToken=null" name="Test_AddEntry_Does_Not_Add_Existing_Location" />
    </UnitTest>
  </TestDefinitions>
  <TestLists>
    <TestList name="Results Not in a List" id="8c84fa94-04c1-424b-9868-57a2d4851a1d" />
    <TestList name="All Loaded Results" id="19431567-8539-422a-85d7-44ee4e166bda" />
  </TestLists>
  <TestEntries>
    <TestEntry testId="161f4b91-fe45-47ff-abcf-55ba35a04867" executionId="aad966c1-6aed-46bd-8374-ae81b7affbe3" testListId="8c84fa94-04c1-424b-9868-57a2d4851a1d" />
    <TestEntry testId="1fdf0826-5b2d-6979-88de-1c6187a40be0" executionId="179f5368-6d9d-4ddd-8433-80ff08b642f8" testListId="8c84fa94-04c1-424b-9868-57a2d4851a1d" />
    <TestEntry testId="299c8b34-16fd-2ab6-8232-65326c4dddc3" executionId="9a8cac42-a13a-4fd3-b2ee-7a76767e6588" testListId="8c84fa94-04c1-424b-9868-57a2d4851a1d" />
    <TestEntry testId="306aed28-4e38-1a76-0e0a-1acc97c1d39b" executionId="440de20f-eecb-4dd1-a8a6-58c1698f9918" testListId="8c84fa94-04c1-424b-9868-57a2d4851a1d" />
    <TestEntry testId="3b4c1e1a-1a68-d2e2-805b-95eac4c6403f" executionId="55068268-3270-4826-a778-c4975a344899" testListId="8c84fa94-04c1-424b-9868-57a2d4851a1d" />
    <TestEntry testId="3dbddf46-2b59-4a21-40ca-947f358b6c90" executionId="cecd25d5-2e34-4a3d-83d5-950aaa68c320" testListId="8c84fa94-04c1-424b-9868-57a2d4851a1d" />
    <TestEntry testId="4f459dc5-dc2d-adf5-9e88-d379aa608955" executionId="78b9cf69-2435-43c7-a53a-7874d3ab957f" testListId="8c84fa94-04c1-424b-9868-57a2d4851a1d" />
    <TestEntry testId="4f86ace9-41ca-9ca2-027b-120fede948da" executionId="d0d97760-3243-4bc5-91c6-ea1d1d86830f" testListId="8c84fa94-04c1-424b-9868-57a2d4851a1d" />
    <TestEntry testId="7387cbec-a8bc-acd9-73f3-936c635cd6d9" executionId="d7105592-1438-427e-aee7-2818eb513fac" testListId="8c84fa94-04c1-424b-9868-57a2d4851a1d" />
    <TestEntry testId="773cd6e9-1ab5-b84a-f48b-c322dcf90002" executionId="a6d8ef99-baa7-4d80-bf78-1e146a198ed5" testListId="8c84fa94-04c1-424b-9868-57a2d4851a1d" />
    <TestEntry testId="abcf5d5d-8404-5642-cf7e-9de58e6a1ade" executionId="274b3f58-c474-4bfd-ad2e-0eb8762024a7" testListId="8c84fa94-04c1-424b-9868-57a2d4851a1d" />
    <TestEntry testId="af0d5136-9541-2efb-9ac2-5bd70ce52a5a" executionId="19e58e0f-a24e-4d97-b8a4-dbd73028c147" testListId="8c84fa94-04c1-424b-9868-57a2d4851a1d" />
    <TestEntry testId="ba5630ea-9a35-7dab-e12d-63ab2321ee3f" executionId="5d49b474-fa2f-494d-9b6a-80ccc54842cb" testListId="8c84fa94-04c1-424b-9868-57a2d4851a1d" />
    <TestEntry testId="eaef3a85-26fa-4f22-a071-c94e9181466c" executionId="ed38b1af-0d20-46c9-b6bd-7faefc07267e" testListId="8c84fa94-04c1-424b-9868-57a2d4851a1d" />
    <TestEntry testId="ef9f3eeb-9539-8b11-4361-9b2d1646ca12" executionId="52b3d9c2-5b3e-48ea-b069-b7ab3b5a999c" testListId="8c84fa94-04c1-424b-9868-57a2d4851a1d" />
  </TestEntries>
  <Results>
    <UnitTestResult executionId="aad966c1-6aed-46bd-8374-ae81b7affbe3" testId="161f4b91-fe45-47ff-abcf-55ba35a04867" testName="Test_AddEntry_Adds_Unresolvable_Location" computerName="JCLAES-PC" duration="00:00:00.0757035" startTime="2011-11-13T18:05:43.9386397+01:00" endTime="2011-11-13T18:05:46.1226435+01:00" testType="13cdc9d9-ddb5-4fa4-a97d-d965ccfc6d4b" outcome="Passed" testListId="8c84fa94-04c1-424b-9868-57a2d4851a1d" relativeResultsDirectory="aad966c1-6aed-46bd-8374-ae81b7affbe3">
    </UnitTestResult>
    <UnitTestResult executionId="179f5368-6d9d-4ddd-8433-80ff08b642f8" testId="1fdf0826-5b2d-6979-88de-1c6187a40be0" testName="Test_AddEntry_Updates_Previous_Entry_Stopped_On_Property_To_Now" computerName="JCLAES-PC" duration="00:00:00.0095468" startTime="2011-11-13T18:05:46.1538436+01:00" endTime="2011-11-13T18:05:46.1850436+01:00" testType="13cdc9d9-ddb5-4fa4-a97d-d965ccfc6d4b" outcome="Passed" testListId="8c84fa94-04c1-424b-9868-57a2d4851a1d" relativeResultsDirectory="179f5368-6d9d-4ddd-8433-80ff08b642f8">
    </UnitTestResult>
    <UnitTestResult executionId="9a8cac42-a13a-4fd3-b2ee-7a76767e6588" testId="299c8b34-16fd-2ab6-8232-65326c4dddc3" testName="Test_ExtractEntry_Extracts_Location" computerName="JCLAES-PC" duration="00:00:00.0780768" startTime="2011-11-13T18:05:46.2006437+01:00" endTime="2011-11-13T18:05:47.8542466+01:00" testType="13cdc9d9-ddb5-4fa4-a97d-d965ccfc6d4b" outcome="Passed" testListId="8c84fa94-04c1-424b-9868-57a2d4851a1d" relativeResultsDirectory="9a8cac42-a13a-4fd3-b2ee-7a76767e6588">
    </UnitTestResult>
    <UnitTestResult executionId="440de20f-eecb-4dd1-a8a6-58c1698f9918" testId="306aed28-4e38-1a76-0e0a-1acc97c1d39b" testName="Test_AssembleHomeIndexViewModel_Groups_Entries_Correctly" computerName="JCLAES-PC" duration="00:00:00.8083890" startTime="2011-11-13T18:05:47.8698466+01:00" endTime="2011-11-13T18:05:50.3502509+01:00" testType="13cdc9d9-ddb5-4fa4-a97d-d965ccfc6d4b" outcome="Passed" testListId="8c84fa94-04c1-424b-9868-57a2d4851a1d" relativeResultsDirectory="440de20f-eecb-4dd1-a8a6-58c1698f9918">
    </UnitTestResult>
    <UnitTestResult executionId="55068268-3270-4826-a778-c4975a344899" testId="3b4c1e1a-1a68-d2e2-805b-95eac4c6403f" testName="Test_AddEntry_Throws_ArgumentNullException_On_Null_EmptyUserId" computerName="JCLAES-PC" duration="00:00:14.5548255" startTime="2011-11-13T18:05:50.3658510+01:00" endTime="2011-11-13T18:06:04.9206765+01:00" testType="13cdc9d9-ddb5-4fa4-a97d-d965ccfc6d4b" outcome="Aborted" testListId="8c84fa94-04c1-424b-9868-57a2d4851a1d" relativeResultsDirectory="55068268-3270-4826-a778-c4975a344899">
    </UnitTestResult>
    <UnitTestResult executionId="cecd25d5-2e34-4a3d-83d5-950aaa68c320" testId="3dbddf46-2b59-4a21-40ca-947f358b6c90" testName="Test_ExtractEntry_Extracts_Tag" computerName="JCLAES-PC" testType="13cdc9d9-ddb5-4fa4-a97d-d965ccfc6d4b" outcome="NotExecuted" testListId="8c84fa94-04c1-424b-9868-57a2d4851a1d" relativeResultsDirectory="cecd25d5-2e34-4a3d-83d5-950aaa68c320">
    </UnitTestResult>
    <UnitTestResult executionId="78b9cf69-2435-43c7-a53a-7874d3ab957f" testId="4f459dc5-dc2d-adf5-9e88-d379aa608955" testName="Test_AssembleHomeIndexViewModel_Initializes_EntryGroups" computerName="JCLAES-PC" testType="13cdc9d9-ddb5-4fa4-a97d-d965ccfc6d4b" outcome="NotExecuted" testListId="8c84fa94-04c1-424b-9868-57a2d4851a1d" relativeResultsDirectory="78b9cf69-2435-43c7-a53a-7874d3ab957f">
    </UnitTestResult>
    <UnitTestResult executionId="d0d97760-3243-4bc5-91c6-ea1d1d86830f" testId="4f86ace9-41ca-9ca2-027b-120fede948da" testName="Test_AddEntry_Does_Not_Add_Existing_Location" computerName="JCLAES-PC" testType="13cdc9d9-ddb5-4fa4-a97d-d965ccfc6d4b" outcome="NotExecuted" testListId="8c84fa94-04c1-424b-9868-57a2d4851a1d" relativeResultsDirectory="d0d97760-3243-4bc5-91c6-ea1d1d86830f">
    </UnitTestResult>
    <UnitTestResult executionId="d7105592-1438-427e-aee7-2818eb513fac" testId="7387cbec-a8bc-acd9-73f3-936c635cd6d9" testName="Test_AssembleHomeIndexViewModel_Groups_Entries_Correctly" computerName="JCLAES-PC" testType="13cdc9d9-ddb5-4fa4-a97d-d965ccfc6d4b" outcome="NotExecuted" testListId="8c84fa94-04c1-424b-9868-57a2d4851a1d" relativeResultsDirectory="d7105592-1438-427e-aee7-2818eb513fac">
    </UnitTestResult>
    <UnitTestResult executionId="a6d8ef99-baa7-4d80-bf78-1e146a198ed5" testId="773cd6e9-1ab5-b84a-f48b-c322dcf90002" testName="Test_AddEntry_Adds_Entry" computerName="JCLAES-PC" testType="13cdc9d9-ddb5-4fa4-a97d-d965ccfc6d4b" outcome="NotExecuted" testListId="8c84fa94-04c1-424b-9868-57a2d4851a1d" relativeResultsDirectory="a6d8ef99-baa7-4d80-bf78-1e146a198ed5">
    </UnitTestResult>
    <UnitTestResult executionId="274b3f58-c474-4bfd-ad2e-0eb8762024a7" testId="abcf5d5d-8404-5642-cf7e-9de58e6a1ade" testName="Test_AssembleHomeIndexViewModel_Calculates_EntryPercentages_Correctly" computerName="JCLAES-PC" testType="13cdc9d9-ddb5-4fa4-a97d-d965ccfc6d4b" outcome="NotExecuted" testListId="8c84fa94-04c1-424b-9868-57a2d4851a1d" relativeResultsDirectory="274b3f58-c474-4bfd-ad2e-0eb8762024a7">
    </UnitTestResult>
    <UnitTestResult executionId="19e58e0f-a24e-4d97-b8a4-dbd73028c147" testId="af0d5136-9541-2efb-9ac2-5bd70ce52a5a" testName="Test_AddEntry_Throws_ArgumentNullException_On_Null_Entry" computerName="JCLAES-PC" testType="13cdc9d9-ddb5-4fa4-a97d-d965ccfc6d4b" outcome="NotExecuted" testListId="8c84fa94-04c1-424b-9868-57a2d4851a1d" relativeResultsDirectory="19e58e0f-a24e-4d97-b8a4-dbd73028c147">
    </UnitTestResult>
    <UnitTestResult executionId="5d49b474-fa2f-494d-9b6a-80ccc54842cb" testId="ba5630ea-9a35-7dab-e12d-63ab2321ee3f" testName="Test_AddEntry_Does_Not_Add_Existing_Tag" computerName="JCLAES-PC" testType="13cdc9d9-ddb5-4fa4-a97d-d965ccfc6d4b" outcome="NotExecuted" testListId="8c84fa94-04c1-424b-9868-57a2d4851a1d" relativeResultsDirectory="5d49b474-fa2f-494d-9b6a-80ccc54842cb">
    </UnitTestResult>
    <UnitTestResult executionId="ed38b1af-0d20-46c9-b6bd-7faefc07267e" testId="eaef3a85-26fa-4f22-a071-c94e9181466c" testName="Test_AddEntry_Adds_Unresolvable_EntryTag" computerName="JCLAES-PC" testType="13cdc9d9-ddb5-4fa4-a97d-d965ccfc6d4b" outcome="NotExecuted" testListId="8c84fa94-04c1-424b-9868-57a2d4851a1d" relativeResultsDirectory="ed38b1af-0d20-46c9-b6bd-7faefc07267e">
    </UnitTestResult>
    <UnitTestResult executionId="52b3d9c2-5b3e-48ea-b069-b7ab3b5a999c" testId="ef9f3eeb-9539-8b11-4361-9b2d1646ca12" testName="Test_ExtractEntry_Extracts_Meta" computerName="JCLAES-PC" testType="13cdc9d9-ddb5-4fa4-a97d-d965ccfc6d4b" outcome="NotExecuted" testListId="8c84fa94-04c1-424b-9868-57a2d4851a1d" relativeResultsDirectory="52b3d9c2-5b3e-48ea-b069-b7ab3b5a999c">
    </UnitTestResult>
  </Results>
</TestRun>