<?xml version="1.0" encoding="UTF-8"?>
<TestRun id="3b3c5a52-e39d-40d8-9c4e-dca57aa825e5" name="JClaes@JCLAES-PC 2011-10-24 07:31:17" runUser="JClaes-PC\JClaes" xmlns="http://microsoft.com/schemas/VisualStudio/TeamTest/2010">
  <TestSettings name="Local" id="ab47060e-8f44-4890-bca8-a8d97dbd8c88">
    <Description>These are default test settings for a local test run.</Description>
    <Deployment enabled="false" runDeploymentRoot="JClaes_JCLAES-PC 2011-10-24 07_31_17">
      <DeploymentItem filename="C:\Users\JClaes\Docary\Docary\Docary\bin\Docary.dll" />
      <DeploymentItem filename="C:\Users\JClaes\Docary\Docary\packages\EntityFramework.4.1.10331.0\lib\EntityFramework.dll" />
      <DeploymentItem filename="C:\Users\JClaes\Docary\Docary\Docary.Assemblers\Lib\AutoMapper.dll" />
      <DeploymentItem filename="C:\Users\JClaes\Docary\Docary\Docary.ViewModelExtractors\bin\Debug\Docary.ViewModelExtractors.dll" />
      <DeploymentItem filename="C:\Users\JClaes\Docary\Docary\Docary\Lib\WebActivator.dll" />
      <DeploymentItem filename="C:\Users\JClaes\Docary\Docary\Docary\Lib\Ninject.Web.Mvc.dll" />
      <DeploymentItem filename="C:\Users\JClaes\Docary\Docary\Docary.Services\Lib\EntityFramework.dll" />
      <DeploymentItem filename="C:\Users\JClaes\Docary\Docary\Docary.MvcExtensions\bin\Debug\Docary.MvcExtensions.dll" />
      <DeploymentItem filename="C:\Users\JClaes\Docary\Docary\Docary\Lib\Ninject.dll" />
      <DeploymentItem filename="C:\Users\JClaes\Docary\Docary\Docary.ViewModels\bin\Debug\Docary.ViewModels.dll" />
      <DeploymentItem filename="C:\Users\JClaes\Docary\Docary\Docary.Assemblers\bin\Debug\Docary.ViewModelAssemblers.dll" />
      <DeploymentItem filename="C:\Users\JClaes\Docary\Docary\Docary.Services\bin\Debug\Docary.Services.dll" />
      <DeploymentItem filename="C:\Users\JClaes\Docary\Docary\Docary.Repositories.EF\bin\Debug\Docary.Repositories.EF.dll" />
      <DeploymentItem filename="C:\Users\JClaes\Docary\Docary\Docary.Models\bin\Debug\Docary.Models.dll" />
      <DeploymentItem filename="C:\Users\JClaes\Docary\Docary\Docary.Repositories\bin\Debug\Docary.Repositories.dll" />
    </Deployment>
    <Execution>
      <TestTypeSpecific />
      <AgentRule name="Execution Agents">
      </AgentRule>
    </Execution>
  </TestSettings>
  <Times creation="2011-10-24T07:31:17.0771179+02:00" queuing="2011-10-24T07:31:18.3251201+02:00" start="2011-10-24T07:31:18.4187203+02:00" finish="2011-10-24T07:31:20.1191233+02:00" />
  <ResultSummary outcome="Error">
    <Counters total="10" executed="10" passed="2" error="1" failed="0" timeout="0" aborted="7" inconclusive="0" passedButRunAborted="0" notRunnable="0" notExecuted="0" disconnected="0" warning="0" completed="0" inProgress="7" pending="0" />
  </ResultSummary>
  <TestDefinitions>
    <UnitTest name="Test_ExtractEntry_Extracts_Tag" storage="c:\users\jclaes\docary\docary\docary.viewmodelextractors.tests\bin\debug\docary.viewmodelextractors.tests.dll" id="3dbddf46-2b59-4a21-40ca-947f358b6c90">
      <Execution id="ce45e7e3-cac9-4f9c-88f0-e9ce9cb5646f" />
      <TestMethod codeBase="C:/Users/JClaes/Docary/Docary/Docary.ViewModelExtractors.Tests/bin/Debug/Docary.ViewModelExtractors.Tests.DLL" adapterTypeName="Microsoft.VisualStudio.TestTools.TestTypes.Unit.UnitTestAdapter, Microsoft.VisualStudio.QualityTools.Tips.UnitTest.Adapter, Version=10.0.0.0, Culture=neutral, PublicKeyToken=b03f5f7f11d50a3a" className="Docary.ViewModelExtractors.Tests.AddEntryViewModelExtractorsTest, Docary.ViewModelExtractors.Tests, Version=1.0.0.0, Culture=neutral, PublicKeyToken=null" name="Test_ExtractEntry_Extracts_Tag" />
    </UnitTest>
    <UnitTest name="Test_AddEntry_Throws_ArgumentNullException_On_Null_Entry" storage="c:\users\jclaes\docary\docary\docary.services.tests\bin\debug\docary.services.tests.dll" id="af0d5136-9541-2efb-9ac2-5bd70ce52a5a">
      <Execution id="cd6b4a01-1eee-4060-8d5d-9698c2617cf6" />
      <TestMethod codeBase="C:/Users/JClaes/Docary/Docary/Docary.Services.Tests/bin/Debug/Docary.Services.Tests.DLL" adapterTypeName="Microsoft.VisualStudio.TestTools.TestTypes.Unit.UnitTestAdapter, Microsoft.VisualStudio.QualityTools.Tips.UnitTest.Adapter, Version=10.0.0.0, Culture=neutral, PublicKeyToken=b03f5f7f11d50a3a" className="Docary.Services.Tests.EntryServiceTest, Docary.Services.Tests, Version=1.0.0.0, Culture=neutral, PublicKeyToken=null" name="Test_AddEntry_Throws_ArgumentNullException_On_Null_Entry" />
    </UnitTest>
    <UnitTest name="Test_Add_Redirects_To_Home_Index_Route_When_Entry_SuccessFully_Added" storage="c:\users\jclaes\docary\docary\docary.tests\bin\debug\docary.tests.dll" id="b7cf4c24-88dc-6011-d759-a9e0b317469a">
      <Execution id="42170d30-1478-4a09-85ee-8b992665c975" />
      <TestMethod codeBase="C:/Users/JClaes/Docary/Docary/Docary.Tests/bin/Debug/Docary.Tests.DLL" adapterTypeName="Microsoft.VisualStudio.TestTools.TestTypes.Unit.UnitTestAdapter, Microsoft.VisualStudio.QualityTools.Tips.UnitTest.Adapter, Version=10.0.0.0, Culture=neutral, PublicKeyToken=b03f5f7f11d50a3a" className="Docary.Tests.EntryControllerTest, Docary.Tests, Version=1.0.0.0, Culture=neutral, PublicKeyToken=null" name="Test_Add_Redirects_To_Home_Index_Route_When_Entry_SuccessFully_Added" />
    </UnitTest>
    <UnitTest name="Test_AssembleHomeIndexViewModel_Groups_Entries_Correctly" storage="c:\users\jclaes\docary\docary\docary.viewmodelassemblers.test\bin\debug\docary.viewmodelassemblers.test.dll" id="0f52385b-e7ce-f320-44fa-d461cb1ee385">
      <Execution id="ea8192ad-d00e-4c09-b4f8-9d31059ca1bd" />
      <TestMethod codeBase="C:/Users/JClaes/Docary/Docary/Docary.ViewModelAssemblers.Test/bin/Debug/Docary.ViewModelAssemblers.Test.DLL" adapterTypeName="Microsoft.VisualStudio.TestTools.TestTypes.Unit.UnitTestAdapter, Microsoft.VisualStudio.QualityTools.Tips.UnitTest.Adapter, Version=10.0.0.0, Culture=neutral, PublicKeyToken=b03f5f7f11d50a3a" className="Docary.ViewModelAssemblers.Test.HomeAssemblerTest, Docary.ViewModelAssemblers.Test, Version=1.0.0.0, Culture=neutral, PublicKeyToken=null" name="Test_AssembleHomeIndexViewModel_Groups_Entries_Correctly" />
    </UnitTest>
    <UnitTest name="Test_AssembleHomeIndexViewModel_Initializes_EntryGroups" storage="c:\users\jclaes\docary\docary\docary.viewmodelassemblers.test\bin\debug\docary.viewmodelassemblers.test.dll" id="0f37dd21-a08e-6a1c-b08e-93b764b4cd66">
      <Execution id="dd619963-1f53-42e0-bbaa-5e401467035a" />
      <TestMethod codeBase="C:/Users/JClaes/Docary/Docary/Docary.ViewModelAssemblers.Test/bin/Debug/Docary.ViewModelAssemblers.Test.DLL" adapterTypeName="Microsoft.VisualStudio.TestTools.TestTypes.Unit.UnitTestAdapter, Microsoft.VisualStudio.QualityTools.Tips.UnitTest.Adapter, Version=10.0.0.0, Culture=neutral, PublicKeyToken=b03f5f7f11d50a3a" className="Docary.ViewModelAssemblers.Test.HomeAssemblerTest, Docary.ViewModelAssemblers.Test, Version=1.0.0.0, Culture=neutral, PublicKeyToken=null" name="Test_AssembleHomeIndexViewModel_Initializes_EntryGroups" />
    </UnitTest>
    <UnitTest name="Test_Add_Does_Not_Redirect_To_Route_When_ModelState_Invalid" storage="c:\users\jclaes\docary\docary\docary.tests\bin\debug\docary.tests.dll" id="e48ccffb-68f6-97e2-87e3-f5b62fa709c4">
      <Execution id="144766f4-7a9d-4ee4-926d-fc4b9b8f4fdf" />
      <TestMethod codeBase="C:/Users/JClaes/Docary/Docary/Docary.Tests/bin/Debug/Docary.Tests.DLL" adapterTypeName="Microsoft.VisualStudio.TestTools.TestTypes.Unit.UnitTestAdapter, Microsoft.VisualStudio.QualityTools.Tips.UnitTest.Adapter, Version=10.0.0.0, Culture=neutral, PublicKeyToken=b03f5f7f11d50a3a" className="Docary.Tests.EntryControllerTest, Docary.Tests, Version=1.0.0.0, Culture=neutral, PublicKeyToken=null" name="Test_Add_Does_Not_Redirect_To_Route_When_ModelState_Invalid" />
    </UnitTest>
    <UnitTest name="Test_AddEntry_Can_Resolve_Location_By_Name" storage="c:\users\jclaes\docary\docary\docary.services.tests\bin\debug\docary.services.tests.dll" id="e22b0a39-8712-ff17-a3c6-fd8ab6a0f777">
      <Execution id="212c9d1c-a428-431b-9e4b-fefd83daa6b0" />
      <TestMethod codeBase="C:/Users/JClaes/Docary/Docary/Docary.Services.Tests/bin/Debug/Docary.Services.Tests.DLL" adapterTypeName="Microsoft.VisualStudio.TestTools.TestTypes.Unit.UnitTestAdapter, Microsoft.VisualStudio.QualityTools.Tips.UnitTest.Adapter, Version=10.0.0.0, Culture=neutral, PublicKeyToken=b03f5f7f11d50a3a" className="Docary.Services.Tests.EntryServiceTest, Docary.Services.Tests, Version=1.0.0.0, Culture=neutral, PublicKeyToken=null" name="Test_AddEntry_Can_Resolve_Location_By_Name" />
    </UnitTest>
    <UnitTest name="Test_ExtractEntry_Extracts_Meta" storage="c:\users\jclaes\docary\docary\docary.viewmodelextractors.tests\bin\debug\docary.viewmodelextractors.tests.dll" id="ef9f3eeb-9539-8b11-4361-9b2d1646ca12">
      <Execution id="a09da9fe-00f0-4c91-ad7b-d87b46e5fb9f" />
      <TestMethod codeBase="C:/Users/JClaes/Docary/Docary/Docary.ViewModelExtractors.Tests/bin/Debug/Docary.ViewModelExtractors.Tests.DLL" adapterTypeName="Microsoft.VisualStudio.TestTools.TestTypes.Unit.UnitTestAdapter, Microsoft.VisualStudio.QualityTools.Tips.UnitTest.Adapter, Version=10.0.0.0, Culture=neutral, PublicKeyToken=b03f5f7f11d50a3a" className="Docary.ViewModelExtractors.Tests.AddEntryViewModelExtractorsTest, Docary.ViewModelExtractors.Tests, Version=1.0.0.0, Culture=neutral, PublicKeyToken=null" name="Test_ExtractEntry_Extracts_Meta" />
    </UnitTest>
    <UnitTest name="Test_ExtractEntry_Extracts_Location" storage="c:\users\jclaes\docary\docary\docary.viewmodelextractors.tests\bin\debug\docary.viewmodelextractors.tests.dll" id="299c8b34-16fd-2ab6-8232-65326c4dddc3">
      <Execution id="73d64020-e074-4dc2-b0b2-b7fd1ed35e40" />
      <TestMethod codeBase="C:/Users/JClaes/Docary/Docary/Docary.ViewModelExtractors.Tests/bin/Debug/Docary.ViewModelExtractors.Tests.DLL" adapterTypeName="Microsoft.VisualStudio.TestTools.TestTypes.Unit.UnitTestAdapter, Microsoft.VisualStudio.QualityTools.Tips.UnitTest.Adapter, Version=10.0.0.0, Culture=neutral, PublicKeyToken=b03f5f7f11d50a3a" className="Docary.ViewModelExtractors.Tests.AddEntryViewModelExtractorsTest, Docary.ViewModelExtractors.Tests, Version=1.0.0.0, Culture=neutral, PublicKeyToken=null" name="Test_ExtractEntry_Extracts_Location" />
    </UnitTest>
    <UnitTest name="Test_Add_Redirects_To_Route_When_Entry_SuccessFully_Added" storage="c:\users\jclaes\docary\docary\docary.tests\bin\debug\docary.tests.dll" id="26113fd8-6e55-8c37-2eda-28ff67657779">
      <Execution id="b63e14f2-3624-4336-983f-bef897fce833" />
      <TestMethod codeBase="C:/Users/JClaes/Docary/Docary/Docary.Tests/bin/Debug/Docary.Tests.DLL" adapterTypeName="Microsoft.VisualStudio.TestTools.TestTypes.Unit.UnitTestAdapter, Microsoft.VisualStudio.QualityTools.Tips.UnitTest.Adapter, Version=10.0.0.0, Culture=neutral, PublicKeyToken=b03f5f7f11d50a3a" className="Docary.Tests.EntryControllerTest, Docary.Tests, Version=1.0.0.0, Culture=neutral, PublicKeyToken=null" name="Test_Add_Redirects_To_Route_When_Entry_SuccessFully_Added" />
    </UnitTest>
  </TestDefinitions>
  <TestLists>
    <TestList name="Results Not in a List" id="8c84fa94-04c1-424b-9868-57a2d4851a1d" />
    <TestList name="All Loaded Results" id="19431567-8539-422a-85d7-44ee4e166bda" />
  </TestLists>
  <TestEntries>
    <TestEntry testId="0f37dd21-a08e-6a1c-b08e-93b764b4cd66" executionId="dd619963-1f53-42e0-bbaa-5e401467035a" testListId="8c84fa94-04c1-424b-9868-57a2d4851a1d" />
    <TestEntry testId="0f52385b-e7ce-f320-44fa-d461cb1ee385" executionId="ea8192ad-d00e-4c09-b4f8-9d31059ca1bd" testListId="8c84fa94-04c1-424b-9868-57a2d4851a1d" />
    <TestEntry testId="26113fd8-6e55-8c37-2eda-28ff67657779" executionId="b63e14f2-3624-4336-983f-bef897fce833" testListId="8c84fa94-04c1-424b-9868-57a2d4851a1d" />
    <TestEntry testId="299c8b34-16fd-2ab6-8232-65326c4dddc3" executionId="73d64020-e074-4dc2-b0b2-b7fd1ed35e40" testListId="8c84fa94-04c1-424b-9868-57a2d4851a1d" />
    <TestEntry testId="3dbddf46-2b59-4a21-40ca-947f358b6c90" executionId="ce45e7e3-cac9-4f9c-88f0-e9ce9cb5646f" testListId="8c84fa94-04c1-424b-9868-57a2d4851a1d" />
    <TestEntry testId="af0d5136-9541-2efb-9ac2-5bd70ce52a5a" executionId="cd6b4a01-1eee-4060-8d5d-9698c2617cf6" testListId="8c84fa94-04c1-424b-9868-57a2d4851a1d" />
    <TestEntry testId="b7cf4c24-88dc-6011-d759-a9e0b317469a" executionId="42170d30-1478-4a09-85ee-8b992665c975" testListId="8c84fa94-04c1-424b-9868-57a2d4851a1d" />
    <TestEntry testId="e22b0a39-8712-ff17-a3c6-fd8ab6a0f777" executionId="212c9d1c-a428-431b-9e4b-fefd83daa6b0" testListId="8c84fa94-04c1-424b-9868-57a2d4851a1d" />
    <TestEntry testId="e48ccffb-68f6-97e2-87e3-f5b62fa709c4" executionId="144766f4-7a9d-4ee4-926d-fc4b9b8f4fdf" testListId="8c84fa94-04c1-424b-9868-57a2d4851a1d" />
    <TestEntry testId="ef9f3eeb-9539-8b11-4361-9b2d1646ca12" executionId="a09da9fe-00f0-4c91-ad7b-d87b46e5fb9f" testListId="8c84fa94-04c1-424b-9868-57a2d4851a1d" />
  </TestEntries>
  <Results>
    <UnitTestResult executionId="dd619963-1f53-42e0-bbaa-5e401467035a" testId="0f37dd21-a08e-6a1c-b08e-93b764b4cd66" testName="Test_AssembleHomeIndexViewModel_Initializes_EntryGroups" computerName="JCLAES-PC" duration="00:00:00.0510781" startTime="2011-10-24T07:31:18.4499203+02:00" endTime="2011-10-24T07:31:18.9179211+02:00" testType="13cdc9d9-ddb5-4fa4-a97d-d965ccfc6d4b" outcome="Passed" testListId="8c84fa94-04c1-424b-9868-57a2d4851a1d" relativeResultsDirectory="dd619963-1f53-42e0-bbaa-5e401467035a">
    </UnitTestResult>
    <UnitTestResult executionId="ea8192ad-d00e-4c09-b4f8-9d31059ca1bd" testId="0f52385b-e7ce-f320-44fa-d461cb1ee385" testName="Test_AssembleHomeIndexViewModel_Groups_Entries_Correctly" computerName="JCLAES-PC" duration="00:00:00.0023212" startTime="2011-10-24T07:31:18.9179211+02:00" endTime="2011-10-24T07:31:18.9179211+02:00" testType="13cdc9d9-ddb5-4fa4-a97d-d965ccfc6d4b" outcome="Passed" testListId="8c84fa94-04c1-424b-9868-57a2d4851a1d" relativeResultsDirectory="ea8192ad-d00e-4c09-b4f8-9d31059ca1bd">
    </UnitTestResult>
    <UnitTestResult executionId="b63e14f2-3624-4336-983f-bef897fce833" testId="26113fd8-6e55-8c37-2eda-28ff67657779" testName="Test_Add_Redirects_To_Route_When_Entry_SuccessFully_Added" computerName="JCLAES-PC" duration="00:00:00.4836008" startTime="2011-10-24T07:31:18.9335212+02:00" endTime="2011-10-24T07:31:19.4171220+02:00" testType="13cdc9d9-ddb5-4fa4-a97d-d965ccfc6d4b" testListId="8c84fa94-04c1-424b-9868-57a2d4851a1d" relativeResultsDirectory="b63e14f2-3624-4336-983f-bef897fce833">
      <Output>
        <ErrorInfo>
          <Message>The test adapter 'UnitTestAdapter' threw an exception while running test 'Test_Add_Redirects_To_Route_When_Entry_SuccessFully_Added'. Exception has been thrown by the target of an invocation.
Attempted to read or write protected memory. This is often an indication that other memory is corrupt.</Message>
        </ErrorInfo>
      </Output>
    </UnitTestResult>
    <UnitTestResult executionId="73d64020-e074-4dc2-b0b2-b7fd1ed35e40" testId="299c8b34-16fd-2ab6-8232-65326c4dddc3" testName="Test_ExtractEntry_Extracts_Location" computerName="JCLAES-PC" duration="00:00:00.6396012" startTime="2011-10-24T07:31:19.4795221+02:00" endTime="2011-10-24T07:31:20.1191233+02:00" testType="13cdc9d9-ddb5-4fa4-a97d-d965ccfc6d4b" outcome="Aborted" testListId="8c84fa94-04c1-424b-9868-57a2d4851a1d" relativeResultsDirectory="73d64020-e074-4dc2-b0b2-b7fd1ed35e40">
    </UnitTestResult>
    <UnitTestResult executionId="ce45e7e3-cac9-4f9c-88f0-e9ce9cb5646f" testId="3dbddf46-2b59-4a21-40ca-947f358b6c90" testName="Test_ExtractEntry_Extracts_Tag" computerName="JCLAES-PC" duration="00:00:00.3744007" startTime="2011-10-24T07:31:19.7447226+02:00" endTime="2011-10-24T07:31:20.1191233+02:00" testType="13cdc9d9-ddb5-4fa4-a97d-d965ccfc6d4b" outcome="Aborted" testListId="8c84fa94-04c1-424b-9868-57a2d4851a1d" relativeResultsDirectory="ce45e7e3-cac9-4f9c-88f0-e9ce9cb5646f">
    </UnitTestResult>
    <UnitTestResult executionId="cd6b4a01-1eee-4060-8d5d-9698c2617cf6" testId="af0d5136-9541-2efb-9ac2-5bd70ce52a5a" testName="Test_AddEntry_Throws_ArgumentNullException_On_Null_Entry" computerName="JCLAES-PC" duration="00:00:00.3588007" startTime="2011-10-24T07:31:19.7603226+02:00" endTime="2011-10-24T07:31:20.1191233+02:00" testType="13cdc9d9-ddb5-4fa4-a97d-d965ccfc6d4b" outcome="Aborted" testListId="8c84fa94-04c1-424b-9868-57a2d4851a1d" relativeResultsDirectory="cd6b4a01-1eee-4060-8d5d-9698c2617cf6">
    </UnitTestResult>
    <UnitTestResult executionId="42170d30-1478-4a09-85ee-8b992665c975" testId="b7cf4c24-88dc-6011-d759-a9e0b317469a" testName="Test_Add_Redirects_To_Home_Index_Route_When_Entry_SuccessFully_Added" computerName="JCLAES-PC" duration="00:00:00.1248003" startTime="2011-10-24T07:31:19.9943230+02:00" endTime="2011-10-24T07:31:20.1191233+02:00" testType="13cdc9d9-ddb5-4fa4-a97d-d965ccfc6d4b" outcome="Aborted" testListId="8c84fa94-04c1-424b-9868-57a2d4851a1d" relativeResultsDirectory="42170d30-1478-4a09-85ee-8b992665c975">
    </UnitTestResult>
    <UnitTestResult executionId="212c9d1c-a428-431b-9e4b-fefd83daa6b0" testId="e22b0a39-8712-ff17-a3c6-fd8ab6a0f777" testName="Test_AddEntry_Can_Resolve_Location_By_Name" computerName="JCLAES-PC" duration="00:00:00.1092002" startTime="2011-10-24T07:31:20.0099231+02:00" endTime="2011-10-24T07:31:20.1191233+02:00" testType="13cdc9d9-ddb5-4fa4-a97d-d965ccfc6d4b" outcome="Aborted" testListId="8c84fa94-04c1-424b-9868-57a2d4851a1d" relativeResultsDirectory="212c9d1c-a428-431b-9e4b-fefd83daa6b0">
    </UnitTestResult>
    <UnitTestResult executionId="144766f4-7a9d-4ee4-926d-fc4b9b8f4fdf" testId="e48ccffb-68f6-97e2-87e3-f5b62fa709c4" testName="Test_Add_Does_Not_Redirect_To_Route_When_ModelState_Invalid" computerName="JCLAES-PC" duration="00:00:00.1092002" startTime="2011-10-24T07:31:20.0099231+02:00" endTime="2011-10-24T07:31:20.1191233+02:00" testType="13cdc9d9-ddb5-4fa4-a97d-d965ccfc6d4b" outcome="Aborted" testListId="8c84fa94-04c1-424b-9868-57a2d4851a1d" relativeResultsDirectory="144766f4-7a9d-4ee4-926d-fc4b9b8f4fdf">
    </UnitTestResult>
    <UnitTestResult executionId="a09da9fe-00f0-4c91-ad7b-d87b46e5fb9f" testId="ef9f3eeb-9539-8b11-4361-9b2d1646ca12" testName="Test_ExtractEntry_Extracts_Meta" computerName="JCLAES-PC" duration="00:00:00.1092002" startTime="2011-10-24T07:31:20.0099231+02:00" endTime="2011-10-24T07:31:20.1191233+02:00" testType="13cdc9d9-ddb5-4fa4-a97d-d965ccfc6d4b" outcome="Aborted" testListId="8c84fa94-04c1-424b-9868-57a2d4851a1d" relativeResultsDirectory="a09da9fe-00f0-4c91-ad7b-d87b46e5fb9f">
    </UnitTestResult>
  </Results>
</TestRun>