<?xml version="1.0" encoding="UTF-8"?>
<TestRun id="b894275f-5a4e-4fb8-96ab-0f3e41228c23" name="JClaes@JCLAES-PC 2011-11-02 07:56:57" runUser="JClaes-PC\JClaes" xmlns="http://microsoft.com/schemas/VisualStudio/TeamTest/2010">
  <TestSettings name="Local" id="ab47060e-8f44-4890-bca8-a8d97dbd8c88">
    <Description>These are default test settings for a local test run.</Description>
    <Deployment enabled="false" runDeploymentRoot="JClaes_JCLAES-PC 2011-11-02 07_56_57">
      <DeploymentItem filename="C:\Users\JClaes\Docary\Docary\Docary.Assemblers\Lib\AutoMapper.dll" />
      <DeploymentItem filename="C:\Users\JClaes\Docary\Docary\Docary.Assemblers\bin\Debug\Docary.ViewModelAssemblers.dll" />
      <DeploymentItem filename="C:\Users\JClaes\Docary\Docary\Docary.Models\bin\Debug\Docary.Models.dll" />
      <DeploymentItem filename="C:\Users\JClaes\Docary\Docary\Docary.ViewModels\bin\Debug\Docary.ViewModels.dll" />
      <DeploymentItem filename="C:\Users\JClaes\Docary\Docary\Docary.Services\Lib\EntityFramework.dll" />
      <DeploymentItem filename="C:\Users\JClaes\Docary\Docary\Docary.Repositories\bin\Debug\Docary.Repositories.dll" />
      <DeploymentItem filename="C:\Users\JClaes\Docary\Docary\Docary.Services\bin\Debug\Docary.Services.dll" />
      <DeploymentItem filename="C:\Users\JClaes\Docary\Docary\Docary.Repositories.EF\bin\Debug\Docary.Repositories.EF.dll" />
      <DeploymentItem filename="C:\Users\JClaes\Docary\Docary\Docary.ViewModelExtractors\bin\Debug\Docary.ViewModelExtractors.dll" />
    </Deployment>
    <Execution>
      <TestTypeSpecific />
      <AgentRule name="Execution Agents">
      </AgentRule>
    </Execution>
  </TestSettings>
  <Times creation="2011-11-02T07:56:57.2081631+01:00" queuing="2011-11-02T07:56:57.3797634+01:00" start="2011-11-02T07:56:57.3953634+01:00" finish="2011-11-02T07:56:58.6433656+01:00" />
  <ResultSummary outcome="Completed">
    <Counters total="13" executed="13" passed="13" error="0" failed="0" timeout="0" aborted="0" inconclusive="0" passedButRunAborted="0" notRunnable="0" notExecuted="0" disconnected="0" warning="0" completed="0" inProgress="0" pending="0" />
  </ResultSummary>
  <TestDefinitions>
    <UnitTest name="Test_AddEntry_Throws_ArgumentNullException_On_Null_EmptyUserId" storage="c:\users\jclaes\docary\docary\docary.services.tests\bin\debug\docary.services.tests.dll" id="3b4c1e1a-1a68-d2e2-805b-95eac4c6403f">
      <Execution id="c434dda3-ee2c-4d14-b21b-c404e885a036" />
      <TestMethod codeBase="C:/Users/JClaes/Docary/Docary/Docary.Services.Tests/bin/Debug/Docary.Services.Tests.DLL" adapterTypeName="Microsoft.VisualStudio.TestTools.TestTypes.Unit.UnitTestAdapter, Microsoft.VisualStudio.QualityTools.Tips.UnitTest.Adapter, Version=10.0.0.0, Culture=neutral, PublicKeyToken=b03f5f7f11d50a3a" className="Docary.Services.Tests.EntryServiceTest, Docary.Services.Tests, Version=1.0.0.0, Culture=neutral, PublicKeyToken=null" name="Test_AddEntry_Throws_ArgumentNullException_On_Null_EmptyUserId" />
    </UnitTest>
    <UnitTest name="Test_AddEntry_Updates_Previous_Entry_Stopped_On_Property_To_Now" storage="c:\users\jclaes\docary\docary\docary.services.tests\bin\debug\docary.services.tests.dll" id="1fdf0826-5b2d-6979-88de-1c6187a40be0">
      <Execution id="b56c6c92-e557-44fa-8392-01482a6b55a0" />
      <TestMethod codeBase="C:/Users/JClaes/Docary/Docary/Docary.Services.Tests/bin/Debug/Docary.Services.Tests.DLL" adapterTypeName="Microsoft.VisualStudio.TestTools.TestTypes.Unit.UnitTestAdapter, Microsoft.VisualStudio.QualityTools.Tips.UnitTest.Adapter, Version=10.0.0.0, Culture=neutral, PublicKeyToken=b03f5f7f11d50a3a" className="Docary.Services.Tests.EntryServiceTest, Docary.Services.Tests, Version=1.0.0.0, Culture=neutral, PublicKeyToken=null" name="Test_AddEntry_Updates_Previous_Entry_Stopped_On_Property_To_Now" />
    </UnitTest>
    <UnitTest name="Test_AssembleHomeIndexViewModel_Initializes_EntryGroups" storage="c:\users\jclaes\docary\docary\docary.viewmodelassemblers.test\bin\debug\docary.viewmodelassemblers.test.dll" id="0f37dd21-a08e-6a1c-b08e-93b764b4cd66">
      <Execution id="e4767829-565c-403a-8f1e-f8f115a8e220" />
      <TestMethod codeBase="C:/Users/JClaes/Docary/Docary/Docary.ViewModelAssemblers.Test/bin/Debug/Docary.ViewModelAssemblers.Test.DLL" adapterTypeName="Microsoft.VisualStudio.TestTools.TestTypes.Unit.UnitTestAdapter, Microsoft.VisualStudio.QualityTools.Tips.UnitTest.Adapter, Version=10.0.0.0, Culture=neutral, PublicKeyToken=b03f5f7f11d50a3a" className="Docary.ViewModelAssemblers.Test.HomeAssemblerTest, Docary.ViewModelAssemblers.Test, Version=1.0.0.0, Culture=neutral, PublicKeyToken=null" name="Test_AssembleHomeIndexViewModel_Initializes_EntryGroups" />
    </UnitTest>
    <UnitTest name="Test_AddEntry_Adds_Unresolvable_Location" storage="c:\users\jclaes\docary\docary\docary.services.tests\bin\debug\docary.services.tests.dll" id="161f4b91-fe45-47ff-abcf-55ba35a04867">
      <Execution id="46bd3486-a68b-410f-9347-db66bb77fbf1" />
      <TestMethod codeBase="C:/Users/JClaes/Docary/Docary/Docary.Services.Tests/bin/Debug/Docary.Services.Tests.DLL" adapterTypeName="Microsoft.VisualStudio.TestTools.TestTypes.Unit.UnitTestAdapter, Microsoft.VisualStudio.QualityTools.Tips.UnitTest.Adapter, Version=10.0.0.0, Culture=neutral, PublicKeyToken=b03f5f7f11d50a3a" className="Docary.Services.Tests.EntryServiceTest, Docary.Services.Tests, Version=1.0.0.0, Culture=neutral, PublicKeyToken=null" name="Test_AddEntry_Adds_Unresolvable_Location" />
    </UnitTest>
    <UnitTest name="Test_ExtractEntry_Extracts_Location" storage="c:\users\jclaes\docary\docary\docary.viewmodelextractors.tests\bin\debug\docary.viewmodelextractors.tests.dll" id="299c8b34-16fd-2ab6-8232-65326c4dddc3">
      <Execution id="c9b3a883-54b7-4c4a-b7f8-7c542d92ecbc" />
      <TestMethod codeBase="C:/Users/JClaes/Docary/Docary/Docary.ViewModelExtractors.Tests/bin/Debug/Docary.ViewModelExtractors.Tests.DLL" adapterTypeName="Microsoft.VisualStudio.TestTools.TestTypes.Unit.UnitTestAdapter, Microsoft.VisualStudio.QualityTools.Tips.UnitTest.Adapter, Version=10.0.0.0, Culture=neutral, PublicKeyToken=b03f5f7f11d50a3a" className="Docary.ViewModelExtractors.Tests.AddEntryViewModelExtractorsTest, Docary.ViewModelExtractors.Tests, Version=1.0.0.0, Culture=neutral, PublicKeyToken=null" name="Test_ExtractEntry_Extracts_Location" />
    </UnitTest>
    <UnitTest name="Test_ExtractEntry_Extracts_Tag" storage="c:\users\jclaes\docary\docary\docary.viewmodelextractors.tests\bin\debug\docary.viewmodelextractors.tests.dll" id="3dbddf46-2b59-4a21-40ca-947f358b6c90">
      <Execution id="87e9014c-5963-44c7-93a1-329f75f9d529" />
      <TestMethod codeBase="C:/Users/JClaes/Docary/Docary/Docary.ViewModelExtractors.Tests/bin/Debug/Docary.ViewModelExtractors.Tests.DLL" adapterTypeName="Microsoft.VisualStudio.TestTools.TestTypes.Unit.UnitTestAdapter, Microsoft.VisualStudio.QualityTools.Tips.UnitTest.Adapter, Version=10.0.0.0, Culture=neutral, PublicKeyToken=b03f5f7f11d50a3a" className="Docary.ViewModelExtractors.Tests.AddEntryViewModelExtractorsTest, Docary.ViewModelExtractors.Tests, Version=1.0.0.0, Culture=neutral, PublicKeyToken=null" name="Test_ExtractEntry_Extracts_Tag" />
    </UnitTest>
    <UnitTest name="Test_AssembleHomeIndexViewModel_Groups_Entries_Correctly" storage="c:\users\jclaes\docary\docary\docary.viewmodelassemblers.test\bin\debug\docary.viewmodelassemblers.test.dll" id="0f52385b-e7ce-f320-44fa-d461cb1ee385">
      <Execution id="f0353739-158e-46e8-9207-defbcc668b3b" />
      <TestMethod codeBase="C:/Users/JClaes/Docary/Docary/Docary.ViewModelAssemblers.Test/bin/Debug/Docary.ViewModelAssemblers.Test.DLL" adapterTypeName="Microsoft.VisualStudio.TestTools.TestTypes.Unit.UnitTestAdapter, Microsoft.VisualStudio.QualityTools.Tips.UnitTest.Adapter, Version=10.0.0.0, Culture=neutral, PublicKeyToken=b03f5f7f11d50a3a" className="Docary.ViewModelAssemblers.Test.HomeAssemblerTest, Docary.ViewModelAssemblers.Test, Version=1.0.0.0, Culture=neutral, PublicKeyToken=null" name="Test_AssembleHomeIndexViewModel_Groups_Entries_Correctly" />
    </UnitTest>
    <UnitTest name="Test_ExtractEntry_Extracts_Meta" storage="c:\users\jclaes\docary\docary\docary.viewmodelextractors.tests\bin\debug\docary.viewmodelextractors.tests.dll" id="ef9f3eeb-9539-8b11-4361-9b2d1646ca12">
      <Execution id="100ba952-14ac-4cb4-b02f-a6437ba8409d" />
      <TestMethod codeBase="C:/Users/JClaes/Docary/Docary/Docary.ViewModelExtractors.Tests/bin/Debug/Docary.ViewModelExtractors.Tests.DLL" adapterTypeName="Microsoft.VisualStudio.TestTools.TestTypes.Unit.UnitTestAdapter, Microsoft.VisualStudio.QualityTools.Tips.UnitTest.Adapter, Version=10.0.0.0, Culture=neutral, PublicKeyToken=b03f5f7f11d50a3a" className="Docary.ViewModelExtractors.Tests.AddEntryViewModelExtractorsTest, Docary.ViewModelExtractors.Tests, Version=1.0.0.0, Culture=neutral, PublicKeyToken=null" name="Test_ExtractEntry_Extracts_Meta" />
    </UnitTest>
    <UnitTest name="Test_AddEntry_Throws_ArgumentNullException_On_Null_Entry" storage="c:\users\jclaes\docary\docary\docary.services.tests\bin\debug\docary.services.tests.dll" id="af0d5136-9541-2efb-9ac2-5bd70ce52a5a">
      <Execution id="2b5b4ce8-3372-495e-ac00-53b6d580ed7c" />
      <TestMethod codeBase="C:/Users/JClaes/Docary/Docary/Docary.Services.Tests/bin/Debug/Docary.Services.Tests.DLL" adapterTypeName="Microsoft.VisualStudio.TestTools.TestTypes.Unit.UnitTestAdapter, Microsoft.VisualStudio.QualityTools.Tips.UnitTest.Adapter, Version=10.0.0.0, Culture=neutral, PublicKeyToken=b03f5f7f11d50a3a" className="Docary.Services.Tests.EntryServiceTest, Docary.Services.Tests, Version=1.0.0.0, Culture=neutral, PublicKeyToken=null" name="Test_AddEntry_Throws_ArgumentNullException_On_Null_Entry" />
    </UnitTest>
    <UnitTest name="Test_AddEntry_Adds_Unresolvable_EntryTag" storage="c:\users\jclaes\docary\docary\docary.services.tests\bin\debug\docary.services.tests.dll" id="eaef3a85-26fa-4f22-a071-c94e9181466c">
      <Execution id="84403a0d-5f75-43bc-9bf2-8f9043ec14db" />
      <TestMethod codeBase="C:/Users/JClaes/Docary/Docary/Docary.Services.Tests/bin/Debug/Docary.Services.Tests.DLL" adapterTypeName="Microsoft.VisualStudio.TestTools.TestTypes.Unit.UnitTestAdapter, Microsoft.VisualStudio.QualityTools.Tips.UnitTest.Adapter, Version=10.0.0.0, Culture=neutral, PublicKeyToken=b03f5f7f11d50a3a" className="Docary.Services.Tests.EntryServiceTest, Docary.Services.Tests, Version=1.0.0.0, Culture=neutral, PublicKeyToken=null" name="Test_AddEntry_Adds_Unresolvable_EntryTag" />
    </UnitTest>
    <UnitTest name="Test_AddEntry_Does_Not_Add_Existing_Tag" storage="c:\users\jclaes\docary\docary\docary.services.tests\bin\debug\docary.services.tests.dll" id="ba5630ea-9a35-7dab-e12d-63ab2321ee3f">
      <Execution id="cbf0f399-4bf6-4196-8609-919994fc3722" />
      <TestMethod codeBase="C:/Users/JClaes/Docary/Docary/Docary.Services.Tests/bin/Debug/Docary.Services.Tests.DLL" adapterTypeName="Microsoft.VisualStudio.TestTools.TestTypes.Unit.UnitTestAdapter, Microsoft.VisualStudio.QualityTools.Tips.UnitTest.Adapter, Version=10.0.0.0, Culture=neutral, PublicKeyToken=b03f5f7f11d50a3a" className="Docary.Services.Tests.EntryServiceTest, Docary.Services.Tests, Version=1.0.0.0, Culture=neutral, PublicKeyToken=null" name="Test_AddEntry_Does_Not_Add_Existing_Tag" />
    </UnitTest>
    <UnitTest name="Test_AddEntry_Adds_Entry" storage="c:\users\jclaes\docary\docary\docary.services.tests\bin\debug\docary.services.tests.dll" id="773cd6e9-1ab5-b84a-f48b-c322dcf90002">
      <Execution id="62980483-66c2-46af-8faf-27077bbe0e1a" />
      <TestMethod codeBase="C:/Users/JClaes/Docary/Docary/Docary.Services.Tests/bin/Debug/Docary.Services.Tests.DLL" adapterTypeName="Microsoft.VisualStudio.TestTools.TestTypes.Unit.UnitTestAdapter, Microsoft.VisualStudio.QualityTools.Tips.UnitTest.Adapter, Version=10.0.0.0, Culture=neutral, PublicKeyToken=b03f5f7f11d50a3a" className="Docary.Services.Tests.EntryServiceTest, Docary.Services.Tests, Version=1.0.0.0, Culture=neutral, PublicKeyToken=null" name="Test_AddEntry_Adds_Entry" />
    </UnitTest>
    <UnitTest name="Test_AddEntry_Does_Not_Add_Existing_Location" storage="c:\users\jclaes\docary\docary\docary.services.tests\bin\debug\docary.services.tests.dll" id="4f86ace9-41ca-9ca2-027b-120fede948da">
      <Execution id="b1ab1a72-3de8-466a-b58d-b009ba447628" />
      <TestMethod codeBase="C:/Users/JClaes/Docary/Docary/Docary.Services.Tests/bin/Debug/Docary.Services.Tests.DLL" adapterTypeName="Microsoft.VisualStudio.TestTools.TestTypes.Unit.UnitTestAdapter, Microsoft.VisualStudio.QualityTools.Tips.UnitTest.Adapter, Version=10.0.0.0, Culture=neutral, PublicKeyToken=b03f5f7f11d50a3a" className="Docary.Services.Tests.EntryServiceTest, Docary.Services.Tests, Version=1.0.0.0, Culture=neutral, PublicKeyToken=null" name="Test_AddEntry_Does_Not_Add_Existing_Location" />
    </UnitTest>
  </TestDefinitions>
  <TestLists>
    <TestList name="Results Not in a List" id="8c84fa94-04c1-424b-9868-57a2d4851a1d" />
    <TestList name="All Loaded Results" id="19431567-8539-422a-85d7-44ee4e166bda" />
  </TestLists>
  <TestEntries>
    <TestEntry testId="0f37dd21-a08e-6a1c-b08e-93b764b4cd66" executionId="e4767829-565c-403a-8f1e-f8f115a8e220" testListId="8c84fa94-04c1-424b-9868-57a2d4851a1d" />
    <TestEntry testId="0f52385b-e7ce-f320-44fa-d461cb1ee385" executionId="f0353739-158e-46e8-9207-defbcc668b3b" testListId="8c84fa94-04c1-424b-9868-57a2d4851a1d" />
    <TestEntry testId="161f4b91-fe45-47ff-abcf-55ba35a04867" executionId="46bd3486-a68b-410f-9347-db66bb77fbf1" testListId="8c84fa94-04c1-424b-9868-57a2d4851a1d" />
    <TestEntry testId="1fdf0826-5b2d-6979-88de-1c6187a40be0" executionId="b56c6c92-e557-44fa-8392-01482a6b55a0" testListId="8c84fa94-04c1-424b-9868-57a2d4851a1d" />
    <TestEntry testId="299c8b34-16fd-2ab6-8232-65326c4dddc3" executionId="c9b3a883-54b7-4c4a-b7f8-7c542d92ecbc" testListId="8c84fa94-04c1-424b-9868-57a2d4851a1d" />
    <TestEntry testId="3b4c1e1a-1a68-d2e2-805b-95eac4c6403f" executionId="c434dda3-ee2c-4d14-b21b-c404e885a036" testListId="8c84fa94-04c1-424b-9868-57a2d4851a1d" />
    <TestEntry testId="3dbddf46-2b59-4a21-40ca-947f358b6c90" executionId="87e9014c-5963-44c7-93a1-329f75f9d529" testListId="8c84fa94-04c1-424b-9868-57a2d4851a1d" />
    <TestEntry testId="4f86ace9-41ca-9ca2-027b-120fede948da" executionId="b1ab1a72-3de8-466a-b58d-b009ba447628" testListId="8c84fa94-04c1-424b-9868-57a2d4851a1d" />
    <TestEntry testId="773cd6e9-1ab5-b84a-f48b-c322dcf90002" executionId="62980483-66c2-46af-8faf-27077bbe0e1a" testListId="8c84fa94-04c1-424b-9868-57a2d4851a1d" />
    <TestEntry testId="af0d5136-9541-2efb-9ac2-5bd70ce52a5a" executionId="2b5b4ce8-3372-495e-ac00-53b6d580ed7c" testListId="8c84fa94-04c1-424b-9868-57a2d4851a1d" />
    <TestEntry testId="ba5630ea-9a35-7dab-e12d-63ab2321ee3f" executionId="cbf0f399-4bf6-4196-8609-919994fc3722" testListId="8c84fa94-04c1-424b-9868-57a2d4851a1d" />
    <TestEntry testId="eaef3a85-26fa-4f22-a071-c94e9181466c" executionId="84403a0d-5f75-43bc-9bf2-8f9043ec14db" testListId="8c84fa94-04c1-424b-9868-57a2d4851a1d" />
    <TestEntry testId="ef9f3eeb-9539-8b11-4361-9b2d1646ca12" executionId="100ba952-14ac-4cb4-b02f-a6437ba8409d" testListId="8c84fa94-04c1-424b-9868-57a2d4851a1d" />
  </TestEntries>
  <Results>
    <UnitTestResult executionId="e4767829-565c-403a-8f1e-f8f115a8e220" testId="0f37dd21-a08e-6a1c-b08e-93b764b4cd66" testName="Test_AssembleHomeIndexViewModel_Initializes_EntryGroups" computerName="JCLAES-PC" duration="00:00:00.0390262" startTime="2011-11-02T07:56:57.3953634+01:00" endTime="2011-11-02T07:56:57.7853641+01:00" testType="13cdc9d9-ddb5-4fa4-a97d-d965ccfc6d4b" outcome="Passed" testListId="8c84fa94-04c1-424b-9868-57a2d4851a1d" relativeResultsDirectory="e4767829-565c-403a-8f1e-f8f115a8e220">
    </UnitTestResult>
    <UnitTestResult executionId="f0353739-158e-46e8-9207-defbcc668b3b" testId="0f52385b-e7ce-f320-44fa-d461cb1ee385" testName="Test_AssembleHomeIndexViewModel_Groups_Entries_Correctly" computerName="JCLAES-PC" duration="00:00:00.0009090" startTime="2011-11-02T07:56:57.7853641+01:00" endTime="2011-11-02T07:56:57.8009641+01:00" testType="13cdc9d9-ddb5-4fa4-a97d-d965ccfc6d4b" outcome="Passed" testListId="8c84fa94-04c1-424b-9868-57a2d4851a1d" relativeResultsDirectory="f0353739-158e-46e8-9207-defbcc668b3b">
    </UnitTestResult>
    <UnitTestResult executionId="46bd3486-a68b-410f-9347-db66bb77fbf1" testId="161f4b91-fe45-47ff-abcf-55ba35a04867" testName="Test_AddEntry_Adds_Unresolvable_Location" computerName="JCLAES-PC" duration="00:00:00.0502155" startTime="2011-11-02T07:56:57.8009641+01:00" endTime="2011-11-02T07:56:58.1753648+01:00" testType="13cdc9d9-ddb5-4fa4-a97d-d965ccfc6d4b" outcome="Passed" testListId="8c84fa94-04c1-424b-9868-57a2d4851a1d" relativeResultsDirectory="46bd3486-a68b-410f-9347-db66bb77fbf1">
    </UnitTestResult>
    <UnitTestResult executionId="b56c6c92-e557-44fa-8392-01482a6b55a0" testId="1fdf0826-5b2d-6979-88de-1c6187a40be0" testName="Test_AddEntry_Updates_Previous_Entry_Stopped_On_Property_To_Now" computerName="JCLAES-PC" duration="00:00:00.0061858" startTime="2011-11-02T07:56:58.1753648+01:00" endTime="2011-11-02T07:56:58.1909648+01:00" testType="13cdc9d9-ddb5-4fa4-a97d-d965ccfc6d4b" outcome="Passed" testListId="8c84fa94-04c1-424b-9868-57a2d4851a1d" relativeResultsDirectory="b56c6c92-e557-44fa-8392-01482a6b55a0">
    </UnitTestResult>
    <UnitTestResult executionId="c9b3a883-54b7-4c4a-b7f8-7c542d92ecbc" testId="299c8b34-16fd-2ab6-8232-65326c4dddc3" testName="Test_ExtractEntry_Extracts_Location" computerName="JCLAES-PC" duration="00:00:00.0299303" startTime="2011-11-02T07:56:58.1909648+01:00" endTime="2011-11-02T07:56:58.5341654+01:00" testType="13cdc9d9-ddb5-4fa4-a97d-d965ccfc6d4b" outcome="Passed" testListId="8c84fa94-04c1-424b-9868-57a2d4851a1d" relativeResultsDirectory="c9b3a883-54b7-4c4a-b7f8-7c542d92ecbc">
    </UnitTestResult>
    <UnitTestResult executionId="c434dda3-ee2c-4d14-b21b-c404e885a036" testId="3b4c1e1a-1a68-d2e2-805b-95eac4c6403f" testName="Test_AddEntry_Throws_ArgumentNullException_On_Null_EmptyUserId" computerName="JCLAES-PC" duration="00:00:00.0064123" startTime="2011-11-02T07:56:58.5341654+01:00" endTime="2011-11-02T07:56:58.5497655+01:00" testType="13cdc9d9-ddb5-4fa4-a97d-d965ccfc6d4b" outcome="Passed" testListId="8c84fa94-04c1-424b-9868-57a2d4851a1d" relativeResultsDirectory="c434dda3-ee2c-4d14-b21b-c404e885a036">
    </UnitTestResult>
    <UnitTestResult executionId="87e9014c-5963-44c7-93a1-329f75f9d529" testId="3dbddf46-2b59-4a21-40ca-947f358b6c90" testName="Test_ExtractEntry_Extracts_Tag" computerName="JCLAES-PC" duration="00:00:00.0004144" startTime="2011-11-02T07:56:58.5497655+01:00" endTime="2011-11-02T07:56:58.5497655+01:00" testType="13cdc9d9-ddb5-4fa4-a97d-d965ccfc6d4b" outcome="Passed" testListId="8c84fa94-04c1-424b-9868-57a2d4851a1d" relativeResultsDirectory="87e9014c-5963-44c7-93a1-329f75f9d529">
    </UnitTestResult>
    <UnitTestResult executionId="b1ab1a72-3de8-466a-b58d-b009ba447628" testId="4f86ace9-41ca-9ca2-027b-120fede948da" testName="Test_AddEntry_Does_Not_Add_Existing_Location" computerName="JCLAES-PC" duration="00:00:00.0048385" startTime="2011-11-02T07:56:58.5497655+01:00" endTime="2011-11-02T07:56:58.5653655+01:00" testType="13cdc9d9-ddb5-4fa4-a97d-d965ccfc6d4b" outcome="Passed" testListId="8c84fa94-04c1-424b-9868-57a2d4851a1d" relativeResultsDirectory="b1ab1a72-3de8-466a-b58d-b009ba447628">
    </UnitTestResult>
    <UnitTestResult executionId="62980483-66c2-46af-8faf-27077bbe0e1a" testId="773cd6e9-1ab5-b84a-f48b-c322dcf90002" testName="Test_AddEntry_Adds_Entry" computerName="JCLAES-PC" duration="00:00:00.0045152" startTime="2011-11-02T07:56:58.5653655+01:00" endTime="2011-11-02T07:56:58.5653655+01:00" testType="13cdc9d9-ddb5-4fa4-a97d-d965ccfc6d4b" outcome="Passed" testListId="8c84fa94-04c1-424b-9868-57a2d4851a1d" relativeResultsDirectory="62980483-66c2-46af-8faf-27077bbe0e1a">
    </UnitTestResult>
    <UnitTestResult executionId="2b5b4ce8-3372-495e-ac00-53b6d580ed7c" testId="af0d5136-9541-2efb-9ac2-5bd70ce52a5a" testName="Test_AddEntry_Throws_ArgumentNullException_On_Null_Entry" computerName="JCLAES-PC" duration="00:00:00.0026746" startTime="2011-11-02T07:56:58.5653655+01:00" endTime="2011-11-02T07:56:58.5809655+01:00" testType="13cdc9d9-ddb5-4fa4-a97d-d965ccfc6d4b" outcome="Passed" testListId="8c84fa94-04c1-424b-9868-57a2d4851a1d" relativeResultsDirectory="2b5b4ce8-3372-495e-ac00-53b6d580ed7c">
    </UnitTestResult>
    <UnitTestResult executionId="cbf0f399-4bf6-4196-8609-919994fc3722" testId="ba5630ea-9a35-7dab-e12d-63ab2321ee3f" testName="Test_AddEntry_Does_Not_Add_Existing_Tag" computerName="JCLAES-PC" duration="00:00:00.0047359" startTime="2011-11-02T07:56:58.5809655+01:00" endTime="2011-11-02T07:56:58.5809655+01:00" testType="13cdc9d9-ddb5-4fa4-a97d-d965ccfc6d4b" outcome="Passed" testListId="8c84fa94-04c1-424b-9868-57a2d4851a1d" relativeResultsDirectory="cbf0f399-4bf6-4196-8609-919994fc3722">
    </UnitTestResult>
    <UnitTestResult executionId="84403a0d-5f75-43bc-9bf2-8f9043ec14db" testId="eaef3a85-26fa-4f22-a071-c94e9181466c" testName="Test_AddEntry_Adds_Unresolvable_EntryTag" computerName="JCLAES-PC" duration="00:00:00.0048571" startTime="2011-11-02T07:56:58.5809655+01:00" endTime="2011-11-02T07:56:58.5965655+01:00" testType="13cdc9d9-ddb5-4fa4-a97d-d965ccfc6d4b" outcome="Passed" testListId="8c84fa94-04c1-424b-9868-57a2d4851a1d" relativeResultsDirectory="84403a0d-5f75-43bc-9bf2-8f9043ec14db">
    </UnitTestResult>
    <UnitTestResult executionId="100ba952-14ac-4cb4-b02f-a6437ba8409d" testId="ef9f3eeb-9539-8b11-4361-9b2d1646ca12" testName="Test_ExtractEntry_Extracts_Meta" computerName="JCLAES-PC" duration="00:00:00.0003727" startTime="2011-11-02T07:56:58.5965655+01:00" endTime="2011-11-02T07:56:58.5965655+01:00" testType="13cdc9d9-ddb5-4fa4-a97d-d965ccfc6d4b" outcome="Passed" testListId="8c84fa94-04c1-424b-9868-57a2d4851a1d" relativeResultsDirectory="100ba952-14ac-4cb4-b02f-a6437ba8409d">
    </UnitTestResult>
  </Results>
</TestRun>