<?xml version="1.0" encoding="UTF-8"?>
<TestRun id="611823bb-8b6a-41c9-9c3e-6aecab4fc957" name="JClaes@JCLAES-PC 2011-11-13 16:58:30" runUser="JClaes-PC\JClaes" xmlns="http://microsoft.com/schemas/VisualStudio/TeamTest/2010">
  <TestSettings name="Local" id="ab47060e-8f44-4890-bca8-a8d97dbd8c88">
    <Description>These are default test settings for a local test run.</Description>
    <Deployment enabled="false" runDeploymentRoot="JClaes_JCLAES-PC 2011-11-13 16_58_30">
      <DeploymentItem filename="C:\Users\JClaes\Docary\Docary\packages\Moq.4.0.10827\lib\NET40\Moq.dll" />
      <DeploymentItem filename="C:\Users\JClaes\Docary\Docary\Docary.Assemblers\Lib\AutoMapper.dll" />
      <DeploymentItem filename="C:\Users\JClaes\Docary\Docary\Docary.Assemblers\bin\Debug\Docary.ViewModelAssemblers.dll" />
      <DeploymentItem filename="C:\Users\JClaes\Docary\Docary\Docary.Models\bin\Debug\Docary.Models.dll" />
      <DeploymentItem filename="C:\Users\JClaes\Docary\Docary\Docary.ViewModels\bin\Debug\Docary.ViewModels.dll" />
      <DeploymentItem filename="C:\Users\JClaes\Docary\Docary\Docary.Services\Lib\EntityFramework.dll" />
      <DeploymentItem filename="C:\Users\JClaes\Docary\Docary\Docary.Repositories\bin\Debug\Docary.Repositories.dll" />
      <DeploymentItem filename="C:\Users\JClaes\Docary\Docary\Docary.Services\bin\Debug\Docary.Services.dll" />
      <DeploymentItem filename="C:\Users\JClaes\Docary\Docary\Docary.Repositories.EF\bin\Debug\Docary.Repositories.EF.dll" />
      <DeploymentItem filename="C:\Users\JClaes\Docary\Docary\Docary.ViewModelExtractors\bin\Debug\Docary.ViewModelExtractors.dll" />
    </Deployment>
    <Execution>
      <TestTypeSpecific />
      <AgentRule name="Execution Agents">
      </AgentRule>
    </Execution>
  </TestSettings>
  <Times creation="2011-11-13T16:58:30.0815354+01:00" queuing="2011-11-13T16:58:30.7211365+01:00" start="2011-11-13T16:58:30.7991367+01:00" finish="2011-11-13T16:58:32.9363404+01:00" />
  <ResultSummary outcome="Failed">
    <Counters total="13" executed="13" passed="12" error="0" failed="1" timeout="0" aborted="0" inconclusive="0" passedButRunAborted="0" notRunnable="0" notExecuted="0" disconnected="0" warning="0" completed="0" inProgress="0" pending="0" />
  </ResultSummary>
  <TestDefinitions>
    <UnitTest name="Test_AddEntry_Throws_ArgumentNullException_On_Null_EmptyUserId" storage="c:\users\jclaes\docary\docary\docary.services.tests\bin\debug\docary.services.tests.dll" id="3b4c1e1a-1a68-d2e2-805b-95eac4c6403f">
      <Execution id="e5704190-4a52-4026-ba48-2cf7172766e6" />
      <TestMethod codeBase="C:/Users/JClaes/Docary/Docary/Docary.Services.Tests/bin/Debug/Docary.Services.Tests.DLL" adapterTypeName="Microsoft.VisualStudio.TestTools.TestTypes.Unit.UnitTestAdapter, Microsoft.VisualStudio.QualityTools.Tips.UnitTest.Adapter, Version=10.0.0.0, Culture=neutral, PublicKeyToken=b03f5f7f11d50a3a" className="Docary.Services.Tests.EntryServiceTest, Docary.Services.Tests, Version=1.0.0.0, Culture=neutral, PublicKeyToken=null" name="Test_AddEntry_Throws_ArgumentNullException_On_Null_EmptyUserId" />
    </UnitTest>
    <UnitTest name="Test_AddEntry_Updates_Previous_Entry_Stopped_On_Property_To_Now" storage="c:\users\jclaes\docary\docary\docary.services.tests\bin\debug\docary.services.tests.dll" id="1fdf0826-5b2d-6979-88de-1c6187a40be0">
      <Execution id="e386097a-1900-4275-b4de-c6714a9ad78a" />
      <TestMethod codeBase="C:/Users/JClaes/Docary/Docary/Docary.Services.Tests/bin/Debug/Docary.Services.Tests.DLL" adapterTypeName="Microsoft.VisualStudio.TestTools.TestTypes.Unit.UnitTestAdapter, Microsoft.VisualStudio.QualityTools.Tips.UnitTest.Adapter, Version=10.0.0.0, Culture=neutral, PublicKeyToken=b03f5f7f11d50a3a" className="Docary.Services.Tests.EntryServiceTest, Docary.Services.Tests, Version=1.0.0.0, Culture=neutral, PublicKeyToken=null" name="Test_AddEntry_Updates_Previous_Entry_Stopped_On_Property_To_Now" />
    </UnitTest>
    <UnitTest name="Test_AssembleHomeIndexViewModel_Initializes_EntryGroups" storage="c:\users\jclaes\docary\docary\docary.viewmodelassemblers.test\bin\debug\docary.viewmodelassemblers.test.dll" id="0f37dd21-a08e-6a1c-b08e-93b764b4cd66">
      <Execution id="644af5eb-3c35-4121-b159-39caef1639df" />
      <TestMethod codeBase="C:/Users/JClaes/Docary/Docary/Docary.ViewModelAssemblers.Test/bin/Debug/Docary.ViewModelAssemblers.Test.DLL" adapterTypeName="Microsoft.VisualStudio.TestTools.TestTypes.Unit.UnitTestAdapter, Microsoft.VisualStudio.QualityTools.Tips.UnitTest.Adapter, Version=10.0.0.0, Culture=neutral, PublicKeyToken=b03f5f7f11d50a3a" className="Docary.ViewModelAssemblers.Test.HomeAssemblerTest, Docary.ViewModelAssemblers.Test, Version=1.0.0.0, Culture=neutral, PublicKeyToken=null" name="Test_AssembleHomeIndexViewModel_Initializes_EntryGroups" />
    </UnitTest>
    <UnitTest name="Test_AddEntry_Adds_Unresolvable_Location" storage="c:\users\jclaes\docary\docary\docary.services.tests\bin\debug\docary.services.tests.dll" id="161f4b91-fe45-47ff-abcf-55ba35a04867">
      <Execution id="84be6613-7d12-4722-a74a-9cac89cb3eb4" />
      <TestMethod codeBase="C:/Users/JClaes/Docary/Docary/Docary.Services.Tests/bin/Debug/Docary.Services.Tests.DLL" adapterTypeName="Microsoft.VisualStudio.TestTools.TestTypes.Unit.UnitTestAdapter, Microsoft.VisualStudio.QualityTools.Tips.UnitTest.Adapter, Version=10.0.0.0, Culture=neutral, PublicKeyToken=b03f5f7f11d50a3a" className="Docary.Services.Tests.EntryServiceTest, Docary.Services.Tests, Version=1.0.0.0, Culture=neutral, PublicKeyToken=null" name="Test_AddEntry_Adds_Unresolvable_Location" />
    </UnitTest>
    <UnitTest name="Test_ExtractEntry_Extracts_Location" storage="c:\users\jclaes\docary\docary\docary.viewmodelextractors.tests\bin\debug\docary.viewmodelextractors.tests.dll" id="299c8b34-16fd-2ab6-8232-65326c4dddc3">
      <Execution id="4ea2eb5b-1263-4de1-9098-5d2878a2d4c6" />
      <TestMethod codeBase="C:/Users/JClaes/Docary/Docary/Docary.ViewModelExtractors.Tests/bin/Debug/Docary.ViewModelExtractors.Tests.DLL" adapterTypeName="Microsoft.VisualStudio.TestTools.TestTypes.Unit.UnitTestAdapter, Microsoft.VisualStudio.QualityTools.Tips.UnitTest.Adapter, Version=10.0.0.0, Culture=neutral, PublicKeyToken=b03f5f7f11d50a3a" className="Docary.ViewModelExtractors.Tests.AddEntryViewModelExtractorsTest, Docary.ViewModelExtractors.Tests, Version=1.0.0.0, Culture=neutral, PublicKeyToken=null" name="Test_ExtractEntry_Extracts_Location" />
    </UnitTest>
    <UnitTest name="Test_ExtractEntry_Extracts_Tag" storage="c:\users\jclaes\docary\docary\docary.viewmodelextractors.tests\bin\debug\docary.viewmodelextractors.tests.dll" id="3dbddf46-2b59-4a21-40ca-947f358b6c90">
      <Execution id="893adcdd-ed55-4977-96e5-b6e09a877949" />
      <TestMethod codeBase="C:/Users/JClaes/Docary/Docary/Docary.ViewModelExtractors.Tests/bin/Debug/Docary.ViewModelExtractors.Tests.DLL" adapterTypeName="Microsoft.VisualStudio.TestTools.TestTypes.Unit.UnitTestAdapter, Microsoft.VisualStudio.QualityTools.Tips.UnitTest.Adapter, Version=10.0.0.0, Culture=neutral, PublicKeyToken=b03f5f7f11d50a3a" className="Docary.ViewModelExtractors.Tests.AddEntryViewModelExtractorsTest, Docary.ViewModelExtractors.Tests, Version=1.0.0.0, Culture=neutral, PublicKeyToken=null" name="Test_ExtractEntry_Extracts_Tag" />
    </UnitTest>
    <UnitTest name="Test_AssembleHomeIndexViewModel_Groups_Entries_Correctly" storage="c:\users\jclaes\docary\docary\docary.viewmodelassemblers.test\bin\debug\docary.viewmodelassemblers.test.dll" id="0f52385b-e7ce-f320-44fa-d461cb1ee385">
      <Execution id="bd2a69fb-44e0-4464-a874-318ea9847379" />
      <TestMethod codeBase="C:/Users/JClaes/Docary/Docary/Docary.ViewModelAssemblers.Test/bin/Debug/Docary.ViewModelAssemblers.Test.DLL" adapterTypeName="Microsoft.VisualStudio.TestTools.TestTypes.Unit.UnitTestAdapter, Microsoft.VisualStudio.QualityTools.Tips.UnitTest.Adapter, Version=10.0.0.0, Culture=neutral, PublicKeyToken=b03f5f7f11d50a3a" className="Docary.ViewModelAssemblers.Test.HomeAssemblerTest, Docary.ViewModelAssemblers.Test, Version=1.0.0.0, Culture=neutral, PublicKeyToken=null" name="Test_AssembleHomeIndexViewModel_Groups_Entries_Correctly" />
    </UnitTest>
    <UnitTest name="Test_ExtractEntry_Extracts_Meta" storage="c:\users\jclaes\docary\docary\docary.viewmodelextractors.tests\bin\debug\docary.viewmodelextractors.tests.dll" id="ef9f3eeb-9539-8b11-4361-9b2d1646ca12">
      <Execution id="45253f8c-98d7-454d-a7be-44e8be7bd7f2" />
      <TestMethod codeBase="C:/Users/JClaes/Docary/Docary/Docary.ViewModelExtractors.Tests/bin/Debug/Docary.ViewModelExtractors.Tests.DLL" adapterTypeName="Microsoft.VisualStudio.TestTools.TestTypes.Unit.UnitTestAdapter, Microsoft.VisualStudio.QualityTools.Tips.UnitTest.Adapter, Version=10.0.0.0, Culture=neutral, PublicKeyToken=b03f5f7f11d50a3a" className="Docary.ViewModelExtractors.Tests.AddEntryViewModelExtractorsTest, Docary.ViewModelExtractors.Tests, Version=1.0.0.0, Culture=neutral, PublicKeyToken=null" name="Test_ExtractEntry_Extracts_Meta" />
    </UnitTest>
    <UnitTest name="Test_AddEntry_Throws_ArgumentNullException_On_Null_Entry" storage="c:\users\jclaes\docary\docary\docary.services.tests\bin\debug\docary.services.tests.dll" id="af0d5136-9541-2efb-9ac2-5bd70ce52a5a">
      <Execution id="20d2f5e8-b933-41a2-8ac3-6fc12bd954a7" />
      <TestMethod codeBase="C:/Users/JClaes/Docary/Docary/Docary.Services.Tests/bin/Debug/Docary.Services.Tests.DLL" adapterTypeName="Microsoft.VisualStudio.TestTools.TestTypes.Unit.UnitTestAdapter, Microsoft.VisualStudio.QualityTools.Tips.UnitTest.Adapter, Version=10.0.0.0, Culture=neutral, PublicKeyToken=b03f5f7f11d50a3a" className="Docary.Services.Tests.EntryServiceTest, Docary.Services.Tests, Version=1.0.0.0, Culture=neutral, PublicKeyToken=null" name="Test_AddEntry_Throws_ArgumentNullException_On_Null_Entry" />
    </UnitTest>
    <UnitTest name="Test_AddEntry_Adds_Unresolvable_EntryTag" storage="c:\users\jclaes\docary\docary\docary.services.tests\bin\debug\docary.services.tests.dll" id="eaef3a85-26fa-4f22-a071-c94e9181466c">
      <Execution id="47d5bfa3-b177-4a1e-8ed5-2aee174b910b" />
      <TestMethod codeBase="C:/Users/JClaes/Docary/Docary/Docary.Services.Tests/bin/Debug/Docary.Services.Tests.DLL" adapterTypeName="Microsoft.VisualStudio.TestTools.TestTypes.Unit.UnitTestAdapter, Microsoft.VisualStudio.QualityTools.Tips.UnitTest.Adapter, Version=10.0.0.0, Culture=neutral, PublicKeyToken=b03f5f7f11d50a3a" className="Docary.Services.Tests.EntryServiceTest, Docary.Services.Tests, Version=1.0.0.0, Culture=neutral, PublicKeyToken=null" name="Test_AddEntry_Adds_Unresolvable_EntryTag" />
    </UnitTest>
    <UnitTest name="Test_AddEntry_Does_Not_Add_Existing_Tag" storage="c:\users\jclaes\docary\docary\docary.services.tests\bin\debug\docary.services.tests.dll" id="ba5630ea-9a35-7dab-e12d-63ab2321ee3f">
      <Execution id="288e850a-737f-4807-b4ea-1da229984828" />
      <TestMethod codeBase="C:/Users/JClaes/Docary/Docary/Docary.Services.Tests/bin/Debug/Docary.Services.Tests.DLL" adapterTypeName="Microsoft.VisualStudio.TestTools.TestTypes.Unit.UnitTestAdapter, Microsoft.VisualStudio.QualityTools.Tips.UnitTest.Adapter, Version=10.0.0.0, Culture=neutral, PublicKeyToken=b03f5f7f11d50a3a" className="Docary.Services.Tests.EntryServiceTest, Docary.Services.Tests, Version=1.0.0.0, Culture=neutral, PublicKeyToken=null" name="Test_AddEntry_Does_Not_Add_Existing_Tag" />
    </UnitTest>
    <UnitTest name="Test_AddEntry_Adds_Entry" storage="c:\users\jclaes\docary\docary\docary.services.tests\bin\debug\docary.services.tests.dll" id="773cd6e9-1ab5-b84a-f48b-c322dcf90002">
      <Execution id="0fc641a0-0eb8-41aa-8fcd-bd1738d4613d" />
      <TestMethod codeBase="C:/Users/JClaes/Docary/Docary/Docary.Services.Tests/bin/Debug/Docary.Services.Tests.DLL" adapterTypeName="Microsoft.VisualStudio.TestTools.TestTypes.Unit.UnitTestAdapter, Microsoft.VisualStudio.QualityTools.Tips.UnitTest.Adapter, Version=10.0.0.0, Culture=neutral, PublicKeyToken=b03f5f7f11d50a3a" className="Docary.Services.Tests.EntryServiceTest, Docary.Services.Tests, Version=1.0.0.0, Culture=neutral, PublicKeyToken=null" name="Test_AddEntry_Adds_Entry" />
    </UnitTest>
    <UnitTest name="Test_AddEntry_Does_Not_Add_Existing_Location" storage="c:\users\jclaes\docary\docary\docary.services.tests\bin\debug\docary.services.tests.dll" id="4f86ace9-41ca-9ca2-027b-120fede948da">
      <Execution id="e19ab8e7-8d9f-48d3-9f89-28e4289f2a82" />
      <TestMethod codeBase="C:/Users/JClaes/Docary/Docary/Docary.Services.Tests/bin/Debug/Docary.Services.Tests.DLL" adapterTypeName="Microsoft.VisualStudio.TestTools.TestTypes.Unit.UnitTestAdapter, Microsoft.VisualStudio.QualityTools.Tips.UnitTest.Adapter, Version=10.0.0.0, Culture=neutral, PublicKeyToken=b03f5f7f11d50a3a" className="Docary.Services.Tests.EntryServiceTest, Docary.Services.Tests, Version=1.0.0.0, Culture=neutral, PublicKeyToken=null" name="Test_AddEntry_Does_Not_Add_Existing_Location" />
    </UnitTest>
  </TestDefinitions>
  <TestLists>
    <TestList name="Results Not in a List" id="8c84fa94-04c1-424b-9868-57a2d4851a1d" />
    <TestList name="All Loaded Results" id="19431567-8539-422a-85d7-44ee4e166bda" />
  </TestLists>
  <TestEntries>
    <TestEntry testId="0f37dd21-a08e-6a1c-b08e-93b764b4cd66" executionId="644af5eb-3c35-4121-b159-39caef1639df" testListId="8c84fa94-04c1-424b-9868-57a2d4851a1d" />
    <TestEntry testId="0f52385b-e7ce-f320-44fa-d461cb1ee385" executionId="bd2a69fb-44e0-4464-a874-318ea9847379" testListId="8c84fa94-04c1-424b-9868-57a2d4851a1d" />
    <TestEntry testId="161f4b91-fe45-47ff-abcf-55ba35a04867" executionId="84be6613-7d12-4722-a74a-9cac89cb3eb4" testListId="8c84fa94-04c1-424b-9868-57a2d4851a1d" />
    <TestEntry testId="1fdf0826-5b2d-6979-88de-1c6187a40be0" executionId="e386097a-1900-4275-b4de-c6714a9ad78a" testListId="8c84fa94-04c1-424b-9868-57a2d4851a1d" />
    <TestEntry testId="299c8b34-16fd-2ab6-8232-65326c4dddc3" executionId="4ea2eb5b-1263-4de1-9098-5d2878a2d4c6" testListId="8c84fa94-04c1-424b-9868-57a2d4851a1d" />
    <TestEntry testId="3b4c1e1a-1a68-d2e2-805b-95eac4c6403f" executionId="e5704190-4a52-4026-ba48-2cf7172766e6" testListId="8c84fa94-04c1-424b-9868-57a2d4851a1d" />
    <TestEntry testId="3dbddf46-2b59-4a21-40ca-947f358b6c90" executionId="893adcdd-ed55-4977-96e5-b6e09a877949" testListId="8c84fa94-04c1-424b-9868-57a2d4851a1d" />
    <TestEntry testId="4f86ace9-41ca-9ca2-027b-120fede948da" executionId="e19ab8e7-8d9f-48d3-9f89-28e4289f2a82" testListId="8c84fa94-04c1-424b-9868-57a2d4851a1d" />
    <TestEntry testId="773cd6e9-1ab5-b84a-f48b-c322dcf90002" executionId="0fc641a0-0eb8-41aa-8fcd-bd1738d4613d" testListId="8c84fa94-04c1-424b-9868-57a2d4851a1d" />
    <TestEntry testId="af0d5136-9541-2efb-9ac2-5bd70ce52a5a" executionId="20d2f5e8-b933-41a2-8ac3-6fc12bd954a7" testListId="8c84fa94-04c1-424b-9868-57a2d4851a1d" />
    <TestEntry testId="ba5630ea-9a35-7dab-e12d-63ab2321ee3f" executionId="288e850a-737f-4807-b4ea-1da229984828" testListId="8c84fa94-04c1-424b-9868-57a2d4851a1d" />
    <TestEntry testId="eaef3a85-26fa-4f22-a071-c94e9181466c" executionId="47d5bfa3-b177-4a1e-8ed5-2aee174b910b" testListId="8c84fa94-04c1-424b-9868-57a2d4851a1d" />
    <TestEntry testId="ef9f3eeb-9539-8b11-4361-9b2d1646ca12" executionId="45253f8c-98d7-454d-a7be-44e8be7bd7f2" testListId="8c84fa94-04c1-424b-9868-57a2d4851a1d" />
  </TestEntries>
  <Results>
    <UnitTestResult executionId="644af5eb-3c35-4121-b159-39caef1639df" testId="0f37dd21-a08e-6a1c-b08e-93b764b4cd66" testName="Test_AssembleHomeIndexViewModel_Initializes_EntryGroups" computerName="JCLAES-PC" duration="00:00:00.4503789" startTime="2011-11-13T16:58:30.8147367+01:00" endTime="2011-11-13T16:58:31.7507383+01:00" testType="13cdc9d9-ddb5-4fa4-a97d-d965ccfc6d4b" outcome="Passed" testListId="8c84fa94-04c1-424b-9868-57a2d4851a1d" relativeResultsDirectory="644af5eb-3c35-4121-b159-39caef1639df">
    </UnitTestResult>
    <UnitTestResult executionId="bd2a69fb-44e0-4464-a874-318ea9847379" testId="0f52385b-e7ce-f320-44fa-d461cb1ee385" testName="Test_AssembleHomeIndexViewModel_Groups_Entries_Correctly" computerName="JCLAES-PC" duration="00:00:00.0563917" startTime="2011-11-13T16:58:31.7507383+01:00" endTime="2011-11-13T16:58:31.8131384+01:00" testType="13cdc9d9-ddb5-4fa4-a97d-d965ccfc6d4b" outcome="Failed" testListId="8c84fa94-04c1-424b-9868-57a2d4851a1d" relativeResultsDirectory="bd2a69fb-44e0-4464-a874-318ea9847379">
      <Output>
        <ErrorInfo>
          <Message>Assert.AreEqual failed. Expected:&lt;1&gt;. Actual:&lt;2&gt;. </Message>
          <StackTrace>   at Docary.ViewModelAssemblers.Test.HomeAssemblerTest.Test_AssembleHomeIndexViewModel_Groups_Entries_Correctly() in C:\Users\JClaes\Docary\Docary\Docary.ViewModelAssemblers.Test\HomeAssemblerTest.cs:line 36
</StackTrace>
        </ErrorInfo>
      </Output>
    </UnitTestResult>
    <UnitTestResult executionId="84be6613-7d12-4722-a74a-9cac89cb3eb4" testId="161f4b91-fe45-47ff-abcf-55ba35a04867" testName="Test_AddEntry_Adds_Unresolvable_Location" computerName="JCLAES-PC" duration="00:00:00.0594752" startTime="2011-11-13T16:58:31.8131384+01:00" endTime="2011-11-13T16:58:32.2967393+01:00" testType="13cdc9d9-ddb5-4fa4-a97d-d965ccfc6d4b" outcome="Passed" testListId="8c84fa94-04c1-424b-9868-57a2d4851a1d" relativeResultsDirectory="84be6613-7d12-4722-a74a-9cac89cb3eb4">
    </UnitTestResult>
    <UnitTestResult executionId="e386097a-1900-4275-b4de-c6714a9ad78a" testId="1fdf0826-5b2d-6979-88de-1c6187a40be0" testName="Test_AddEntry_Updates_Previous_Entry_Stopped_On_Property_To_Now" computerName="JCLAES-PC" duration="00:00:00.0080185" startTime="2011-11-13T16:58:32.2967393+01:00" endTime="2011-11-13T16:58:32.3123393+01:00" testType="13cdc9d9-ddb5-4fa4-a97d-d965ccfc6d4b" outcome="Passed" testListId="8c84fa94-04c1-424b-9868-57a2d4851a1d" relativeResultsDirectory="e386097a-1900-4275-b4de-c6714a9ad78a">
    </UnitTestResult>
    <UnitTestResult executionId="4ea2eb5b-1263-4de1-9098-5d2878a2d4c6" testId="299c8b34-16fd-2ab6-8232-65326c4dddc3" testName="Test_ExtractEntry_Extracts_Location" computerName="JCLAES-PC" duration="00:00:00.0423730" startTime="2011-11-13T16:58:32.3123393+01:00" endTime="2011-11-13T16:58:32.7647401+01:00" testType="13cdc9d9-ddb5-4fa4-a97d-d965ccfc6d4b" outcome="Passed" testListId="8c84fa94-04c1-424b-9868-57a2d4851a1d" relativeResultsDirectory="4ea2eb5b-1263-4de1-9098-5d2878a2d4c6">
    </UnitTestResult>
    <UnitTestResult executionId="e5704190-4a52-4026-ba48-2cf7172766e6" testId="3b4c1e1a-1a68-d2e2-805b-95eac4c6403f" testName="Test_AddEntry_Throws_ArgumentNullException_On_Null_EmptyUserId" computerName="JCLAES-PC" duration="00:00:00.0090983" startTime="2011-11-13T16:58:32.7647401+01:00" endTime="2011-11-13T16:58:32.7803401+01:00" testType="13cdc9d9-ddb5-4fa4-a97d-d965ccfc6d4b" outcome="Passed" testListId="8c84fa94-04c1-424b-9868-57a2d4851a1d" relativeResultsDirectory="e5704190-4a52-4026-ba48-2cf7172766e6">
    </UnitTestResult>
    <UnitTestResult executionId="893adcdd-ed55-4977-96e5-b6e09a877949" testId="3dbddf46-2b59-4a21-40ca-947f358b6c90" testName="Test_ExtractEntry_Extracts_Tag" computerName="JCLAES-PC" duration="00:00:00.0005921" startTime="2011-11-13T16:58:32.7803401+01:00" endTime="2011-11-13T16:58:32.7959402+01:00" testType="13cdc9d9-ddb5-4fa4-a97d-d965ccfc6d4b" outcome="Passed" testListId="8c84fa94-04c1-424b-9868-57a2d4851a1d" relativeResultsDirectory="893adcdd-ed55-4977-96e5-b6e09a877949">
    </UnitTestResult>
    <UnitTestResult executionId="e19ab8e7-8d9f-48d3-9f89-28e4289f2a82" testId="4f86ace9-41ca-9ca2-027b-120fede948da" testName="Test_AddEntry_Does_Not_Add_Existing_Location" computerName="JCLAES-PC" duration="00:00:00.0068380" startTime="2011-11-13T16:58:32.7959402+01:00" endTime="2011-11-13T16:58:32.7959402+01:00" testType="13cdc9d9-ddb5-4fa4-a97d-d965ccfc6d4b" outcome="Passed" testListId="8c84fa94-04c1-424b-9868-57a2d4851a1d" relativeResultsDirectory="e19ab8e7-8d9f-48d3-9f89-28e4289f2a82">
    </UnitTestResult>
    <UnitTestResult executionId="0fc641a0-0eb8-41aa-8fcd-bd1738d4613d" testId="773cd6e9-1ab5-b84a-f48b-c322dcf90002" testName="Test_AddEntry_Adds_Entry" computerName="JCLAES-PC" duration="00:00:00.0064691" startTime="2011-11-13T16:58:32.8115402+01:00" endTime="2011-11-13T16:58:32.8115402+01:00" testType="13cdc9d9-ddb5-4fa4-a97d-d965ccfc6d4b" outcome="Passed" testListId="8c84fa94-04c1-424b-9868-57a2d4851a1d" relativeResultsDirectory="0fc641a0-0eb8-41aa-8fcd-bd1738d4613d">
    </UnitTestResult>
    <UnitTestResult executionId="20d2f5e8-b933-41a2-8ac3-6fc12bd954a7" testId="af0d5136-9541-2efb-9ac2-5bd70ce52a5a" testName="Test_AddEntry_Throws_ArgumentNullException_On_Null_Entry" computerName="JCLAES-PC" duration="00:00:00.0037507" startTime="2011-11-13T16:58:32.8115402+01:00" endTime="2011-11-13T16:58:32.8271402+01:00" testType="13cdc9d9-ddb5-4fa4-a97d-d965ccfc6d4b" outcome="Passed" testListId="8c84fa94-04c1-424b-9868-57a2d4851a1d" relativeResultsDirectory="20d2f5e8-b933-41a2-8ac3-6fc12bd954a7">
    </UnitTestResult>
    <UnitTestResult executionId="288e850a-737f-4807-b4ea-1da229984828" testId="ba5630ea-9a35-7dab-e12d-63ab2321ee3f" testName="Test_AddEntry_Does_Not_Add_Existing_Tag" computerName="JCLAES-PC" duration="00:00:00.0067546" startTime="2011-11-13T16:58:32.8271402+01:00" endTime="2011-11-13T16:58:32.8427403+01:00" testType="13cdc9d9-ddb5-4fa4-a97d-d965ccfc6d4b" outcome="Passed" testListId="8c84fa94-04c1-424b-9868-57a2d4851a1d" relativeResultsDirectory="288e850a-737f-4807-b4ea-1da229984828">
    </UnitTestResult>
    <UnitTestResult executionId="47d5bfa3-b177-4a1e-8ed5-2aee174b910b" testId="eaef3a85-26fa-4f22-a071-c94e9181466c" testName="Test_AddEntry_Adds_Unresolvable_EntryTag" computerName="JCLAES-PC" duration="00:00:00.0067264" startTime="2011-11-13T16:58:32.8427403+01:00" endTime="2011-11-13T16:58:32.8583403+01:00" testType="13cdc9d9-ddb5-4fa4-a97d-d965ccfc6d4b" outcome="Passed" testListId="8c84fa94-04c1-424b-9868-57a2d4851a1d" relativeResultsDirectory="47d5bfa3-b177-4a1e-8ed5-2aee174b910b">
    </UnitTestResult>
    <UnitTestResult executionId="45253f8c-98d7-454d-a7be-44e8be7bd7f2" testId="ef9f3eeb-9539-8b11-4361-9b2d1646ca12" testName="Test_ExtractEntry_Extracts_Meta" computerName="JCLAES-PC" duration="00:00:00.0005293" startTime="2011-11-13T16:58:32.8583403+01:00" endTime="2011-11-13T16:58:32.8583403+01:00" testType="13cdc9d9-ddb5-4fa4-a97d-d965ccfc6d4b" outcome="Passed" testListId="8c84fa94-04c1-424b-9868-57a2d4851a1d" relativeResultsDirectory="45253f8c-98d7-454d-a7be-44e8be7bd7f2">
    </UnitTestResult>
  </Results>
</TestRun>